<?xml version="1.0" encoding="UTF-8"?>
<testsuites name="GenericSTI_DifferentCardType" time="368.787" tests="1" failures="1" errors="0">
   <testsuite name="GenericSTI_DifferentCardType" tests="1" failures="1" errors="0" time="368.787" timestamp="2020-02-05 17:46:01" hostname="admin - SYS8" id="Test Suites/Certpay_TestSuite/GenericSTI_DifferentCardType">
      <properties>
         <property name="deviceName" value=""/>
         <property name="devicePlatform" value=""/>
         <property name="logFolder" value="D:\\CertpayGeneric\\Reports\\20200205_174541\\Certpay_TestSuite\\GenericSTI_DifferentCardType\\20200205_174541"/>
         <property name="logFiles" value="D:\\CertpayGeneric\\Reports\\20200205_174541\\Certpay_TestSuite\\GenericSTI_DifferentCardType\\20200205_174541\\execution0.log"/>
         <property name="attachments" value="D:\\CertpayGeneric\\Reports\\20200205_174541\\Certpay_TestSuite\\GenericSTI_DifferentCardType\\20200205_174541\\1580905328403.png"/>
         <property name="hostName" value="admin - SYS8"/>
         <property name="os" value="Windows 10 32bit"/>
         <property name="katalonVersion" value="7.1.2.1"/>
         <property name="browser" value="Chrome 79.0.3945.130"/>
         <property name="hostAddress" value="172.31.252.142"/>
         <property name="sessionId" value="e5f6e05ad45dcc885ac6d27ae59cf53c"/>
         <property name="seleniumVersion" value="3.141.59"/>
         <property name="proxyInformation" value="ProxyInformation{proxyOption=NO_PROXY, proxyServerType=HTTP, password=, proxyServerAddress=, proxyServerPort=0, executionList=}"/>
         <property name="platform" value="Windows 10"/>
      </properties>
      <testcase name="Test Cases/Certpay_GenericSTI/TC_001_SingleLinePayments" time="367.571" classname="Test Cases/Certpay_GenericSTI/TC_001_SingleLinePayments" status="FAILED">
         <failure type="FAILED" message="Test Cases/Certpay_GenericSTI/TC_001_SingleLinePayments FAILED.
Reason:
com.kms.katalon.core.exception.StepFailedException: Unable to set text 'Bank of America' of object 'Object Repository/CERTPAY_GENERICSTI/Payment_Information_Page/BANK_NAME'
	at com.kms.katalon.core.webui.keyword.internal.WebUIKeywordMain.stepFailed(WebUIKeywordMain.groovy:64)
	at com.kms.katalon.core.webui.keyword.internal.WebUIKeywordMain.runKeyword(WebUIKeywordMain.groovy:26)
	at com.kms.katalon.core.webui.keyword.builtin.SetTextKeyword.setText(SetTextKeyword.groovy:66)
	at com.kms.katalon.core.webui.keyword.builtin.SetTextKeyword.execute(SetTextKeyword.groovy:37)
	at com.kms.katalon.core.keyword.internal.KeywordExecutor.executeKeywordForPlatform(KeywordExecutor.groovy:72)
	at com.kms.katalon.core.webui.keyword.WebUiBuiltInKeywords.setText(WebUiBuiltInKeywords.groovy:950)
	at com.kms.katalon.core.webui.keyword.WebUiBuiltInKeywords$setText$4.call(Unknown Source)
	at utilities.SafeActions.safeType(SafeActions.groovy:114)
	at utilities.SafeActions.invokeMethod(SafeActions.groovy)
	at com.kms.katalon.core.main.CustomKeywordDelegatingMetaClass.invokeStaticMethod(CustomKeywordDelegatingMetaClass.java:50)
	at TC_001_SingleLinePayments.run(TC_001_SingleLinePayments:128)
	at com.kms.katalon.core.main.ScriptEngine.run(ScriptEngine.java:194)
	at com.kms.katalon.core.main.ScriptEngine.runScriptAsRawText(ScriptEngine.java:119)
	at com.kms.katalon.core.main.TestCaseExecutor.runScript(TestCaseExecutor.java:337)
	at com.kms.katalon.core.main.TestCaseExecutor.doExecute(TestCaseExecutor.java:328)
	at com.kms.katalon.core.main.TestCaseExecutor.processExecutionPhase(TestCaseExecutor.java:307)
	at com.kms.katalon.core.main.TestCaseExecutor.accessMainPhase(TestCaseExecutor.java:299)
	at com.kms.katalon.core.main.TestCaseExecutor.execute(TestCaseExecutor.java:233)
	at com.kms.katalon.core.main.TestSuiteExecutor.accessTestCaseMainPhase(TestSuiteExecutor.java:169)
	at com.kms.katalon.core.main.TestSuiteExecutor.accessTestSuiteMainPhase(TestSuiteExecutor.java:142)
	at com.kms.katalon.core.main.TestSuiteExecutor.execute(TestSuiteExecutor.java:91)
	at com.kms.katalon.core.main.TestCaseMain.startTestSuite(TestCaseMain.java:157)
	at com.kms.katalon.core.main.TestCaseMain$startTestSuite$0.call(Unknown Source)
	at TempTestSuite1580904942000.run(TempTestSuite1580904942000.groovy:36)
Caused by: org.openqa.selenium.InvalidElementStateException: invalid element state: Element must be user-editable in order to clear it.
  (Session info: chrome=79.0.3945.130)
Build info: version: '3.141.59', revision: 'e82be7d358', time: '2018-11-14T08:25:53'
System info: host: 'SYS8', ip: '172.31.252.142', os.name: 'Windows 10', os.arch: 'x86', os.version: '10.0', java.version: '1.8.0_181'
Driver info: com.kms.katalon.selenium.driver.CChromeDriver
Capabilities {acceptInsecureCerts: false, browserName: chrome, browserVersion: 79.0.3945.130, chrome: {chromedriverVersion: 78.0.3904.105 (60e2d8774a81..., userDataDir: C:\Users\admin\AppData\Loca...}, goog:chromeOptions: {debuggerAddress: localhost:62004}, javascriptEnabled: true, networkConnectionEnabled: false, pageLoadStrategy: normal, platform: XP, platformName: XP, proxy: Proxy(), setWindowRect: true, strictFileInteractability: false, timeouts: {implicit: 0, pageLoad: 300000, script: 30000}, unhandledPromptBehavior: dismiss and notify}
Session ID: e5f6e05ad45dcc885ac6d27ae59cf53c
	at org.openqa.selenium.remote.http.W3CHttpResponseCodec.createException(W3CHttpResponseCodec.java:187)
	at org.openqa.selenium.remote.http.W3CHttpResponseCodec.decode(W3CHttpResponseCodec.java:122)
	at org.openqa.selenium.remote.http.W3CHttpResponseCodec.decode(W3CHttpResponseCodec.java:49)
	at org.openqa.selenium.remote.HttpCommandExecutor.execute(HttpCommandExecutor.java:158)
	at org.openqa.selenium.remote.service.DriverCommandExecutor.execute(DriverCommandExecutor.java:83)
	at org.openqa.selenium.remote.RemoteWebDriver.execute(RemoteWebDriver.java:552)
	at com.kms.katalon.selenium.driver.CChromeDriver.execute(CChromeDriver.java:19)
	at org.openqa.selenium.remote.RemoteWebElement.execute(RemoteWebElement.java:285)
	at org.openqa.selenium.remote.RemoteWebElement.clear(RemoteWebElement.java:124)
	at org.openqa.selenium.support.events.EventFiringWebDriver$EventFiringWebElement.lambda$new$0(EventFiringWebDriver.java:404)
	at com.sun.proxy.$Proxy10.clear(Unknown Source)
	at org.openqa.selenium.support.events.EventFiringWebDriver$EventFiringWebElement.clear(EventFiringWebDriver.java:436)
	at com.kms.katalon.core.webui.keyword.builtin.SetTextKeyword$_setText_closure1.doCall(SetTextKeyword.groovy:53)
	at com.kms.katalon.core.webui.keyword.builtin.SetTextKeyword$_setText_closure1.call(SetTextKeyword.groovy)
	at com.kms.katalon.core.webui.keyword.internal.WebUIKeywordMain.runKeyword(WebUIKeywordMain.groovy:20)
	... 22 more
"/>
         <system-out><![CDATA[2020-02-05 17:46:01 - [TEST_CASE][FAILED] - Test Cases/Certpay_GenericSTI/TC_001_SingleLinePayments: Test Cases/Certpay_GenericSTI/TC_001_SingleLinePayments FAILED.
Reason:
com.kms.katalon.core.exception.StepFailedException: Unable to set text 'Bank of America' of object 'Object Repository/CERTPAY_GENERICSTI/Payment_Information_Page/BANK_NAME'
	at com.kms.katalon.core.webui.keyword.internal.WebUIKeywordMain.stepFailed(WebUIKeywordMain.groovy:64)
	at com.kms.katalon.core.webui.keyword.internal.WebUIKeywordMain.runKeyword(WebUIKeywordMain.groovy:26)
	at com.kms.katalon.core.webui.keyword.builtin.SetTextKeyword.setText(SetTextKeyword.groovy:66)
	at com.kms.katalon.core.webui.keyword.builtin.SetTextKeyword.execute(SetTextKeyword.groovy:37)
	at com.kms.katalon.core.keyword.internal.KeywordExecutor.executeKeywordForPlatform(KeywordExecutor.groovy:72)
	at com.kms.katalon.core.webui.keyword.WebUiBuiltInKeywords.setText(WebUiBuiltInKeywords.groovy:950)
	at com.kms.katalon.core.webui.keyword.WebUiBuiltInKeywords$setText$4.call(Unknown Source)
	at utilities.SafeActions.safeType(SafeActions.groovy:114)
	at utilities.SafeActions.invokeMethod(SafeActions.groovy)
	at com.kms.katalon.core.main.CustomKeywordDelegatingMetaClass.invokeStaticMethod(CustomKeywordDelegatingMetaClass.java:50)
	at TC_001_SingleLinePayments.run(TC_001_SingleLinePayments:128)
	at com.kms.katalon.core.main.ScriptEngine.run(ScriptEngine.java:194)
	at com.kms.katalon.core.main.ScriptEngine.runScriptAsRawText(ScriptEngine.java:119)
	at com.kms.katalon.core.main.TestCaseExecutor.runScript(TestCaseExecutor.java:337)
	at com.kms.katalon.core.main.TestCaseExecutor.doExecute(TestCaseExecutor.java:328)
	at com.kms.katalon.core.main.TestCaseExecutor.processExecutionPhase(TestCaseExecutor.java:307)
	at com.kms.katalon.core.main.TestCaseExecutor.accessMainPhase(TestCaseExecutor.java:299)
	at com.kms.katalon.core.main.TestCaseExecutor.execute(TestCaseExecutor.java:233)
	at com.kms.katalon.core.main.TestSuiteExecutor.accessTestCaseMainPhase(TestSuiteExecutor.java:169)
	at com.kms.katalon.core.main.TestSuiteExecutor.accessTestSuiteMainPhase(TestSuiteExecutor.java:142)
	at com.kms.katalon.core.main.TestSuiteExecutor.execute(TestSuiteExecutor.java:91)
	at com.kms.katalon.core.main.TestCaseMain.startTestSuite(TestCaseMain.java:157)
	at com.kms.katalon.core.main.TestCaseMain$startTestSuite$0.call(Unknown Source)
	at TempTestSuite1580904942000.run(TempTestSuite1580904942000.groovy:36)
Caused by: org.openqa.selenium.InvalidElementStateException: invalid element state: Element must be user-editable in order to clear it.
  (Session info: chrome=79.0.3945.130)
Build info: version: '3.141.59', revision: 'e82be7d358', time: '2018-11-14T08:25:53'
System info: host: 'SYS8', ip: '172.31.252.142', os.name: 'Windows 10', os.arch: 'x86', os.version: '10.0', java.version: '1.8.0_181'
Driver info: com.kms.katalon.selenium.driver.CChromeDriver
Capabilities {acceptInsecureCerts: false, browserName: chrome, browserVersion: 79.0.3945.130, chrome: {chromedriverVersion: 78.0.3904.105 (60e2d8774a81..., userDataDir: C:\Users\admin\AppData\Loca...}, goog:chromeOptions: {debuggerAddress: localhost:62004}, javascriptEnabled: true, networkConnectionEnabled: false, pageLoadStrategy: normal, platform: XP, platformName: XP, proxy: Proxy(), setWindowRect: true, strictFileInteractability: false, timeouts: {implicit: 0, pageLoad: 300000, script: 30000}, unhandledPromptBehavior: dismiss and notify}
Session ID: e5f6e05ad45dcc885ac6d27ae59cf53c
	at org.openqa.selenium.remote.http.W3CHttpResponseCodec.createException(W3CHttpResponseCodec.java:187)
	at org.openqa.selenium.remote.http.W3CHttpResponseCodec.decode(W3CHttpResponseCodec.java:122)
	at org.openqa.selenium.remote.http.W3CHttpResponseCodec.decode(W3CHttpResponseCodec.java:49)
	at org.openqa.selenium.remote.HttpCommandExecutor.execute(HttpCommandExecutor.java:158)
	at org.openqa.selenium.remote.service.DriverCommandExecutor.execute(DriverCommandExecutor.java:83)
	at org.openqa.selenium.remote.RemoteWebDriver.execute(RemoteWebDriver.java:552)
	at com.kms.katalon.selenium.driver.CChromeDriver.execute(CChromeDriver.java:19)
	at org.openqa.selenium.remote.RemoteWebElement.execute(RemoteWebElement.java:285)
	at org.openqa.selenium.remote.RemoteWebElement.clear(RemoteWebElement.java:124)
	at org.openqa.selenium.support.events.EventFiringWebDriver$EventFiringWebElement.lambda$new$0(EventFiringWebDriver.java:404)
	at com.sun.proxy.$Proxy10.clear(Unknown Source)
	at org.openqa.selenium.support.events.EventFiringWebDriver$EventFiringWebElement.clear(EventFiringWebDriver.java:436)
	at com.kms.katalon.core.webui.keyword.builtin.SetTextKeyword$_setText_closure1.doCall(SetTextKeyword.groovy:53)
	at com.kms.katalon.core.webui.keyword.builtin.SetTextKeyword$_setText_closure1.call(SetTextKeyword.groovy)
	at com.kms.katalon.core.webui.keyword.internal.WebUIKeywordMain.runKeyword(WebUIKeywordMain.groovy:20)
	... 22 more


2020-02-05 17:46:02 - [TEST_STEP][PASSED] - data = findTestData("Data Files/Certpay/CardTypes_SingleLinePayment"): null

2020-02-05 17:46:04 - [TEST_STEP][FAILED] - for (def index : (1..data.getRowNumbers())): Unable to set text 'Bank of America' of object 'Object Repository/CERTPAY_GENERICSTI/Payment_Information_Page/BANK_NAME'

2020-02-05 17:46:04 - [TEST_STEP][PASSED] - FirstName = data.getValue("FirstName", index): null

2020-02-05 17:46:04 - [TEST_STEP][PASSED] - LastName = data.getValue("LastName", index): null

2020-02-05 17:46:04 - [TEST_STEP][PASSED] - Amount = data.getValue("Amount", index): null

2020-02-05 17:46:04 - [TEST_STEP][PASSED] - cardNum = data.getValue("CardNumber", index): null

2020-02-05 17:46:04 - [TEST_STEP][PASSED] - expMonth = data.getValue("ExpMonth", index): null

2020-02-05 17:46:04 - [TEST_STEP][PASSED] - expYear = data.getValue("ExpYear", index): null

2020-02-05 17:46:04 - [TEST_STEP][PASSED] - securityCode = data.getValue("SecurityCode", index): null

2020-02-05 17:46:04 - [TEST_STEP][PASSED] - cardType = data.getValue("CardType", index): null

2020-02-05 17:46:04 - [TEST_STEP][PASSED] - Comments = data.getValue("Comments", index): null

2020-02-05 17:46:04 - [TEST_STEP][PASSED] - Address = data.getValue("Address", index): null

2020-02-05 17:46:04 - [TEST_STEP][PASSED] - Telephone = data.getValue("Telephone", index): null

2020-02-05 17:46:04 - [TEST_STEP][PASSED] - Email = data.getValue("EmailAddress", index): null

2020-02-05 17:46:04 - [TEST_STEP][PASSED] - AccountType = data.getValue("AccountType", index): null

2020-02-05 17:46:04 - [TEST_STEP][PASSED] - RoutingNumber = data.getValue("RoutingNumber", index): null

2020-02-05 17:46:04 - [TEST_STEP][PASSED] - BankName = data.getValue("BankName", index): null

2020-02-05 17:46:04 - [TEST_STEP][PASSED] - AccountNumber = data.getValue("AccountNumber", index): null

2020-02-05 17:46:04 - [TEST_STEP][PASSED] - ConfirmAccountNumber = data.getValue("ConfirmAccountNumber", index): null

2020-02-05 17:46:04 - [TEST_STEP][PASSED] - Signature = data.getValue("Signature", index): null

2020-02-05 17:46:04 - [TEST_STEP][PASSED] - Agreement = data.getValue("Agreement", index): null

2020-02-05 17:46:04 - [TEST_STEP][PASSED] - utilities.SafeActions.openBrowser(Genericsti_url, [pageLoadTime]): Browser launched successfully

2020-02-05 17:46:04 - [MESSAGE][INFO] - Opening Browser

2020-02-05 17:46:05 - [MESSAGE][INFO] - Starting 'Chrome' driver

2020-02-05 17:46:05 - [MESSAGE][INFO] - Action delay is set to 0 seconds

2020-02-05 17:46:37 - [MESSAGE][PASSED] - Browser is opened with url: 'https://qa-certpaygenericsti.faps.net/genericsti/demo/'

2020-02-05 17:46:39 - [MESSAGE][PASSED] - Current window maximized

2020-02-05 17:46:39 - [MESSAGE][PASSED] - Browser launched successfully

2020-02-05 17:46:39 - [TEST_STEP][PASSED] - utilities.SafeActions.safeClick(findTestObject("CERTPAY_GENERICSTI/Demo_Pages/BEGIN_PAYMENT"), "Begin Payment", [pageLoadTime]): GenericSTI_DifferentCardType.ts:Clicked on the Begin Payment

2020-02-05 17:46:39 - [MESSAGE][INFO] - safeClicking

2020-02-05 17:46:40 - [MESSAGE][PASSED] - Object 'Object Repository/CERTPAY_GENERICSTI/Demo_Pages/BEGIN_PAYMENT' is present

2020-02-05 17:46:41 - [MESSAGE][PASSED] - Object 'Object Repository/CERTPAY_GENERICSTI/Demo_Pages/BEGIN_PAYMENT' is clickable

2020-02-05 17:46:44 - [MESSAGE][PASSED] - Object: 'Object Repository/CERTPAY_GENERICSTI/Demo_Pages/BEGIN_PAYMENT' is clicked on

2020-02-05 17:46:44 - [MESSAGE][PASSED] - GenericSTI_DifferentCardType.ts:Clicked on the Begin Payment

2020-02-05 17:46:44 - [TEST_STEP][PASSED] - XMLString = utilities.SafeActions.CreateXML(FirstName, LastName, Amount, Address, Email, Telephone): utilities.SafeActions.CreateXML is PASSED

2020-02-05 17:46:44 - [MESSAGE][INFO] - Create XML

2020-02-05 17:46:44 - [MESSAGE][PASSED] - utilities.SafeActions.CreateXML is PASSED

2020-02-05 17:46:44 - [TEST_STEP][PASSED] - utilities.SafeActions.safeType(findTestObject("CERTPAY_GENERICSTI/XML_Page/XML"), XMLString, "XMLContent", [pageLoadTime]): GenericSTI_DifferentCardType.ts:Entered'&lt;?xml version=&quot;1.0&quot; encoding=&quot;utf-8&quot;?&gt;
&lt;Transaction xmlns:xsi=&quot;http://www.w3.org/2001/XMLSchema-instance&quot; xmlns:xsd=&quot;http://www.w3.org/2001/XMLSchema&quot;&gt;
    &lt;BT_ID&gt;123456789&lt;/BT_ID&gt;
    &lt;Protocol&gt;
        &lt;RTU&gt;https://certifiedpayments.net/&lt;/RTU&gt;
        &lt;RLU&gt;https://certifiedpayments.net/&lt;/RLU&gt;
    &lt;/Protocol&gt;
    &lt;Billing&gt;
        &lt;FN Return=&quot;false&quot;&gt;Susmitha&lt;/FN&gt;
        &lt;MN Return=&quot;false&quot;&gt;K.&lt;/MN&gt;
        &lt;LN Return=&quot;false&quot;&gt;A&lt;/LN&gt;
        &lt;Sufx Return=&quot;false&quot; /&gt;
        &lt;AD1 Return=&quot;false&quot;&gt;1320 SE Benning&lt;/AD1&gt;
        &lt;AD2 Return=&quot;false&quot;&gt;Apt. A&lt;/AD2&gt;
        &lt;CTY Return=&quot;false&quot;&gt;New York&lt;/CTY&gt;
        &lt;ST Return=&quot;false&quot;&gt;NY&lt;/ST&gt;
        &lt;CNTY Return=&quot;false&quot;&gt;US&lt;/CNTY&gt;
        &lt;Phone Return=&quot;false&quot;&gt;555-1234&lt;/Phone&gt;
        &lt;Postal Return=&quot;false&quot;&gt;10018&lt;/Postal&gt;
        &lt;Email Return=&quot;false&quot;&gt;Test@knila.com&lt;/Email&gt;
    &lt;/Billing&gt;
    &lt;Items&gt;
        &lt;CI&gt;
            &lt;Amount Edit=&quot;true&quot;&gt;1.00&lt;/Amount&gt;
            &lt;BC&gt;6100000&lt;/BC&gt;
            &lt;CFS&gt;
                &lt;CF Edit=&quot;false&quot; Return=&quot;false&quot;&gt;
                    &lt;CFN&gt;Order Number&lt;/CFN&gt;
                    &lt;CFV&gt;123456789&lt;/CFV&gt;
                    &lt;VP&gt;\d{9}&lt;/VP&gt;
                &lt;/CF&gt;
                &lt;CF Edit=&quot;false&quot; Return=&quot;false&quot;&gt;
                    &lt;CFN&gt;Description&lt;/CFN&gt;
                    &lt;CFV&gt;Speeding Ticket&lt;/CFV&gt;
                    &lt;VP /&gt;
                &lt;/CF&gt;
            &lt;/CFS&gt;
            &lt;FN&gt;Susmitha&lt;/FN&gt;
            &lt;MN&gt;K.&lt;/MN&gt;
            &lt;LN&gt;A&lt;/LN&gt;
            &lt;Sufx /&gt;
            &lt;AD1&gt;1320 SE Benning&lt;/AD1&gt;
            &lt;AD2&gt;Apt. A&lt;/AD2&gt;
            &lt;CTY&gt;New York&lt;/CTY&gt;
            &lt;ST&gt;NY&lt;/ST&gt;
            &lt;CNTY&gt;US&lt;/CNTY&gt;
            &lt;Phone&gt;555-1234&lt;/Phone&gt;
            &lt;Postal&gt;10018&lt;/Postal&gt;
        &lt;/CI&gt;
      
    &lt;/Items&gt;
&lt;/Transaction&gt; into XMLContent

2020-02-05 17:46:44 - [MESSAGE][PASSED] - Object 'Object Repository/CERTPAY_GENERICSTI/XML_Page/XML' is present

2020-02-05 17:46:45 - [MESSAGE][PASSED] - Object 'Object Repository/CERTPAY_GENERICSTI/XML_Page/XML' is visible

2020-02-05 17:46:45 - [MESSAGE][PASSED] - Object 'Object Repository/CERTPAY_GENERICSTI/XML_Page/XML' is present

2020-02-05 17:46:56 - [MESSAGE][PASSED] - Text '&lt;?xml version=&quot;1.0&quot; encoding=&quot;utf-8&quot;?&gt;
&lt;Transaction xmlns:xsi=&quot;http://www.w3.org/2001/XMLSchema-instance&quot; xmlns:xsd=&quot;http://www.w3.org/2001/XMLSchema&quot;&gt;
    &lt;BT_ID&gt;123456789&lt;/BT_ID&gt;
    &lt;Protocol&gt;
        &lt;RTU&gt;https://certifiedpayments.net/&lt;/RTU&gt;
        &lt;RLU&gt;https://certifiedpayments.net/&lt;/RLU&gt;
    &lt;/Protocol&gt;
    &lt;Billing&gt;
        &lt;FN Return=&quot;false&quot;&gt;Susmitha&lt;/FN&gt;
        &lt;MN Return=&quot;false&quot;&gt;K.&lt;/MN&gt;
        &lt;LN Return=&quot;false&quot;&gt;A&lt;/LN&gt;
        &lt;Sufx Return=&quot;false&quot; /&gt;
        &lt;AD1 Return=&quot;false&quot;&gt;1320 SE Benning&lt;/AD1&gt;
        &lt;AD2 Return=&quot;false&quot;&gt;Apt. A&lt;/AD2&gt;
        &lt;CTY Return=&quot;false&quot;&gt;New York&lt;/CTY&gt;
        &lt;ST Return=&quot;false&quot;&gt;NY&lt;/ST&gt;
        &lt;CNTY Return=&quot;false&quot;&gt;US&lt;/CNTY&gt;
        &lt;Phone Return=&quot;false&quot;&gt;555-1234&lt;/Phone&gt;
        &lt;Postal Return=&quot;false&quot;&gt;10018&lt;/Postal&gt;
        &lt;Email Return=&quot;false&quot;&gt;Test@knila.com&lt;/Email&gt;
    &lt;/Billing&gt;
    &lt;Items&gt;
        &lt;CI&gt;
            &lt;Amount Edit=&quot;true&quot;&gt;1.00&lt;/Amount&gt;
            &lt;BC&gt;6100000&lt;/BC&gt;
            &lt;CFS&gt;
                &lt;CF Edit=&quot;false&quot; Return=&quot;false&quot;&gt;
                    &lt;CFN&gt;Order Number&lt;/CFN&gt;
                    &lt;CFV&gt;123456789&lt;/CFV&gt;
                    &lt;VP&gt;\d{9}&lt;/VP&gt;
                &lt;/CF&gt;
                &lt;CF Edit=&quot;false&quot; Return=&quot;false&quot;&gt;
                    &lt;CFN&gt;Description&lt;/CFN&gt;
                    &lt;CFV&gt;Speeding Ticket&lt;/CFV&gt;
                    &lt;VP /&gt;
                &lt;/CF&gt;
            &lt;/CFS&gt;
            &lt;FN&gt;Susmitha&lt;/FN&gt;
            &lt;MN&gt;K.&lt;/MN&gt;
            &lt;LN&gt;A&lt;/LN&gt;
            &lt;Sufx /&gt;
            &lt;AD1&gt;1320 SE Benning&lt;/AD1&gt;
            &lt;AD2&gt;Apt. A&lt;/AD2&gt;
            &lt;CTY&gt;New York&lt;/CTY&gt;
            &lt;ST&gt;NY&lt;/ST&gt;
            &lt;CNTY&gt;US&lt;/CNTY&gt;
            &lt;Phone&gt;555-1234&lt;/Phone&gt;
            &lt;Postal&gt;10018&lt;/Postal&gt;
        &lt;/CI&gt;
      
    &lt;/Items&gt;
&lt;/Transaction&gt;' is set on object 'Object Repository/CERTPAY_GENERICSTI/XML_Page/XML'

2020-02-05 17:46:56 - [MESSAGE][PASSED] - GenericSTI_DifferentCardType.ts:Entered'&lt;?xml version=&quot;1.0&quot; encoding=&quot;utf-8&quot;?&gt;
&lt;Transaction xmlns:xsi=&quot;http://www.w3.org/2001/XMLSchema-instance&quot; xmlns:xsd=&quot;http://www.w3.org/2001/XMLSchema&quot;&gt;
    &lt;BT_ID&gt;123456789&lt;/BT_ID&gt;
    &lt;Protocol&gt;
        &lt;RTU&gt;https://certifiedpayments.net/&lt;/RTU&gt;
        &lt;RLU&gt;https://certifiedpayments.net/&lt;/RLU&gt;
    &lt;/Protocol&gt;
    &lt;Billing&gt;
        &lt;FN Return=&quot;false&quot;&gt;Susmitha&lt;/FN&gt;
        &lt;MN Return=&quot;false&quot;&gt;K.&lt;/MN&gt;
        &lt;LN Return=&quot;false&quot;&gt;A&lt;/LN&gt;
        &lt;Sufx Return=&quot;false&quot; /&gt;
        &lt;AD1 Return=&quot;false&quot;&gt;1320 SE Benning&lt;/AD1&gt;
        &lt;AD2 Return=&quot;false&quot;&gt;Apt. A&lt;/AD2&gt;
        &lt;CTY Return=&quot;false&quot;&gt;New York&lt;/CTY&gt;
        &lt;ST Return=&quot;false&quot;&gt;NY&lt;/ST&gt;
        &lt;CNTY Return=&quot;false&quot;&gt;US&lt;/CNTY&gt;
        &lt;Phone Return=&quot;false&quot;&gt;555-1234&lt;/Phone&gt;
        &lt;Postal Return=&quot;false&quot;&gt;10018&lt;/Postal&gt;
        &lt;Email Return=&quot;false&quot;&gt;Test@knila.com&lt;/Email&gt;
    &lt;/Billing&gt;
    &lt;Items&gt;
        &lt;CI&gt;
            &lt;Amount Edit=&quot;true&quot;&gt;1.00&lt;/Amount&gt;
            &lt;BC&gt;6100000&lt;/BC&gt;
            &lt;CFS&gt;
                &lt;CF Edit=&quot;false&quot; Return=&quot;false&quot;&gt;
                    &lt;CFN&gt;Order Number&lt;/CFN&gt;
                    &lt;CFV&gt;123456789&lt;/CFV&gt;
                    &lt;VP&gt;\d{9}&lt;/VP&gt;
                &lt;/CF&gt;
                &lt;CF Edit=&quot;false&quot; Return=&quot;false&quot;&gt;
                    &lt;CFN&gt;Description&lt;/CFN&gt;
                    &lt;CFV&gt;Speeding Ticket&lt;/CFV&gt;
                    &lt;VP /&gt;
                &lt;/CF&gt;
            &lt;/CFS&gt;
            &lt;FN&gt;Susmitha&lt;/FN&gt;
            &lt;MN&gt;K.&lt;/MN&gt;
            &lt;LN&gt;A&lt;/LN&gt;
            &lt;Sufx /&gt;
            &lt;AD1&gt;1320 SE Benning&lt;/AD1&gt;
            &lt;AD2&gt;Apt. A&lt;/AD2&gt;
            &lt;CTY&gt;New York&lt;/CTY&gt;
            &lt;ST&gt;NY&lt;/ST&gt;
            &lt;CNTY&gt;US&lt;/CNTY&gt;
            &lt;Phone&gt;555-1234&lt;/Phone&gt;
            &lt;Postal&gt;10018&lt;/Postal&gt;
        &lt;/CI&gt;
      
    &lt;/Items&gt;
&lt;/Transaction&gt; into XMLContent

2020-02-05 17:46:56 - [TEST_STEP][PASSED] - utilities.SafeActions.safeClick(findTestObject("CERTPAY_GENERICSTI/XML_Page/SUBMIT"), "Submit XML", [pageLoadTime]): GenericSTI_DifferentCardType.ts:Clicked on the Submit XML

2020-02-05 17:46:56 - [MESSAGE][INFO] - safeClicking

2020-02-05 17:46:56 - [MESSAGE][PASSED] - Object 'Object Repository/CERTPAY_GENERICSTI/XML_Page/SUBMIT' is present

2020-02-05 17:46:57 - [MESSAGE][PASSED] - Object 'Object Repository/CERTPAY_GENERICSTI/XML_Page/SUBMIT' is clickable

2020-02-05 17:47:06 - [MESSAGE][PASSED] - Object: 'Object Repository/CERTPAY_GENERICSTI/XML_Page/SUBMIT' is clicked on

2020-02-05 17:47:06 - [MESSAGE][PASSED] - GenericSTI_DifferentCardType.ts:Clicked on the Submit XML

2020-02-05 17:47:06 - [TEST_STEP][PASSED] - if (cardType == "Visa"): GenericSTI_DifferentCardType.ts:Clicked on the VISA Card

2020-02-05 17:47:06 - [TEST_STEP][PASSED] - utilities.SafeActions.safeClick(findTestObject("CERTPAY_GENERICSTI/Payment_Information_Page/VISA"), "VISA Card", [pageLoadTime]): GenericSTI_DifferentCardType.ts:Clicked on the VISA Card

2020-02-05 17:47:06 - [MESSAGE][INFO] - safeClicking

2020-02-05 17:47:09 - [MESSAGE][PASSED] - Object 'Object Repository/CERTPAY_GENERICSTI/Payment_Information_Page/VISA' is present

2020-02-05 17:47:09 - [MESSAGE][PASSED] - Object 'Object Repository/CERTPAY_GENERICSTI/Payment_Information_Page/VISA' is clickable

2020-02-05 17:47:13 - [MESSAGE][PASSED] - Object: 'Object Repository/CERTPAY_GENERICSTI/Payment_Information_Page/VISA' is clicked on

2020-02-05 17:47:13 - [MESSAGE][PASSED] - GenericSTI_DifferentCardType.ts:Clicked on the VISA Card

2020-02-05 17:47:13 - [TEST_STEP][PASSED] - utilities.SafeActions.safeType(findTestObject("CERTPAY_GENERICSTI/Payment_Information_Page/COMMENTS"), "Testing", "Comments", [pageLoadTime]): GenericSTI_DifferentCardType.ts:Entered'Testing into Comments

2020-02-05 17:47:14 - [MESSAGE][PASSED] - Object 'Object Repository/CERTPAY_GENERICSTI/Payment_Information_Page/COMMENTS' is present

2020-02-05 17:47:14 - [MESSAGE][PASSED] - Object 'Object Repository/CERTPAY_GENERICSTI/Payment_Information_Page/COMMENTS' is visible

2020-02-05 17:47:14 - [MESSAGE][PASSED] - Object 'Object Repository/CERTPAY_GENERICSTI/Payment_Information_Page/COMMENTS' is present

2020-02-05 17:47:16 - [MESSAGE][PASSED] - Text 'Testing' is set on object 'Object Repository/CERTPAY_GENERICSTI/Payment_Information_Page/COMMENTS'

2020-02-05 17:47:16 - [MESSAGE][PASSED] - GenericSTI_DifferentCardType.ts:Entered'Testing into Comments

2020-02-05 17:47:16 - [TEST_STEP][PASSED] - CardNumber = pages.Genericsti.setUserPaymentDetails(cardNum): GenericSTI_DifferentCardType.ts:Entered'4111111111111111 into CardNum

2020-02-05 17:47:18 - [MESSAGE][PASSED] - Object 'Object Repository/CERTPAY_GENERICSTI/Payment_Information_Page/CARD_NUMBER' is present

2020-02-05 17:47:18 - [MESSAGE][PASSED] - Object 'Object Repository/CERTPAY_GENERICSTI/Payment_Information_Page/CARD_NUMBER' is visible

2020-02-05 17:47:18 - [MESSAGE][PASSED] - Object 'Object Repository/CERTPAY_GENERICSTI/Payment_Information_Page/CARD_NUMBER' is present

2020-02-05 17:47:20 - [MESSAGE][PASSED] - Text '4111111111111111' is set on object 'Object Repository/CERTPAY_GENERICSTI/Payment_Information_Page/CARD_NUMBER'

2020-02-05 17:47:20 - [MESSAGE][PASSED] - GenericSTI_DifferentCardType.ts:Entered'4111111111111111 into CardNum

2020-02-05 17:47:20 - [TEST_STEP][PASSED] - pages.Genericsti.setExpDate(expMonth, expYear, securityCode): GenericSTI_DifferentCardType.ts:Entered'207 into securityCode

2020-02-05 17:47:20 - [MESSAGE][PASSED] - Object 'Object Repository/CERTPAY_GENERICSTI/Payment_Information_Page/EXP_MONTH' is visible

2020-02-05 17:47:21 - [MESSAGE][PASSED] - Object 'Object Repository/CERTPAY_GENERICSTI/Payment_Information_Page/EXP_MONTH' is present

2020-02-05 17:47:22 - [MESSAGE][PASSED] - Object: 'Object Repository/CERTPAY_GENERICSTI/Payment_Information_Page/EXP_MONTH' is clicked on

2020-02-05 17:47:24 - [MESSAGE][PASSED] - All options with label '3' are selected in object 'Object Repository/CERTPAY_GENERICSTI/Payment_Information_Page/EXP_MONTH'  using regular expression

2020-02-05 17:47:24 - [MESSAGE][PASSED] - selected dropdown option by visible text  3from expMonth

2020-02-05 17:47:24 - [MESSAGE][PASSED] - Object 'Object Repository/CERTPAY_GENERICSTI/Payment_Information_Page/EXP_YEAR' is visible

2020-02-05 17:47:24 - [MESSAGE][PASSED] - Object 'Object Repository/CERTPAY_GENERICSTI/Payment_Information_Page/EXP_YEAR' is present

2020-02-05 17:47:26 - [MESSAGE][PASSED] - Object: 'Object Repository/CERTPAY_GENERICSTI/Payment_Information_Page/EXP_YEAR' is clicked on

2020-02-05 17:47:27 - [MESSAGE][PASSED] - All options with label '2022' are selected in object 'Object Repository/CERTPAY_GENERICSTI/Payment_Information_Page/EXP_YEAR'  using regular expression

2020-02-05 17:47:27 - [MESSAGE][PASSED] - selected dropdown option by visible text  2022from  expYear

2020-02-05 17:47:27 - [MESSAGE][PASSED] - Object 'Object Repository/CERTPAY_GENERICSTI/Payment_Information_Page/SECURITY_CODE' is present

2020-02-05 17:47:28 - [MESSAGE][PASSED] - Object 'Object Repository/CERTPAY_GENERICSTI/Payment_Information_Page/SECURITY_CODE' is visible

2020-02-05 17:47:28 - [MESSAGE][PASSED] - Object 'Object Repository/CERTPAY_GENERICSTI/Payment_Information_Page/SECURITY_CODE' is present

2020-02-05 17:47:29 - [MESSAGE][PASSED] - Text '207' is set on object 'Object Repository/CERTPAY_GENERICSTI/Payment_Information_Page/SECURITY_CODE'

2020-02-05 17:47:29 - [MESSAGE][PASSED] - GenericSTI_DifferentCardType.ts:Entered'207 into securityCode

2020-02-05 17:47:29 - [TEST_STEP][PASSED] - utilities.SafeActions.safeClick(findTestObject("CERTPAY_GENERICSTI/Payment_Information_Page/NEXT"), "Next", [pageLoadTime]): GenericSTI_DifferentCardType.ts:Clicked on the Next

2020-02-05 17:47:29 - [MESSAGE][INFO] - safeClicking

2020-02-05 17:47:30 - [MESSAGE][PASSED] - Object 'Object Repository/CERTPAY_GENERICSTI/Payment_Information_Page/NEXT' is present

2020-02-05 17:47:30 - [MESSAGE][PASSED] - Object 'Object Repository/CERTPAY_GENERICSTI/Payment_Information_Page/NEXT' is clickable

2020-02-05 17:47:36 - [MESSAGE][PASSED] - Object: 'Object Repository/CERTPAY_GENERICSTI/Payment_Information_Page/NEXT' is clicked on

2020-02-05 17:47:36 - [MESSAGE][PASSED] - GenericSTI_DifferentCardType.ts:Clicked on the Next

2020-02-05 17:47:36 - [TEST_STEP][PASSED] - utilities.SafeActions.safeClick(findTestObject("CERTPAY_GENERICSTI/Review_Payment_Page/PROCESS_PAYMENT"), "Process payment", [pageLoadTime]): GenericSTI_DifferentCardType.ts:Clicked on the Process payment

2020-02-05 17:47:36 - [MESSAGE][INFO] - safeClicking

2020-02-05 17:47:37 - [MESSAGE][PASSED] - Object 'Object Repository/CERTPAY_GENERICSTI/Review_Payment_Page/PROCESS_PAYMENT' is present

2020-02-05 17:47:38 - [MESSAGE][PASSED] - Object 'Object Repository/CERTPAY_GENERICSTI/Review_Payment_Page/PROCESS_PAYMENT' is clickable

2020-02-05 17:47:39 - [MESSAGE][PASSED] - Object: 'Object Repository/CERTPAY_GENERICSTI/Review_Payment_Page/PROCESS_PAYMENT' is clicked on

2020-02-05 17:47:39 - [MESSAGE][PASSED] - GenericSTI_DifferentCardType.ts:Clicked on the Process payment

2020-02-05 17:47:39 - [TEST_STEP][PASSED] - utilities.SafeActions.safeClick(findTestObject("CERTPAY_GENERICSTI/Confirm_Payment_Page/CONFIRM_YES"), "Process payment", [pageLoadTime]): GenericSTI_DifferentCardType.ts:Clicked on the Process payment

2020-02-05 17:47:39 - [MESSAGE][INFO] - safeClicking

2020-02-05 17:47:40 - [MESSAGE][PASSED] - Object 'Object Repository/CERTPAY_GENERICSTI/Confirm_Payment_Page/CONFIRM_YES' is present

2020-02-05 17:47:40 - [MESSAGE][PASSED] - Object 'Object Repository/CERTPAY_GENERICSTI/Confirm_Payment_Page/CONFIRM_YES' is clickable

2020-02-05 17:47:48 - [MESSAGE][PASSED] - Object: 'Object Repository/CERTPAY_GENERICSTI/Confirm_Payment_Page/CONFIRM_YES' is clicked on

2020-02-05 17:47:48 - [MESSAGE][PASSED] - GenericSTI_DifferentCardType.ts:Clicked on the Process payment

2020-02-05 17:47:48 - [TEST_STEP][PASSED] - utilities.SafeActions.safeClick(findTestObject("CERTPAY_GENERICSTI/Payment_Details_Verification_Page/NEXT"), "Process payment", [pageLoadTime]): GenericSTI_DifferentCardType.ts:Clicked on the Process payment

2020-02-05 17:47:49 - [MESSAGE][INFO] - safeClicking

2020-02-05 17:47:50 - [MESSAGE][PASSED] - Object 'Object Repository/CERTPAY_GENERICSTI/Payment_Details_Verification_Page/NEXT' is present

2020-02-05 17:47:50 - [MESSAGE][PASSED] - Object 'Object Repository/CERTPAY_GENERICSTI/Payment_Details_Verification_Page/NEXT' is clickable

2020-02-05 17:47:57 - [MESSAGE][PASSED] - Object: 'Object Repository/CERTPAY_GENERICSTI/Payment_Details_Verification_Page/NEXT' is clicked on

2020-02-05 17:47:57 - [MESSAGE][PASSED] - GenericSTI_DifferentCardType.ts:Clicked on the Process payment

2020-02-05 17:47:57 - [TEST_STEP][PASSED] - FirstName = data.getValue("FirstName", index): null

2020-02-05 17:47:57 - [TEST_STEP][PASSED] - LastName = data.getValue("LastName", index): null

2020-02-05 17:47:57 - [TEST_STEP][PASSED] - Amount = data.getValue("Amount", index): null

2020-02-05 17:47:57 - [TEST_STEP][PASSED] - cardNum = data.getValue("CardNumber", index): null

2020-02-05 17:47:57 - [TEST_STEP][PASSED] - expMonth = data.getValue("ExpMonth", index): null

2020-02-05 17:47:57 - [TEST_STEP][PASSED] - expYear = data.getValue("ExpYear", index): null

2020-02-05 17:47:57 - [TEST_STEP][PASSED] - securityCode = data.getValue("SecurityCode", index): null

2020-02-05 17:47:57 - [TEST_STEP][PASSED] - cardType = data.getValue("CardType", index): null

2020-02-05 17:47:57 - [TEST_STEP][PASSED] - Comments = data.getValue("Comments", index): null

2020-02-05 17:47:57 - [TEST_STEP][PASSED] - Address = data.getValue("Address", index): null

2020-02-05 17:47:57 - [TEST_STEP][PASSED] - Telephone = data.getValue("Telephone", index): null

2020-02-05 17:47:57 - [TEST_STEP][PASSED] - Email = data.getValue("EmailAddress", index): null

2020-02-05 17:47:57 - [TEST_STEP][PASSED] - AccountType = data.getValue("AccountType", index): null

2020-02-05 17:47:57 - [TEST_STEP][PASSED] - RoutingNumber = data.getValue("RoutingNumber", index): null

2020-02-05 17:47:57 - [TEST_STEP][PASSED] - BankName = data.getValue("BankName", index): null

2020-02-05 17:47:57 - [TEST_STEP][PASSED] - AccountNumber = data.getValue("AccountNumber", index): null

2020-02-05 17:47:57 - [TEST_STEP][PASSED] - ConfirmAccountNumber = data.getValue("ConfirmAccountNumber", index): null

2020-02-05 17:47:57 - [TEST_STEP][PASSED] - Signature = data.getValue("Signature", index): null

2020-02-05 17:47:57 - [TEST_STEP][PASSED] - Agreement = data.getValue("Agreement", index): null

2020-02-05 17:47:57 - [TEST_STEP][PASSED] - utilities.SafeActions.openBrowser(Genericsti_url, [pageLoadTime]): Browser launched successfully

2020-02-05 17:47:57 - [MESSAGE][INFO] - Opening Browser

2020-02-05 17:47:57 - [MESSAGE][WARNING] - A browser is already opened. Closing browser and opening a new one

2020-02-05 17:47:57 - [MESSAGE][INFO] - Starting 'Chrome' driver

2020-02-05 17:48:06 - [MESSAGE][PASSED] - Browser is opened with url: 'https://qa-certpaygenericsti.faps.net/genericsti/demo/'

2020-02-05 17:48:07 - [MESSAGE][PASSED] - Current window maximized

2020-02-05 17:48:07 - [MESSAGE][PASSED] - Browser launched successfully

2020-02-05 17:48:07 - [TEST_STEP][PASSED] - utilities.SafeActions.safeClick(findTestObject("CERTPAY_GENERICSTI/Demo_Pages/BEGIN_PAYMENT"), "Begin Payment", [pageLoadTime]): GenericSTI_DifferentCardType.ts:Clicked on the Begin Payment

2020-02-05 17:48:07 - [MESSAGE][INFO] - safeClicking

2020-02-05 17:48:08 - [MESSAGE][PASSED] - Object 'Object Repository/CERTPAY_GENERICSTI/Demo_Pages/BEGIN_PAYMENT' is present

2020-02-05 17:48:08 - [MESSAGE][PASSED] - Object 'Object Repository/CERTPAY_GENERICSTI/Demo_Pages/BEGIN_PAYMENT' is clickable

2020-02-05 17:48:10 - [MESSAGE][PASSED] - Object: 'Object Repository/CERTPAY_GENERICSTI/Demo_Pages/BEGIN_PAYMENT' is clicked on

2020-02-05 17:48:10 - [MESSAGE][PASSED] - GenericSTI_DifferentCardType.ts:Clicked on the Begin Payment

2020-02-05 17:48:10 - [TEST_STEP][PASSED] - XMLString = utilities.SafeActions.CreateXML(FirstName, LastName, Amount, Address, Email, Telephone): utilities.SafeActions.CreateXML is PASSED

2020-02-05 17:48:10 - [MESSAGE][INFO] - Create XML

2020-02-05 17:48:10 - [MESSAGE][PASSED] - utilities.SafeActions.CreateXML is PASSED

2020-02-05 17:48:10 - [TEST_STEP][PASSED] - utilities.SafeActions.safeType(findTestObject("CERTPAY_GENERICSTI/XML_Page/XML"), XMLString, "XMLContent", [pageLoadTime]): GenericSTI_DifferentCardType.ts:Entered'&lt;?xml version=&quot;1.0&quot; encoding=&quot;utf-8&quot;?&gt;
&lt;Transaction xmlns:xsi=&quot;http://www.w3.org/2001/XMLSchema-instance&quot; xmlns:xsd=&quot;http://www.w3.org/2001/XMLSchema&quot;&gt;
    &lt;BT_ID&gt;123456789&lt;/BT_ID&gt;
    &lt;Protocol&gt;
        &lt;RTU&gt;https://certifiedpayments.net/&lt;/RTU&gt;
        &lt;RLU&gt;https://certifiedpayments.net/&lt;/RLU&gt;
    &lt;/Protocol&gt;
    &lt;Billing&gt;
        &lt;FN Return=&quot;false&quot;&gt;Valarmathi&lt;/FN&gt;
        &lt;MN Return=&quot;false&quot;&gt;K.&lt;/MN&gt;
        &lt;LN Return=&quot;false&quot;&gt;V&lt;/LN&gt;
        &lt;Sufx Return=&quot;false&quot; /&gt;
        &lt;AD1 Return=&quot;false&quot;&gt;1320 SE Benning&lt;/AD1&gt;
        &lt;AD2 Return=&quot;false&quot;&gt;Apt. A&lt;/AD2&gt;
        &lt;CTY Return=&quot;false&quot;&gt;New York&lt;/CTY&gt;
        &lt;ST Return=&quot;false&quot;&gt;NY&lt;/ST&gt;
        &lt;CNTY Return=&quot;false&quot;&gt;US&lt;/CNTY&gt;
        &lt;Phone Return=&quot;false&quot;&gt;555-1234&lt;/Phone&gt;
        &lt;Postal Return=&quot;false&quot;&gt;10018&lt;/Postal&gt;
        &lt;Email Return=&quot;false&quot;&gt;Test@knila.com&lt;/Email&gt;
    &lt;/Billing&gt;
    &lt;Items&gt;
        &lt;CI&gt;
            &lt;Amount Edit=&quot;true&quot;&gt;2.00&lt;/Amount&gt;
            &lt;BC&gt;6100000&lt;/BC&gt;
            &lt;CFS&gt;
                &lt;CF Edit=&quot;false&quot; Return=&quot;false&quot;&gt;
                    &lt;CFN&gt;Order Number&lt;/CFN&gt;
                    &lt;CFV&gt;123456789&lt;/CFV&gt;
                    &lt;VP&gt;\d{9}&lt;/VP&gt;
                &lt;/CF&gt;
                &lt;CF Edit=&quot;false&quot; Return=&quot;false&quot;&gt;
                    &lt;CFN&gt;Description&lt;/CFN&gt;
                    &lt;CFV&gt;Speeding Ticket&lt;/CFV&gt;
                    &lt;VP /&gt;
                &lt;/CF&gt;
            &lt;/CFS&gt;
            &lt;FN&gt;Valarmathi&lt;/FN&gt;
            &lt;MN&gt;K.&lt;/MN&gt;
            &lt;LN&gt;V&lt;/LN&gt;
            &lt;Sufx /&gt;
            &lt;AD1&gt;1320 SE Benning&lt;/AD1&gt;
            &lt;AD2&gt;Apt. A&lt;/AD2&gt;
            &lt;CTY&gt;New York&lt;/CTY&gt;
            &lt;ST&gt;NY&lt;/ST&gt;
            &lt;CNTY&gt;US&lt;/CNTY&gt;
            &lt;Phone&gt;555-1234&lt;/Phone&gt;
            &lt;Postal&gt;10018&lt;/Postal&gt;
        &lt;/CI&gt;
      
    &lt;/Items&gt;
&lt;/Transaction&gt; into XMLContent

2020-02-05 17:48:10 - [MESSAGE][PASSED] - Object 'Object Repository/CERTPAY_GENERICSTI/XML_Page/XML' is present

2020-02-05 17:48:11 - [MESSAGE][PASSED] - Object 'Object Repository/CERTPAY_GENERICSTI/XML_Page/XML' is visible

2020-02-05 17:48:11 - [MESSAGE][PASSED] - Object 'Object Repository/CERTPAY_GENERICSTI/XML_Page/XML' is present

2020-02-05 17:48:21 - [MESSAGE][PASSED] - Text '&lt;?xml version=&quot;1.0&quot; encoding=&quot;utf-8&quot;?&gt;
&lt;Transaction xmlns:xsi=&quot;http://www.w3.org/2001/XMLSchema-instance&quot; xmlns:xsd=&quot;http://www.w3.org/2001/XMLSchema&quot;&gt;
    &lt;BT_ID&gt;123456789&lt;/BT_ID&gt;
    &lt;Protocol&gt;
        &lt;RTU&gt;https://certifiedpayments.net/&lt;/RTU&gt;
        &lt;RLU&gt;https://certifiedpayments.net/&lt;/RLU&gt;
    &lt;/Protocol&gt;
    &lt;Billing&gt;
        &lt;FN Return=&quot;false&quot;&gt;Valarmathi&lt;/FN&gt;
        &lt;MN Return=&quot;false&quot;&gt;K.&lt;/MN&gt;
        &lt;LN Return=&quot;false&quot;&gt;V&lt;/LN&gt;
        &lt;Sufx Return=&quot;false&quot; /&gt;
        &lt;AD1 Return=&quot;false&quot;&gt;1320 SE Benning&lt;/AD1&gt;
        &lt;AD2 Return=&quot;false&quot;&gt;Apt. A&lt;/AD2&gt;
        &lt;CTY Return=&quot;false&quot;&gt;New York&lt;/CTY&gt;
        &lt;ST Return=&quot;false&quot;&gt;NY&lt;/ST&gt;
        &lt;CNTY Return=&quot;false&quot;&gt;US&lt;/CNTY&gt;
        &lt;Phone Return=&quot;false&quot;&gt;555-1234&lt;/Phone&gt;
        &lt;Postal Return=&quot;false&quot;&gt;10018&lt;/Postal&gt;
        &lt;Email Return=&quot;false&quot;&gt;Test@knila.com&lt;/Email&gt;
    &lt;/Billing&gt;
    &lt;Items&gt;
        &lt;CI&gt;
            &lt;Amount Edit=&quot;true&quot;&gt;2.00&lt;/Amount&gt;
            &lt;BC&gt;6100000&lt;/BC&gt;
            &lt;CFS&gt;
                &lt;CF Edit=&quot;false&quot; Return=&quot;false&quot;&gt;
                    &lt;CFN&gt;Order Number&lt;/CFN&gt;
                    &lt;CFV&gt;123456789&lt;/CFV&gt;
                    &lt;VP&gt;\d{9}&lt;/VP&gt;
                &lt;/CF&gt;
                &lt;CF Edit=&quot;false&quot; Return=&quot;false&quot;&gt;
                    &lt;CFN&gt;Description&lt;/CFN&gt;
                    &lt;CFV&gt;Speeding Ticket&lt;/CFV&gt;
                    &lt;VP /&gt;
                &lt;/CF&gt;
            &lt;/CFS&gt;
            &lt;FN&gt;Valarmathi&lt;/FN&gt;
            &lt;MN&gt;K.&lt;/MN&gt;
            &lt;LN&gt;V&lt;/LN&gt;
            &lt;Sufx /&gt;
            &lt;AD1&gt;1320 SE Benning&lt;/AD1&gt;
            &lt;AD2&gt;Apt. A&lt;/AD2&gt;
            &lt;CTY&gt;New York&lt;/CTY&gt;
            &lt;ST&gt;NY&lt;/ST&gt;
            &lt;CNTY&gt;US&lt;/CNTY&gt;
            &lt;Phone&gt;555-1234&lt;/Phone&gt;
            &lt;Postal&gt;10018&lt;/Postal&gt;
        &lt;/CI&gt;
      
    &lt;/Items&gt;
&lt;/Transaction&gt;' is set on object 'Object Repository/CERTPAY_GENERICSTI/XML_Page/XML'

2020-02-05 17:48:21 - [MESSAGE][PASSED] - GenericSTI_DifferentCardType.ts:Entered'&lt;?xml version=&quot;1.0&quot; encoding=&quot;utf-8&quot;?&gt;
&lt;Transaction xmlns:xsi=&quot;http://www.w3.org/2001/XMLSchema-instance&quot; xmlns:xsd=&quot;http://www.w3.org/2001/XMLSchema&quot;&gt;
    &lt;BT_ID&gt;123456789&lt;/BT_ID&gt;
    &lt;Protocol&gt;
        &lt;RTU&gt;https://certifiedpayments.net/&lt;/RTU&gt;
        &lt;RLU&gt;https://certifiedpayments.net/&lt;/RLU&gt;
    &lt;/Protocol&gt;
    &lt;Billing&gt;
        &lt;FN Return=&quot;false&quot;&gt;Valarmathi&lt;/FN&gt;
        &lt;MN Return=&quot;false&quot;&gt;K.&lt;/MN&gt;
        &lt;LN Return=&quot;false&quot;&gt;V&lt;/LN&gt;
        &lt;Sufx Return=&quot;false&quot; /&gt;
        &lt;AD1 Return=&quot;false&quot;&gt;1320 SE Benning&lt;/AD1&gt;
        &lt;AD2 Return=&quot;false&quot;&gt;Apt. A&lt;/AD2&gt;
        &lt;CTY Return=&quot;false&quot;&gt;New York&lt;/CTY&gt;
        &lt;ST Return=&quot;false&quot;&gt;NY&lt;/ST&gt;
        &lt;CNTY Return=&quot;false&quot;&gt;US&lt;/CNTY&gt;
        &lt;Phone Return=&quot;false&quot;&gt;555-1234&lt;/Phone&gt;
        &lt;Postal Return=&quot;false&quot;&gt;10018&lt;/Postal&gt;
        &lt;Email Return=&quot;false&quot;&gt;Test@knila.com&lt;/Email&gt;
    &lt;/Billing&gt;
    &lt;Items&gt;
        &lt;CI&gt;
            &lt;Amount Edit=&quot;true&quot;&gt;2.00&lt;/Amount&gt;
            &lt;BC&gt;6100000&lt;/BC&gt;
            &lt;CFS&gt;
                &lt;CF Edit=&quot;false&quot; Return=&quot;false&quot;&gt;
                    &lt;CFN&gt;Order Number&lt;/CFN&gt;
                    &lt;CFV&gt;123456789&lt;/CFV&gt;
                    &lt;VP&gt;\d{9}&lt;/VP&gt;
                &lt;/CF&gt;
                &lt;CF Edit=&quot;false&quot; Return=&quot;false&quot;&gt;
                    &lt;CFN&gt;Description&lt;/CFN&gt;
                    &lt;CFV&gt;Speeding Ticket&lt;/CFV&gt;
                    &lt;VP /&gt;
                &lt;/CF&gt;
            &lt;/CFS&gt;
            &lt;FN&gt;Valarmathi&lt;/FN&gt;
            &lt;MN&gt;K.&lt;/MN&gt;
            &lt;LN&gt;V&lt;/LN&gt;
            &lt;Sufx /&gt;
            &lt;AD1&gt;1320 SE Benning&lt;/AD1&gt;
            &lt;AD2&gt;Apt. A&lt;/AD2&gt;
            &lt;CTY&gt;New York&lt;/CTY&gt;
            &lt;ST&gt;NY&lt;/ST&gt;
            &lt;CNTY&gt;US&lt;/CNTY&gt;
            &lt;Phone&gt;555-1234&lt;/Phone&gt;
            &lt;Postal&gt;10018&lt;/Postal&gt;
        &lt;/CI&gt;
      
    &lt;/Items&gt;
&lt;/Transaction&gt; into XMLContent

2020-02-05 17:48:21 - [TEST_STEP][PASSED] - utilities.SafeActions.safeClick(findTestObject("CERTPAY_GENERICSTI/XML_Page/SUBMIT"), "Submit XML", [pageLoadTime]): GenericSTI_DifferentCardType.ts:Clicked on the Submit XML

2020-02-05 17:48:21 - [MESSAGE][INFO] - safeClicking

2020-02-05 17:48:22 - [MESSAGE][PASSED] - Object 'Object Repository/CERTPAY_GENERICSTI/XML_Page/SUBMIT' is present

2020-02-05 17:48:22 - [MESSAGE][PASSED] - Object 'Object Repository/CERTPAY_GENERICSTI/XML_Page/SUBMIT' is clickable

2020-02-05 17:48:27 - [MESSAGE][PASSED] - Object: 'Object Repository/CERTPAY_GENERICSTI/XML_Page/SUBMIT' is clicked on

2020-02-05 17:48:27 - [MESSAGE][PASSED] - GenericSTI_DifferentCardType.ts:Clicked on the Submit XML

2020-02-05 17:48:27 - [TEST_STEP][PASSED] - if (cardType == "Visa"): null

2020-02-05 17:48:27 - [TEST_STEP][PASSED] - else if (cardType == "MasterCard"): GenericSTI_DifferentCardType.ts:Clicked on the Master Card

2020-02-05 17:48:27 - [TEST_STEP][PASSED] - utilities.SafeActions.safeClick(findTestObject("CERTPAY_GENERICSTI/Payment_Information_Page/MASTER_CARD"), "Master Card", [pageLoadTime]): GenericSTI_DifferentCardType.ts:Clicked on the Master Card

2020-02-05 17:48:27 - [MESSAGE][INFO] - safeClicking

2020-02-05 17:48:29 - [MESSAGE][PASSED] - Object 'Object Repository/CERTPAY_GENERICSTI/Payment_Information_Page/MASTER_CARD' is present

2020-02-05 17:48:29 - [MESSAGE][PASSED] - Object 'Object Repository/CERTPAY_GENERICSTI/Payment_Information_Page/MASTER_CARD' is clickable

2020-02-05 17:48:32 - [MESSAGE][PASSED] - Object: 'Object Repository/CERTPAY_GENERICSTI/Payment_Information_Page/MASTER_CARD' is clicked on

2020-02-05 17:48:32 - [MESSAGE][PASSED] - GenericSTI_DifferentCardType.ts:Clicked on the Master Card

2020-02-05 17:48:32 - [TEST_STEP][PASSED] - utilities.SafeActions.safeType(findTestObject("CERTPAY_GENERICSTI/Payment_Information_Page/COMMENTS"), "Testing", "Comments", [pageLoadTime]): GenericSTI_DifferentCardType.ts:Entered'Testing into Comments

2020-02-05 17:48:33 - [MESSAGE][PASSED] - Object 'Object Repository/CERTPAY_GENERICSTI/Payment_Information_Page/COMMENTS' is present

2020-02-05 17:48:33 - [MESSAGE][PASSED] - Object 'Object Repository/CERTPAY_GENERICSTI/Payment_Information_Page/COMMENTS' is visible

2020-02-05 17:48:33 - [MESSAGE][PASSED] - Object 'Object Repository/CERTPAY_GENERICSTI/Payment_Information_Page/COMMENTS' is present

2020-02-05 17:48:35 - [MESSAGE][PASSED] - Text 'Testing' is set on object 'Object Repository/CERTPAY_GENERICSTI/Payment_Information_Page/COMMENTS'

2020-02-05 17:48:35 - [MESSAGE][PASSED] - GenericSTI_DifferentCardType.ts:Entered'Testing into Comments

2020-02-05 17:48:35 - [TEST_STEP][PASSED] - CardNumber = pages.Genericsti.setUserPaymentDetails(cardNum): GenericSTI_DifferentCardType.ts:Entered'5105105105105100 into CardNum

2020-02-05 17:48:35 - [MESSAGE][PASSED] - Object 'Object Repository/CERTPAY_GENERICSTI/Payment_Information_Page/CARD_NUMBER' is present

2020-02-05 17:48:35 - [MESSAGE][PASSED] - Object 'Object Repository/CERTPAY_GENERICSTI/Payment_Information_Page/CARD_NUMBER' is visible

2020-02-05 17:48:36 - [MESSAGE][PASSED] - Object 'Object Repository/CERTPAY_GENERICSTI/Payment_Information_Page/CARD_NUMBER' is present

2020-02-05 17:48:37 - [MESSAGE][PASSED] - Text '5105105105105100' is set on object 'Object Repository/CERTPAY_GENERICSTI/Payment_Information_Page/CARD_NUMBER'

2020-02-05 17:48:37 - [MESSAGE][PASSED] - GenericSTI_DifferentCardType.ts:Entered'5105105105105100 into CardNum

2020-02-05 17:48:37 - [TEST_STEP][PASSED] - pages.Genericsti.setExpDate(expMonth, expYear, securityCode): GenericSTI_DifferentCardType.ts:Entered'201 into securityCode

2020-02-05 17:48:38 - [MESSAGE][PASSED] - Object 'Object Repository/CERTPAY_GENERICSTI/Payment_Information_Page/EXP_MONTH' is visible

2020-02-05 17:48:38 - [MESSAGE][PASSED] - Object 'Object Repository/CERTPAY_GENERICSTI/Payment_Information_Page/EXP_MONTH' is present

2020-02-05 17:48:39 - [MESSAGE][PASSED] - Object: 'Object Repository/CERTPAY_GENERICSTI/Payment_Information_Page/EXP_MONTH' is clicked on

2020-02-05 17:48:41 - [MESSAGE][PASSED] - All options with label '2' are selected in object 'Object Repository/CERTPAY_GENERICSTI/Payment_Information_Page/EXP_MONTH'  using regular expression

2020-02-05 17:48:41 - [MESSAGE][PASSED] - selected dropdown option by visible text  2from expMonth

2020-02-05 17:48:41 - [MESSAGE][PASSED] - Object 'Object Repository/CERTPAY_GENERICSTI/Payment_Information_Page/EXP_YEAR' is visible

2020-02-05 17:48:42 - [MESSAGE][PASSED] - Object 'Object Repository/CERTPAY_GENERICSTI/Payment_Information_Page/EXP_YEAR' is present

2020-02-05 17:48:43 - [MESSAGE][PASSED] - Object: 'Object Repository/CERTPAY_GENERICSTI/Payment_Information_Page/EXP_YEAR' is clicked on

2020-02-05 17:48:44 - [MESSAGE][PASSED] - All options with label '2023' are selected in object 'Object Repository/CERTPAY_GENERICSTI/Payment_Information_Page/EXP_YEAR'  using regular expression

2020-02-05 17:48:44 - [MESSAGE][PASSED] - selected dropdown option by visible text  2023from  expYear

2020-02-05 17:48:44 - [MESSAGE][PASSED] - Object 'Object Repository/CERTPAY_GENERICSTI/Payment_Information_Page/SECURITY_CODE' is present

2020-02-05 17:48:45 - [MESSAGE][PASSED] - Object 'Object Repository/CERTPAY_GENERICSTI/Payment_Information_Page/SECURITY_CODE' is visible

2020-02-05 17:48:45 - [MESSAGE][PASSED] - Object 'Object Repository/CERTPAY_GENERICSTI/Payment_Information_Page/SECURITY_CODE' is present

2020-02-05 17:48:46 - [MESSAGE][PASSED] - Text '201' is set on object 'Object Repository/CERTPAY_GENERICSTI/Payment_Information_Page/SECURITY_CODE'

2020-02-05 17:48:46 - [MESSAGE][PASSED] - GenericSTI_DifferentCardType.ts:Entered'201 into securityCode

2020-02-05 17:48:46 - [TEST_STEP][PASSED] - utilities.SafeActions.safeClick(findTestObject("CERTPAY_GENERICSTI/Payment_Information_Page/NEXT"), "Next", [pageLoadTime]): GenericSTI_DifferentCardType.ts:Clicked on the Next

2020-02-05 17:48:46 - [MESSAGE][INFO] - safeClicking

2020-02-05 17:48:47 - [MESSAGE][PASSED] - Object 'Object Repository/CERTPAY_GENERICSTI/Payment_Information_Page/NEXT' is present

2020-02-05 17:48:47 - [MESSAGE][PASSED] - Object 'Object Repository/CERTPAY_GENERICSTI/Payment_Information_Page/NEXT' is clickable

2020-02-05 17:48:52 - [MESSAGE][PASSED] - Object: 'Object Repository/CERTPAY_GENERICSTI/Payment_Information_Page/NEXT' is clicked on

2020-02-05 17:48:52 - [MESSAGE][PASSED] - GenericSTI_DifferentCardType.ts:Clicked on the Next

2020-02-05 17:48:52 - [TEST_STEP][PASSED] - utilities.SafeActions.safeClick(findTestObject("CERTPAY_GENERICSTI/Review_Payment_Page/PROCESS_PAYMENT"), "Process payment", [pageLoadTime]): GenericSTI_DifferentCardType.ts:Clicked on the Process payment

2020-02-05 17:48:52 - [MESSAGE][INFO] - safeClicking

2020-02-05 17:48:53 - [MESSAGE][PASSED] - Object 'Object Repository/CERTPAY_GENERICSTI/Review_Payment_Page/PROCESS_PAYMENT' is present

2020-02-05 17:48:54 - [MESSAGE][PASSED] - Object 'Object Repository/CERTPAY_GENERICSTI/Review_Payment_Page/PROCESS_PAYMENT' is clickable

2020-02-05 17:48:55 - [MESSAGE][PASSED] - Object: 'Object Repository/CERTPAY_GENERICSTI/Review_Payment_Page/PROCESS_PAYMENT' is clicked on

2020-02-05 17:48:55 - [MESSAGE][PASSED] - GenericSTI_DifferentCardType.ts:Clicked on the Process payment

2020-02-05 17:48:55 - [TEST_STEP][PASSED] - utilities.SafeActions.safeClick(findTestObject("CERTPAY_GENERICSTI/Confirm_Payment_Page/CONFIRM_YES"), "Process payment", [pageLoadTime]): GenericSTI_DifferentCardType.ts:Clicked on the Process payment

2020-02-05 17:48:55 - [MESSAGE][INFO] - safeClicking

2020-02-05 17:48:56 - [MESSAGE][PASSED] - Object 'Object Repository/CERTPAY_GENERICSTI/Confirm_Payment_Page/CONFIRM_YES' is present

2020-02-05 17:48:56 - [MESSAGE][PASSED] - Object 'Object Repository/CERTPAY_GENERICSTI/Confirm_Payment_Page/CONFIRM_YES' is clickable

2020-02-05 17:49:03 - [MESSAGE][PASSED] - Object: 'Object Repository/CERTPAY_GENERICSTI/Confirm_Payment_Page/CONFIRM_YES' is clicked on

2020-02-05 17:49:03 - [MESSAGE][PASSED] - GenericSTI_DifferentCardType.ts:Clicked on the Process payment

2020-02-05 17:49:03 - [TEST_STEP][PASSED] - utilities.SafeActions.safeClick(findTestObject("CERTPAY_GENERICSTI/Payment_Details_Verification_Page/NEXT"), "Process payment", [pageLoadTime]): GenericSTI_DifferentCardType.ts:Clicked on the Process payment

2020-02-05 17:49:03 - [MESSAGE][INFO] - safeClicking

2020-02-05 17:49:05 - [MESSAGE][PASSED] - Object 'Object Repository/CERTPAY_GENERICSTI/Payment_Details_Verification_Page/NEXT' is present

2020-02-05 17:49:05 - [MESSAGE][PASSED] - Object 'Object Repository/CERTPAY_GENERICSTI/Payment_Details_Verification_Page/NEXT' is clickable

2020-02-05 17:49:11 - [MESSAGE][PASSED] - Object: 'Object Repository/CERTPAY_GENERICSTI/Payment_Details_Verification_Page/NEXT' is clicked on

2020-02-05 17:49:11 - [MESSAGE][PASSED] - GenericSTI_DifferentCardType.ts:Clicked on the Process payment

2020-02-05 17:49:11 - [TEST_STEP][PASSED] - FirstName = data.getValue("FirstName", index): null

2020-02-05 17:49:11 - [TEST_STEP][PASSED] - LastName = data.getValue("LastName", index): null

2020-02-05 17:49:11 - [TEST_STEP][PASSED] - Amount = data.getValue("Amount", index): null

2020-02-05 17:49:11 - [TEST_STEP][PASSED] - cardNum = data.getValue("CardNumber", index): null

2020-02-05 17:49:11 - [TEST_STEP][PASSED] - expMonth = data.getValue("ExpMonth", index): null

2020-02-05 17:49:11 - [TEST_STEP][PASSED] - expYear = data.getValue("ExpYear", index): null

2020-02-05 17:49:11 - [TEST_STEP][PASSED] - securityCode = data.getValue("SecurityCode", index): null

2020-02-05 17:49:11 - [TEST_STEP][PASSED] - cardType = data.getValue("CardType", index): null

2020-02-05 17:49:11 - [TEST_STEP][PASSED] - Comments = data.getValue("Comments", index): null

2020-02-05 17:49:11 - [TEST_STEP][PASSED] - Address = data.getValue("Address", index): null

2020-02-05 17:49:11 - [TEST_STEP][PASSED] - Telephone = data.getValue("Telephone", index): null

2020-02-05 17:49:11 - [TEST_STEP][PASSED] - Email = data.getValue("EmailAddress", index): null

2020-02-05 17:49:11 - [TEST_STEP][PASSED] - AccountType = data.getValue("AccountType", index): null

2020-02-05 17:49:11 - [TEST_STEP][PASSED] - RoutingNumber = data.getValue("RoutingNumber", index): null

2020-02-05 17:49:11 - [TEST_STEP][PASSED] - BankName = data.getValue("BankName", index): null

2020-02-05 17:49:11 - [TEST_STEP][PASSED] - AccountNumber = data.getValue("AccountNumber", index): null

2020-02-05 17:49:11 - [TEST_STEP][PASSED] - ConfirmAccountNumber = data.getValue("ConfirmAccountNumber", index): null

2020-02-05 17:49:11 - [TEST_STEP][PASSED] - Signature = data.getValue("Signature", index): null

2020-02-05 17:49:11 - [TEST_STEP][PASSED] - Agreement = data.getValue("Agreement", index): null

2020-02-05 17:49:11 - [TEST_STEP][PASSED] - utilities.SafeActions.openBrowser(Genericsti_url, [pageLoadTime]): Browser launched successfully

2020-02-05 17:49:11 - [MESSAGE][INFO] - Opening Browser

2020-02-05 17:49:11 - [MESSAGE][WARNING] - A browser is already opened. Closing browser and opening a new one

2020-02-05 17:49:12 - [MESSAGE][INFO] - Starting 'Chrome' driver

2020-02-05 17:49:19 - [MESSAGE][PASSED] - Browser is opened with url: 'https://qa-certpaygenericsti.faps.net/genericsti/demo/'

2020-02-05 17:49:20 - [MESSAGE][PASSED] - Current window maximized

2020-02-05 17:49:20 - [MESSAGE][PASSED] - Browser launched successfully

2020-02-05 17:49:20 - [TEST_STEP][PASSED] - utilities.SafeActions.safeClick(findTestObject("CERTPAY_GENERICSTI/Demo_Pages/BEGIN_PAYMENT"), "Begin Payment", [pageLoadTime]): GenericSTI_DifferentCardType.ts:Clicked on the Begin Payment

2020-02-05 17:49:20 - [MESSAGE][INFO] - safeClicking

2020-02-05 17:49:20 - [MESSAGE][PASSED] - Object 'Object Repository/CERTPAY_GENERICSTI/Demo_Pages/BEGIN_PAYMENT' is present

2020-02-05 17:49:21 - [MESSAGE][PASSED] - Object 'Object Repository/CERTPAY_GENERICSTI/Demo_Pages/BEGIN_PAYMENT' is clickable

2020-02-05 17:49:23 - [MESSAGE][PASSED] - Object: 'Object Repository/CERTPAY_GENERICSTI/Demo_Pages/BEGIN_PAYMENT' is clicked on

2020-02-05 17:49:23 - [MESSAGE][PASSED] - GenericSTI_DifferentCardType.ts:Clicked on the Begin Payment

2020-02-05 17:49:23 - [TEST_STEP][PASSED] - XMLString = utilities.SafeActions.CreateXML(FirstName, LastName, Amount, Address, Email, Telephone): utilities.SafeActions.CreateXML is PASSED

2020-02-05 17:49:23 - [MESSAGE][INFO] - Create XML

2020-02-05 17:49:23 - [MESSAGE][PASSED] - utilities.SafeActions.CreateXML is PASSED

2020-02-05 17:49:23 - [TEST_STEP][PASSED] - utilities.SafeActions.safeType(findTestObject("CERTPAY_GENERICSTI/XML_Page/XML"), XMLString, "XMLContent", [pageLoadTime]): GenericSTI_DifferentCardType.ts:Entered'&lt;?xml version=&quot;1.0&quot; encoding=&quot;utf-8&quot;?&gt;
&lt;Transaction xmlns:xsi=&quot;http://www.w3.org/2001/XMLSchema-instance&quot; xmlns:xsd=&quot;http://www.w3.org/2001/XMLSchema&quot;&gt;
    &lt;BT_ID&gt;123456789&lt;/BT_ID&gt;
    &lt;Protocol&gt;
        &lt;RTU&gt;https://certifiedpayments.net/&lt;/RTU&gt;
        &lt;RLU&gt;https://certifiedpayments.net/&lt;/RLU&gt;
    &lt;/Protocol&gt;
    &lt;Billing&gt;
        &lt;FN Return=&quot;false&quot;&gt;Divya&lt;/FN&gt;
        &lt;MN Return=&quot;false&quot;&gt;K.&lt;/MN&gt;
        &lt;LN Return=&quot;false&quot;&gt;M&lt;/LN&gt;
        &lt;Sufx Return=&quot;false&quot; /&gt;
        &lt;AD1 Return=&quot;false&quot;&gt;1320 SE Benning&lt;/AD1&gt;
        &lt;AD2 Return=&quot;false&quot;&gt;Apt. A&lt;/AD2&gt;
        &lt;CTY Return=&quot;false&quot;&gt;New York&lt;/CTY&gt;
        &lt;ST Return=&quot;false&quot;&gt;NY&lt;/ST&gt;
        &lt;CNTY Return=&quot;false&quot;&gt;US&lt;/CNTY&gt;
        &lt;Phone Return=&quot;false&quot;&gt;555-1234&lt;/Phone&gt;
        &lt;Postal Return=&quot;false&quot;&gt;10018&lt;/Postal&gt;
        &lt;Email Return=&quot;false&quot;&gt;Test@knila.com&lt;/Email&gt;
    &lt;/Billing&gt;
    &lt;Items&gt;
        &lt;CI&gt;
            &lt;Amount Edit=&quot;true&quot;&gt;3.00&lt;/Amount&gt;
            &lt;BC&gt;6100000&lt;/BC&gt;
            &lt;CFS&gt;
                &lt;CF Edit=&quot;false&quot; Return=&quot;false&quot;&gt;
                    &lt;CFN&gt;Order Number&lt;/CFN&gt;
                    &lt;CFV&gt;123456789&lt;/CFV&gt;
                    &lt;VP&gt;\d{9}&lt;/VP&gt;
                &lt;/CF&gt;
                &lt;CF Edit=&quot;false&quot; Return=&quot;false&quot;&gt;
                    &lt;CFN&gt;Description&lt;/CFN&gt;
                    &lt;CFV&gt;Speeding Ticket&lt;/CFV&gt;
                    &lt;VP /&gt;
                &lt;/CF&gt;
            &lt;/CFS&gt;
            &lt;FN&gt;Divya&lt;/FN&gt;
            &lt;MN&gt;K.&lt;/MN&gt;
            &lt;LN&gt;M&lt;/LN&gt;
            &lt;Sufx /&gt;
            &lt;AD1&gt;1320 SE Benning&lt;/AD1&gt;
            &lt;AD2&gt;Apt. A&lt;/AD2&gt;
            &lt;CTY&gt;New York&lt;/CTY&gt;
            &lt;ST&gt;NY&lt;/ST&gt;
            &lt;CNTY&gt;US&lt;/CNTY&gt;
            &lt;Phone&gt;555-1234&lt;/Phone&gt;
            &lt;Postal&gt;10018&lt;/Postal&gt;
        &lt;/CI&gt;
      
    &lt;/Items&gt;
&lt;/Transaction&gt; into XMLContent

2020-02-05 17:49:23 - [MESSAGE][PASSED] - Object 'Object Repository/CERTPAY_GENERICSTI/XML_Page/XML' is present

2020-02-05 17:49:23 - [MESSAGE][PASSED] - Object 'Object Repository/CERTPAY_GENERICSTI/XML_Page/XML' is visible

2020-02-05 17:49:24 - [MESSAGE][PASSED] - Object 'Object Repository/CERTPAY_GENERICSTI/XML_Page/XML' is present

2020-02-05 17:49:33 - [MESSAGE][PASSED] - Text '&lt;?xml version=&quot;1.0&quot; encoding=&quot;utf-8&quot;?&gt;
&lt;Transaction xmlns:xsi=&quot;http://www.w3.org/2001/XMLSchema-instance&quot; xmlns:xsd=&quot;http://www.w3.org/2001/XMLSchema&quot;&gt;
    &lt;BT_ID&gt;123456789&lt;/BT_ID&gt;
    &lt;Protocol&gt;
        &lt;RTU&gt;https://certifiedpayments.net/&lt;/RTU&gt;
        &lt;RLU&gt;https://certifiedpayments.net/&lt;/RLU&gt;
    &lt;/Protocol&gt;
    &lt;Billing&gt;
        &lt;FN Return=&quot;false&quot;&gt;Divya&lt;/FN&gt;
        &lt;MN Return=&quot;false&quot;&gt;K.&lt;/MN&gt;
        &lt;LN Return=&quot;false&quot;&gt;M&lt;/LN&gt;
        &lt;Sufx Return=&quot;false&quot; /&gt;
        &lt;AD1 Return=&quot;false&quot;&gt;1320 SE Benning&lt;/AD1&gt;
        &lt;AD2 Return=&quot;false&quot;&gt;Apt. A&lt;/AD2&gt;
        &lt;CTY Return=&quot;false&quot;&gt;New York&lt;/CTY&gt;
        &lt;ST Return=&quot;false&quot;&gt;NY&lt;/ST&gt;
        &lt;CNTY Return=&quot;false&quot;&gt;US&lt;/CNTY&gt;
        &lt;Phone Return=&quot;false&quot;&gt;555-1234&lt;/Phone&gt;
        &lt;Postal Return=&quot;false&quot;&gt;10018&lt;/Postal&gt;
        &lt;Email Return=&quot;false&quot;&gt;Test@knila.com&lt;/Email&gt;
    &lt;/Billing&gt;
    &lt;Items&gt;
        &lt;CI&gt;
            &lt;Amount Edit=&quot;true&quot;&gt;3.00&lt;/Amount&gt;
            &lt;BC&gt;6100000&lt;/BC&gt;
            &lt;CFS&gt;
                &lt;CF Edit=&quot;false&quot; Return=&quot;false&quot;&gt;
                    &lt;CFN&gt;Order Number&lt;/CFN&gt;
                    &lt;CFV&gt;123456789&lt;/CFV&gt;
                    &lt;VP&gt;\d{9}&lt;/VP&gt;
                &lt;/CF&gt;
                &lt;CF Edit=&quot;false&quot; Return=&quot;false&quot;&gt;
                    &lt;CFN&gt;Description&lt;/CFN&gt;
                    &lt;CFV&gt;Speeding Ticket&lt;/CFV&gt;
                    &lt;VP /&gt;
                &lt;/CF&gt;
            &lt;/CFS&gt;
            &lt;FN&gt;Divya&lt;/FN&gt;
            &lt;MN&gt;K.&lt;/MN&gt;
            &lt;LN&gt;M&lt;/LN&gt;
            &lt;Sufx /&gt;
            &lt;AD1&gt;1320 SE Benning&lt;/AD1&gt;
            &lt;AD2&gt;Apt. A&lt;/AD2&gt;
            &lt;CTY&gt;New York&lt;/CTY&gt;
            &lt;ST&gt;NY&lt;/ST&gt;
            &lt;CNTY&gt;US&lt;/CNTY&gt;
            &lt;Phone&gt;555-1234&lt;/Phone&gt;
            &lt;Postal&gt;10018&lt;/Postal&gt;
        &lt;/CI&gt;
      
    &lt;/Items&gt;
&lt;/Transaction&gt;' is set on object 'Object Repository/CERTPAY_GENERICSTI/XML_Page/XML'

2020-02-05 17:49:33 - [MESSAGE][PASSED] - GenericSTI_DifferentCardType.ts:Entered'&lt;?xml version=&quot;1.0&quot; encoding=&quot;utf-8&quot;?&gt;
&lt;Transaction xmlns:xsi=&quot;http://www.w3.org/2001/XMLSchema-instance&quot; xmlns:xsd=&quot;http://www.w3.org/2001/XMLSchema&quot;&gt;
    &lt;BT_ID&gt;123456789&lt;/BT_ID&gt;
    &lt;Protocol&gt;
        &lt;RTU&gt;https://certifiedpayments.net/&lt;/RTU&gt;
        &lt;RLU&gt;https://certifiedpayments.net/&lt;/RLU&gt;
    &lt;/Protocol&gt;
    &lt;Billing&gt;
        &lt;FN Return=&quot;false&quot;&gt;Divya&lt;/FN&gt;
        &lt;MN Return=&quot;false&quot;&gt;K.&lt;/MN&gt;
        &lt;LN Return=&quot;false&quot;&gt;M&lt;/LN&gt;
        &lt;Sufx Return=&quot;false&quot; /&gt;
        &lt;AD1 Return=&quot;false&quot;&gt;1320 SE Benning&lt;/AD1&gt;
        &lt;AD2 Return=&quot;false&quot;&gt;Apt. A&lt;/AD2&gt;
        &lt;CTY Return=&quot;false&quot;&gt;New York&lt;/CTY&gt;
        &lt;ST Return=&quot;false&quot;&gt;NY&lt;/ST&gt;
        &lt;CNTY Return=&quot;false&quot;&gt;US&lt;/CNTY&gt;
        &lt;Phone Return=&quot;false&quot;&gt;555-1234&lt;/Phone&gt;
        &lt;Postal Return=&quot;false&quot;&gt;10018&lt;/Postal&gt;
        &lt;Email Return=&quot;false&quot;&gt;Test@knila.com&lt;/Email&gt;
    &lt;/Billing&gt;
    &lt;Items&gt;
        &lt;CI&gt;
            &lt;Amount Edit=&quot;true&quot;&gt;3.00&lt;/Amount&gt;
            &lt;BC&gt;6100000&lt;/BC&gt;
            &lt;CFS&gt;
                &lt;CF Edit=&quot;false&quot; Return=&quot;false&quot;&gt;
                    &lt;CFN&gt;Order Number&lt;/CFN&gt;
                    &lt;CFV&gt;123456789&lt;/CFV&gt;
                    &lt;VP&gt;\d{9}&lt;/VP&gt;
                &lt;/CF&gt;
                &lt;CF Edit=&quot;false&quot; Return=&quot;false&quot;&gt;
                    &lt;CFN&gt;Description&lt;/CFN&gt;
                    &lt;CFV&gt;Speeding Ticket&lt;/CFV&gt;
                    &lt;VP /&gt;
                &lt;/CF&gt;
            &lt;/CFS&gt;
            &lt;FN&gt;Divya&lt;/FN&gt;
            &lt;MN&gt;K.&lt;/MN&gt;
            &lt;LN&gt;M&lt;/LN&gt;
            &lt;Sufx /&gt;
            &lt;AD1&gt;1320 SE Benning&lt;/AD1&gt;
            &lt;AD2&gt;Apt. A&lt;/AD2&gt;
            &lt;CTY&gt;New York&lt;/CTY&gt;
            &lt;ST&gt;NY&lt;/ST&gt;
            &lt;CNTY&gt;US&lt;/CNTY&gt;
            &lt;Phone&gt;555-1234&lt;/Phone&gt;
            &lt;Postal&gt;10018&lt;/Postal&gt;
        &lt;/CI&gt;
      
    &lt;/Items&gt;
&lt;/Transaction&gt; into XMLContent

2020-02-05 17:49:33 - [TEST_STEP][PASSED] - utilities.SafeActions.safeClick(findTestObject("CERTPAY_GENERICSTI/XML_Page/SUBMIT"), "Submit XML", [pageLoadTime]): GenericSTI_DifferentCardType.ts:Clicked on the Submit XML

2020-02-05 17:49:33 - [MESSAGE][INFO] - safeClicking

2020-02-05 17:49:34 - [MESSAGE][PASSED] - Object 'Object Repository/CERTPAY_GENERICSTI/XML_Page/SUBMIT' is present

2020-02-05 17:49:34 - [MESSAGE][PASSED] - Object 'Object Repository/CERTPAY_GENERICSTI/XML_Page/SUBMIT' is clickable

2020-02-05 17:49:41 - [MESSAGE][PASSED] - Object: 'Object Repository/CERTPAY_GENERICSTI/XML_Page/SUBMIT' is clicked on

2020-02-05 17:49:41 - [MESSAGE][PASSED] - GenericSTI_DifferentCardType.ts:Clicked on the Submit XML

2020-02-05 17:49:41 - [TEST_STEP][PASSED] - if (cardType == "Visa"): null

2020-02-05 17:49:41 - [TEST_STEP][PASSED] - else if (cardType == "MasterCard"): null

2020-02-05 17:49:41 - [TEST_STEP][PASSED] - else if (cardType == "AmericanExpress"): GenericSTI_DifferentCardType.ts:Clicked on the AmericanExpress

2020-02-05 17:49:41 - [TEST_STEP][PASSED] - utilities.SafeActions.safeClick(findTestObject("CERTPAY_GENERICSTI/Payment_Information_Page/AMERICAN_EXPRESS"), "AmericanExpress", [pageLoadTime]): GenericSTI_DifferentCardType.ts:Clicked on the AmericanExpress

2020-02-05 17:49:41 - [MESSAGE][INFO] - safeClicking

2020-02-05 17:49:42 - [MESSAGE][PASSED] - Object 'Object Repository/CERTPAY_GENERICSTI/Payment_Information_Page/AMERICAN_EXPRESS' is present

2020-02-05 17:49:42 - [MESSAGE][PASSED] - Object 'Object Repository/CERTPAY_GENERICSTI/Payment_Information_Page/AMERICAN_EXPRESS' is clickable

2020-02-05 17:49:46 - [MESSAGE][PASSED] - Object: 'Object Repository/CERTPAY_GENERICSTI/Payment_Information_Page/AMERICAN_EXPRESS' is clicked on

2020-02-05 17:49:46 - [MESSAGE][PASSED] - GenericSTI_DifferentCardType.ts:Clicked on the AmericanExpress

2020-02-05 17:49:46 - [TEST_STEP][PASSED] - utilities.SafeActions.safeType(findTestObject("CERTPAY_GENERICSTI/Payment_Information_Page/COMMENTS"), "Testing", "Comments", [pageLoadTime]): GenericSTI_DifferentCardType.ts:Entered'Testing into Comments

2020-02-05 17:49:46 - [MESSAGE][PASSED] - Object 'Object Repository/CERTPAY_GENERICSTI/Payment_Information_Page/COMMENTS' is present

2020-02-05 17:49:46 - [MESSAGE][PASSED] - Object 'Object Repository/CERTPAY_GENERICSTI/Payment_Information_Page/COMMENTS' is visible

2020-02-05 17:49:47 - [MESSAGE][PASSED] - Object 'Object Repository/CERTPAY_GENERICSTI/Payment_Information_Page/COMMENTS' is present

2020-02-05 17:49:48 - [MESSAGE][PASSED] - Text 'Testing' is set on object 'Object Repository/CERTPAY_GENERICSTI/Payment_Information_Page/COMMENTS'

2020-02-05 17:49:48 - [MESSAGE][PASSED] - GenericSTI_DifferentCardType.ts:Entered'Testing into Comments

2020-02-05 17:49:48 - [TEST_STEP][PASSED] - CardNumber = pages.Genericsti.setUserPaymentDetails(cardNum): GenericSTI_DifferentCardType.ts:Entered'378282246310005 into CardNum

2020-02-05 17:49:48 - [MESSAGE][PASSED] - Object 'Object Repository/CERTPAY_GENERICSTI/Payment_Information_Page/CARD_NUMBER' is present

2020-02-05 17:49:49 - [MESSAGE][PASSED] - Object 'Object Repository/CERTPAY_GENERICSTI/Payment_Information_Page/CARD_NUMBER' is visible

2020-02-05 17:49:49 - [MESSAGE][PASSED] - Object 'Object Repository/CERTPAY_GENERICSTI/Payment_Information_Page/CARD_NUMBER' is present

2020-02-05 17:49:51 - [MESSAGE][PASSED] - Text '378282246310005' is set on object 'Object Repository/CERTPAY_GENERICSTI/Payment_Information_Page/CARD_NUMBER'

2020-02-05 17:49:51 - [MESSAGE][PASSED] - GenericSTI_DifferentCardType.ts:Entered'378282246310005 into CardNum

2020-02-05 17:49:51 - [TEST_STEP][PASSED] - pages.Genericsti.setExpDate(expMonth, expYear, securityCode): GenericSTI_DifferentCardType.ts:Entered'111 into securityCode

2020-02-05 17:49:51 - [MESSAGE][PASSED] - Object 'Object Repository/CERTPAY_GENERICSTI/Payment_Information_Page/EXP_MONTH' is visible

2020-02-05 17:49:51 - [MESSAGE][PASSED] - Object 'Object Repository/CERTPAY_GENERICSTI/Payment_Information_Page/EXP_MONTH' is present

2020-02-05 17:49:53 - [MESSAGE][PASSED] - Object: 'Object Repository/CERTPAY_GENERICSTI/Payment_Information_Page/EXP_MONTH' is clicked on

2020-02-05 17:49:54 - [MESSAGE][PASSED] - All options with label '4' are selected in object 'Object Repository/CERTPAY_GENERICSTI/Payment_Information_Page/EXP_MONTH'  using regular expression

2020-02-05 17:49:54 - [MESSAGE][PASSED] - selected dropdown option by visible text  4from expMonth

2020-02-05 17:49:54 - [MESSAGE][PASSED] - Object 'Object Repository/CERTPAY_GENERICSTI/Payment_Information_Page/EXP_YEAR' is visible

2020-02-05 17:49:55 - [MESSAGE][PASSED] - Object 'Object Repository/CERTPAY_GENERICSTI/Payment_Information_Page/EXP_YEAR' is present

2020-02-05 17:49:56 - [MESSAGE][PASSED] - Object: 'Object Repository/CERTPAY_GENERICSTI/Payment_Information_Page/EXP_YEAR' is clicked on

2020-02-05 17:49:57 - [MESSAGE][PASSED] - All options with label '2024' are selected in object 'Object Repository/CERTPAY_GENERICSTI/Payment_Information_Page/EXP_YEAR'  using regular expression

2020-02-05 17:49:57 - [MESSAGE][PASSED] - selected dropdown option by visible text  2024from  expYear

2020-02-05 17:49:58 - [MESSAGE][PASSED] - Object 'Object Repository/CERTPAY_GENERICSTI/Payment_Information_Page/SECURITY_CODE' is present

2020-02-05 17:49:58 - [MESSAGE][PASSED] - Object 'Object Repository/CERTPAY_GENERICSTI/Payment_Information_Page/SECURITY_CODE' is visible

2020-02-05 17:49:58 - [MESSAGE][PASSED] - Object 'Object Repository/CERTPAY_GENERICSTI/Payment_Information_Page/SECURITY_CODE' is present

2020-02-05 17:50:00 - [MESSAGE][PASSED] - Text '111' is set on object 'Object Repository/CERTPAY_GENERICSTI/Payment_Information_Page/SECURITY_CODE'

2020-02-05 17:50:00 - [MESSAGE][PASSED] - GenericSTI_DifferentCardType.ts:Entered'111 into securityCode

2020-02-05 17:50:00 - [TEST_STEP][PASSED] - utilities.SafeActions.safeClick(findTestObject("CERTPAY_GENERICSTI/Payment_Information_Page/NEXT"), "Next", [pageLoadTime]): GenericSTI_DifferentCardType.ts:Clicked on the Next

2020-02-05 17:50:00 - [MESSAGE][INFO] - safeClicking

2020-02-05 17:50:00 - [MESSAGE][PASSED] - Object 'Object Repository/CERTPAY_GENERICSTI/Payment_Information_Page/NEXT' is present

2020-02-05 17:50:00 - [MESSAGE][PASSED] - Object 'Object Repository/CERTPAY_GENERICSTI/Payment_Information_Page/NEXT' is clickable

2020-02-05 17:50:03 - [MESSAGE][PASSED] - Object: 'Object Repository/CERTPAY_GENERICSTI/Payment_Information_Page/NEXT' is clicked on

2020-02-05 17:50:03 - [MESSAGE][PASSED] - GenericSTI_DifferentCardType.ts:Clicked on the Next

2020-02-05 17:50:03 - [TEST_STEP][PASSED] - utilities.SafeActions.safeClick(findTestObject("CERTPAY_GENERICSTI/Review_Payment_Page/PROCESS_PAYMENT"), "Process payment", [pageLoadTime]): GenericSTI_DifferentCardType.ts:Clicked on the Process payment

2020-02-05 17:50:03 - [MESSAGE][INFO] - safeClicking

2020-02-05 17:50:05 - [MESSAGE][PASSED] - Object 'Object Repository/CERTPAY_GENERICSTI/Review_Payment_Page/PROCESS_PAYMENT' is present

2020-02-05 17:50:05 - [MESSAGE][PASSED] - Object 'Object Repository/CERTPAY_GENERICSTI/Review_Payment_Page/PROCESS_PAYMENT' is clickable

2020-02-05 17:50:06 - [MESSAGE][PASSED] - Object: 'Object Repository/CERTPAY_GENERICSTI/Review_Payment_Page/PROCESS_PAYMENT' is clicked on

2020-02-05 17:50:06 - [MESSAGE][PASSED] - GenericSTI_DifferentCardType.ts:Clicked on the Process payment

2020-02-05 17:50:06 - [TEST_STEP][PASSED] - utilities.SafeActions.safeClick(findTestObject("CERTPAY_GENERICSTI/Confirm_Payment_Page/CONFIRM_YES"), "Process payment", [pageLoadTime]): GenericSTI_DifferentCardType.ts:Clicked on the Process payment

2020-02-05 17:50:06 - [MESSAGE][INFO] - safeClicking

2020-02-05 17:50:07 - [MESSAGE][PASSED] - Object 'Object Repository/CERTPAY_GENERICSTI/Confirm_Payment_Page/CONFIRM_YES' is present

2020-02-05 17:50:07 - [MESSAGE][PASSED] - Object 'Object Repository/CERTPAY_GENERICSTI/Confirm_Payment_Page/CONFIRM_YES' is clickable

2020-02-05 17:50:13 - [MESSAGE][PASSED] - Object: 'Object Repository/CERTPAY_GENERICSTI/Confirm_Payment_Page/CONFIRM_YES' is clicked on

2020-02-05 17:50:13 - [MESSAGE][PASSED] - GenericSTI_DifferentCardType.ts:Clicked on the Process payment

2020-02-05 17:50:13 - [TEST_STEP][PASSED] - utilities.SafeActions.safeClick(findTestObject("CERTPAY_GENERICSTI/Payment_Details_Verification_Page/NEXT"), "Process payment", [pageLoadTime]): GenericSTI_DifferentCardType.ts:Clicked on the Process payment

2020-02-05 17:50:13 - [MESSAGE][INFO] - safeClicking

2020-02-05 17:50:14 - [MESSAGE][PASSED] - Object 'Object Repository/CERTPAY_GENERICSTI/Payment_Details_Verification_Page/NEXT' is present

2020-02-05 17:50:15 - [MESSAGE][PASSED] - Object 'Object Repository/CERTPAY_GENERICSTI/Payment_Details_Verification_Page/NEXT' is clickable

2020-02-05 17:50:20 - [MESSAGE][PASSED] - Object: 'Object Repository/CERTPAY_GENERICSTI/Payment_Details_Verification_Page/NEXT' is clicked on

2020-02-05 17:50:20 - [MESSAGE][PASSED] - GenericSTI_DifferentCardType.ts:Clicked on the Process payment

2020-02-05 17:50:20 - [TEST_STEP][PASSED] - FirstName = data.getValue("FirstName", index): null

2020-02-05 17:50:20 - [TEST_STEP][PASSED] - LastName = data.getValue("LastName", index): null

2020-02-05 17:50:20 - [TEST_STEP][PASSED] - Amount = data.getValue("Amount", index): null

2020-02-05 17:50:20 - [TEST_STEP][PASSED] - cardNum = data.getValue("CardNumber", index): null

2020-02-05 17:50:20 - [TEST_STEP][PASSED] - expMonth = data.getValue("ExpMonth", index): null

2020-02-05 17:50:20 - [TEST_STEP][PASSED] - expYear = data.getValue("ExpYear", index): null

2020-02-05 17:50:20 - [TEST_STEP][PASSED] - securityCode = data.getValue("SecurityCode", index): null

2020-02-05 17:50:20 - [TEST_STEP][PASSED] - cardType = data.getValue("CardType", index): null

2020-02-05 17:50:20 - [TEST_STEP][PASSED] - Comments = data.getValue("Comments", index): null

2020-02-05 17:50:20 - [TEST_STEP][PASSED] - Address = data.getValue("Address", index): null

2020-02-05 17:50:20 - [TEST_STEP][PASSED] - Telephone = data.getValue("Telephone", index): null

2020-02-05 17:50:20 - [TEST_STEP][PASSED] - Email = data.getValue("EmailAddress", index): null

2020-02-05 17:50:20 - [TEST_STEP][PASSED] - AccountType = data.getValue("AccountType", index): null

2020-02-05 17:50:20 - [TEST_STEP][PASSED] - RoutingNumber = data.getValue("RoutingNumber", index): null

2020-02-05 17:50:20 - [TEST_STEP][PASSED] - BankName = data.getValue("BankName", index): null

2020-02-05 17:50:20 - [TEST_STEP][PASSED] - AccountNumber = data.getValue("AccountNumber", index): null

2020-02-05 17:50:20 - [TEST_STEP][PASSED] - ConfirmAccountNumber = data.getValue("ConfirmAccountNumber", index): null

2020-02-05 17:50:20 - [TEST_STEP][PASSED] - Signature = data.getValue("Signature", index): null

2020-02-05 17:50:20 - [TEST_STEP][PASSED] - Agreement = data.getValue("Agreement", index): null

2020-02-05 17:50:20 - [TEST_STEP][PASSED] - utilities.SafeActions.openBrowser(Genericsti_url, [pageLoadTime]): Browser launched successfully

2020-02-05 17:50:20 - [MESSAGE][INFO] - Opening Browser

2020-02-05 17:50:20 - [MESSAGE][WARNING] - A browser is already opened. Closing browser and opening a new one

2020-02-05 17:50:20 - [MESSAGE][INFO] - Starting 'Chrome' driver

2020-02-05 17:50:29 - [MESSAGE][PASSED] - Browser is opened with url: 'https://qa-certpaygenericsti.faps.net/genericsti/demo/'

2020-02-05 17:50:30 - [MESSAGE][PASSED] - Current window maximized

2020-02-05 17:50:30 - [MESSAGE][PASSED] - Browser launched successfully

2020-02-05 17:50:30 - [TEST_STEP][PASSED] - utilities.SafeActions.safeClick(findTestObject("CERTPAY_GENERICSTI/Demo_Pages/BEGIN_PAYMENT"), "Begin Payment", [pageLoadTime]): GenericSTI_DifferentCardType.ts:Clicked on the Begin Payment

2020-02-05 17:50:30 - [MESSAGE][INFO] - safeClicking

2020-02-05 17:50:30 - [MESSAGE][PASSED] - Object 'Object Repository/CERTPAY_GENERICSTI/Demo_Pages/BEGIN_PAYMENT' is present

2020-02-05 17:50:30 - [MESSAGE][PASSED] - Object 'Object Repository/CERTPAY_GENERICSTI/Demo_Pages/BEGIN_PAYMENT' is clickable

2020-02-05 17:50:32 - [MESSAGE][PASSED] - Object: 'Object Repository/CERTPAY_GENERICSTI/Demo_Pages/BEGIN_PAYMENT' is clicked on

2020-02-05 17:50:32 - [MESSAGE][PASSED] - GenericSTI_DifferentCardType.ts:Clicked on the Begin Payment

2020-02-05 17:50:32 - [TEST_STEP][PASSED] - XMLString = utilities.SafeActions.CreateXML(FirstName, LastName, Amount, Address, Email, Telephone): utilities.SafeActions.CreateXML is PASSED

2020-02-05 17:50:32 - [MESSAGE][INFO] - Create XML

2020-02-05 17:50:32 - [MESSAGE][PASSED] - utilities.SafeActions.CreateXML is PASSED

2020-02-05 17:50:32 - [TEST_STEP][PASSED] - utilities.SafeActions.safeType(findTestObject("CERTPAY_GENERICSTI/XML_Page/XML"), XMLString, "XMLContent", [pageLoadTime]): GenericSTI_DifferentCardType.ts:Entered'&lt;?xml version=&quot;1.0&quot; encoding=&quot;utf-8&quot;?&gt;
&lt;Transaction xmlns:xsi=&quot;http://www.w3.org/2001/XMLSchema-instance&quot; xmlns:xsd=&quot;http://www.w3.org/2001/XMLSchema&quot;&gt;
    &lt;BT_ID&gt;123456789&lt;/BT_ID&gt;
    &lt;Protocol&gt;
        &lt;RTU&gt;https://certifiedpayments.net/&lt;/RTU&gt;
        &lt;RLU&gt;https://certifiedpayments.net/&lt;/RLU&gt;
    &lt;/Protocol&gt;
    &lt;Billing&gt;
        &lt;FN Return=&quot;false&quot;&gt;Saranya&lt;/FN&gt;
        &lt;MN Return=&quot;false&quot;&gt;K.&lt;/MN&gt;
        &lt;LN Return=&quot;false&quot;&gt;S&lt;/LN&gt;
        &lt;Sufx Return=&quot;false&quot; /&gt;
        &lt;AD1 Return=&quot;false&quot;&gt;1320 SE Benning&lt;/AD1&gt;
        &lt;AD2 Return=&quot;false&quot;&gt;Apt. A&lt;/AD2&gt;
        &lt;CTY Return=&quot;false&quot;&gt;New York&lt;/CTY&gt;
        &lt;ST Return=&quot;false&quot;&gt;NY&lt;/ST&gt;
        &lt;CNTY Return=&quot;false&quot;&gt;US&lt;/CNTY&gt;
        &lt;Phone Return=&quot;false&quot;&gt;555-1234&lt;/Phone&gt;
        &lt;Postal Return=&quot;false&quot;&gt;10018&lt;/Postal&gt;
        &lt;Email Return=&quot;false&quot;&gt;Test@knila.com&lt;/Email&gt;
    &lt;/Billing&gt;
    &lt;Items&gt;
        &lt;CI&gt;
            &lt;Amount Edit=&quot;true&quot;&gt;5.00&lt;/Amount&gt;
            &lt;BC&gt;6100000&lt;/BC&gt;
            &lt;CFS&gt;
                &lt;CF Edit=&quot;false&quot; Return=&quot;false&quot;&gt;
                    &lt;CFN&gt;Order Number&lt;/CFN&gt;
                    &lt;CFV&gt;123456789&lt;/CFV&gt;
                    &lt;VP&gt;\d{9}&lt;/VP&gt;
                &lt;/CF&gt;
                &lt;CF Edit=&quot;false&quot; Return=&quot;false&quot;&gt;
                    &lt;CFN&gt;Description&lt;/CFN&gt;
                    &lt;CFV&gt;Speeding Ticket&lt;/CFV&gt;
                    &lt;VP /&gt;
                &lt;/CF&gt;
            &lt;/CFS&gt;
            &lt;FN&gt;Saranya&lt;/FN&gt;
            &lt;MN&gt;K.&lt;/MN&gt;
            &lt;LN&gt;S&lt;/LN&gt;
            &lt;Sufx /&gt;
            &lt;AD1&gt;1320 SE Benning&lt;/AD1&gt;
            &lt;AD2&gt;Apt. A&lt;/AD2&gt;
            &lt;CTY&gt;New York&lt;/CTY&gt;
            &lt;ST&gt;NY&lt;/ST&gt;
            &lt;CNTY&gt;US&lt;/CNTY&gt;
            &lt;Phone&gt;555-1234&lt;/Phone&gt;
            &lt;Postal&gt;10018&lt;/Postal&gt;
        &lt;/CI&gt;
      
    &lt;/Items&gt;
&lt;/Transaction&gt; into XMLContent

2020-02-05 17:50:33 - [MESSAGE][PASSED] - Object 'Object Repository/CERTPAY_GENERICSTI/XML_Page/XML' is present

2020-02-05 17:50:33 - [MESSAGE][PASSED] - Object 'Object Repository/CERTPAY_GENERICSTI/XML_Page/XML' is visible

2020-02-05 17:50:33 - [MESSAGE][PASSED] - Object 'Object Repository/CERTPAY_GENERICSTI/XML_Page/XML' is present

2020-02-05 17:50:42 - [MESSAGE][PASSED] - Text '&lt;?xml version=&quot;1.0&quot; encoding=&quot;utf-8&quot;?&gt;
&lt;Transaction xmlns:xsi=&quot;http://www.w3.org/2001/XMLSchema-instance&quot; xmlns:xsd=&quot;http://www.w3.org/2001/XMLSchema&quot;&gt;
    &lt;BT_ID&gt;123456789&lt;/BT_ID&gt;
    &lt;Protocol&gt;
        &lt;RTU&gt;https://certifiedpayments.net/&lt;/RTU&gt;
        &lt;RLU&gt;https://certifiedpayments.net/&lt;/RLU&gt;
    &lt;/Protocol&gt;
    &lt;Billing&gt;
        &lt;FN Return=&quot;false&quot;&gt;Saranya&lt;/FN&gt;
        &lt;MN Return=&quot;false&quot;&gt;K.&lt;/MN&gt;
        &lt;LN Return=&quot;false&quot;&gt;S&lt;/LN&gt;
        &lt;Sufx Return=&quot;false&quot; /&gt;
        &lt;AD1 Return=&quot;false&quot;&gt;1320 SE Benning&lt;/AD1&gt;
        &lt;AD2 Return=&quot;false&quot;&gt;Apt. A&lt;/AD2&gt;
        &lt;CTY Return=&quot;false&quot;&gt;New York&lt;/CTY&gt;
        &lt;ST Return=&quot;false&quot;&gt;NY&lt;/ST&gt;
        &lt;CNTY Return=&quot;false&quot;&gt;US&lt;/CNTY&gt;
        &lt;Phone Return=&quot;false&quot;&gt;555-1234&lt;/Phone&gt;
        &lt;Postal Return=&quot;false&quot;&gt;10018&lt;/Postal&gt;
        &lt;Email Return=&quot;false&quot;&gt;Test@knila.com&lt;/Email&gt;
    &lt;/Billing&gt;
    &lt;Items&gt;
        &lt;CI&gt;
            &lt;Amount Edit=&quot;true&quot;&gt;5.00&lt;/Amount&gt;
            &lt;BC&gt;6100000&lt;/BC&gt;
            &lt;CFS&gt;
                &lt;CF Edit=&quot;false&quot; Return=&quot;false&quot;&gt;
                    &lt;CFN&gt;Order Number&lt;/CFN&gt;
                    &lt;CFV&gt;123456789&lt;/CFV&gt;
                    &lt;VP&gt;\d{9}&lt;/VP&gt;
                &lt;/CF&gt;
                &lt;CF Edit=&quot;false&quot; Return=&quot;false&quot;&gt;
                    &lt;CFN&gt;Description&lt;/CFN&gt;
                    &lt;CFV&gt;Speeding Ticket&lt;/CFV&gt;
                    &lt;VP /&gt;
                &lt;/CF&gt;
            &lt;/CFS&gt;
            &lt;FN&gt;Saranya&lt;/FN&gt;
            &lt;MN&gt;K.&lt;/MN&gt;
            &lt;LN&gt;S&lt;/LN&gt;
            &lt;Sufx /&gt;
            &lt;AD1&gt;1320 SE Benning&lt;/AD1&gt;
            &lt;AD2&gt;Apt. A&lt;/AD2&gt;
            &lt;CTY&gt;New York&lt;/CTY&gt;
            &lt;ST&gt;NY&lt;/ST&gt;
            &lt;CNTY&gt;US&lt;/CNTY&gt;
            &lt;Phone&gt;555-1234&lt;/Phone&gt;
            &lt;Postal&gt;10018&lt;/Postal&gt;
        &lt;/CI&gt;
      
    &lt;/Items&gt;
&lt;/Transaction&gt;' is set on object 'Object Repository/CERTPAY_GENERICSTI/XML_Page/XML'

2020-02-05 17:50:42 - [MESSAGE][PASSED] - GenericSTI_DifferentCardType.ts:Entered'&lt;?xml version=&quot;1.0&quot; encoding=&quot;utf-8&quot;?&gt;
&lt;Transaction xmlns:xsi=&quot;http://www.w3.org/2001/XMLSchema-instance&quot; xmlns:xsd=&quot;http://www.w3.org/2001/XMLSchema&quot;&gt;
    &lt;BT_ID&gt;123456789&lt;/BT_ID&gt;
    &lt;Protocol&gt;
        &lt;RTU&gt;https://certifiedpayments.net/&lt;/RTU&gt;
        &lt;RLU&gt;https://certifiedpayments.net/&lt;/RLU&gt;
    &lt;/Protocol&gt;
    &lt;Billing&gt;
        &lt;FN Return=&quot;false&quot;&gt;Saranya&lt;/FN&gt;
        &lt;MN Return=&quot;false&quot;&gt;K.&lt;/MN&gt;
        &lt;LN Return=&quot;false&quot;&gt;S&lt;/LN&gt;
        &lt;Sufx Return=&quot;false&quot; /&gt;
        &lt;AD1 Return=&quot;false&quot;&gt;1320 SE Benning&lt;/AD1&gt;
        &lt;AD2 Return=&quot;false&quot;&gt;Apt. A&lt;/AD2&gt;
        &lt;CTY Return=&quot;false&quot;&gt;New York&lt;/CTY&gt;
        &lt;ST Return=&quot;false&quot;&gt;NY&lt;/ST&gt;
        &lt;CNTY Return=&quot;false&quot;&gt;US&lt;/CNTY&gt;
        &lt;Phone Return=&quot;false&quot;&gt;555-1234&lt;/Phone&gt;
        &lt;Postal Return=&quot;false&quot;&gt;10018&lt;/Postal&gt;
        &lt;Email Return=&quot;false&quot;&gt;Test@knila.com&lt;/Email&gt;
    &lt;/Billing&gt;
    &lt;Items&gt;
        &lt;CI&gt;
            &lt;Amount Edit=&quot;true&quot;&gt;5.00&lt;/Amount&gt;
            &lt;BC&gt;6100000&lt;/BC&gt;
            &lt;CFS&gt;
                &lt;CF Edit=&quot;false&quot; Return=&quot;false&quot;&gt;
                    &lt;CFN&gt;Order Number&lt;/CFN&gt;
                    &lt;CFV&gt;123456789&lt;/CFV&gt;
                    &lt;VP&gt;\d{9}&lt;/VP&gt;
                &lt;/CF&gt;
                &lt;CF Edit=&quot;false&quot; Return=&quot;false&quot;&gt;
                    &lt;CFN&gt;Description&lt;/CFN&gt;
                    &lt;CFV&gt;Speeding Ticket&lt;/CFV&gt;
                    &lt;VP /&gt;
                &lt;/CF&gt;
            &lt;/CFS&gt;
            &lt;FN&gt;Saranya&lt;/FN&gt;
            &lt;MN&gt;K.&lt;/MN&gt;
            &lt;LN&gt;S&lt;/LN&gt;
            &lt;Sufx /&gt;
            &lt;AD1&gt;1320 SE Benning&lt;/AD1&gt;
            &lt;AD2&gt;Apt. A&lt;/AD2&gt;
            &lt;CTY&gt;New York&lt;/CTY&gt;
            &lt;ST&gt;NY&lt;/ST&gt;
            &lt;CNTY&gt;US&lt;/CNTY&gt;
            &lt;Phone&gt;555-1234&lt;/Phone&gt;
            &lt;Postal&gt;10018&lt;/Postal&gt;
        &lt;/CI&gt;
      
    &lt;/Items&gt;
&lt;/Transaction&gt; into XMLContent

2020-02-05 17:50:42 - [TEST_STEP][PASSED] - utilities.SafeActions.safeClick(findTestObject("CERTPAY_GENERICSTI/XML_Page/SUBMIT"), "Submit XML", [pageLoadTime]): GenericSTI_DifferentCardType.ts:Clicked on the Submit XML

2020-02-05 17:50:42 - [MESSAGE][INFO] - safeClicking

2020-02-05 17:50:43 - [MESSAGE][PASSED] - Object 'Object Repository/CERTPAY_GENERICSTI/XML_Page/SUBMIT' is present

2020-02-05 17:50:43 - [MESSAGE][PASSED] - Object 'Object Repository/CERTPAY_GENERICSTI/XML_Page/SUBMIT' is clickable

2020-02-05 17:50:48 - [MESSAGE][PASSED] - Object: 'Object Repository/CERTPAY_GENERICSTI/XML_Page/SUBMIT' is clicked on

2020-02-05 17:50:48 - [MESSAGE][PASSED] - GenericSTI_DifferentCardType.ts:Clicked on the Submit XML

2020-02-05 17:50:48 - [TEST_STEP][PASSED] - if (cardType == "Visa"): null

2020-02-05 17:50:48 - [TEST_STEP][PASSED] - else if (cardType == "MasterCard"): null

2020-02-05 17:50:48 - [TEST_STEP][PASSED] - else if (cardType == "AmericanExpress"): null

2020-02-05 17:50:48 - [TEST_STEP][PASSED] - else if (cardType == "Discover"): GenericSTI_DifferentCardType.ts:Clicked on the Discover

2020-02-05 17:50:48 - [TEST_STEP][PASSED] - utilities.SafeActions.safeClick(findTestObject("CERTPAY_GENERICSTI/Payment_Information_Page/DISCOVER"), "Discover", [pageLoadTime]): GenericSTI_DifferentCardType.ts:Clicked on the Discover

2020-02-05 17:50:48 - [MESSAGE][INFO] - safeClicking

2020-02-05 17:50:49 - [MESSAGE][PASSED] - Object 'Object Repository/CERTPAY_GENERICSTI/Payment_Information_Page/DISCOVER' is present

2020-02-05 17:50:50 - [MESSAGE][PASSED] - Object 'Object Repository/CERTPAY_GENERICSTI/Payment_Information_Page/DISCOVER' is clickable

2020-02-05 17:50:53 - [MESSAGE][PASSED] - Object: 'Object Repository/CERTPAY_GENERICSTI/Payment_Information_Page/DISCOVER' is clicked on

2020-02-05 17:50:53 - [MESSAGE][PASSED] - GenericSTI_DifferentCardType.ts:Clicked on the Discover

2020-02-05 17:50:53 - [TEST_STEP][PASSED] - utilities.SafeActions.safeType(findTestObject("CERTPAY_GENERICSTI/Payment_Information_Page/COMMENTS"), "Testing", "Comments", [pageLoadTime]): GenericSTI_DifferentCardType.ts:Entered'Testing into Comments

2020-02-05 17:50:53 - [MESSAGE][PASSED] - Object 'Object Repository/CERTPAY_GENERICSTI/Payment_Information_Page/COMMENTS' is present

2020-02-05 17:50:54 - [MESSAGE][PASSED] - Object 'Object Repository/CERTPAY_GENERICSTI/Payment_Information_Page/COMMENTS' is visible

2020-02-05 17:50:54 - [MESSAGE][PASSED] - Object 'Object Repository/CERTPAY_GENERICSTI/Payment_Information_Page/COMMENTS' is present

2020-02-05 17:50:55 - [MESSAGE][PASSED] - Text 'Testing' is set on object 'Object Repository/CERTPAY_GENERICSTI/Payment_Information_Page/COMMENTS'

2020-02-05 17:50:55 - [MESSAGE][PASSED] - GenericSTI_DifferentCardType.ts:Entered'Testing into Comments

2020-02-05 17:50:55 - [TEST_STEP][PASSED] - CardNumber = pages.Genericsti.setUserPaymentDetails(cardNum): GenericSTI_DifferentCardType.ts:Entered'6011111111111117 into CardNum

2020-02-05 17:50:56 - [MESSAGE][PASSED] - Object 'Object Repository/CERTPAY_GENERICSTI/Payment_Information_Page/CARD_NUMBER' is present

2020-02-05 17:50:56 - [MESSAGE][PASSED] - Object 'Object Repository/CERTPAY_GENERICSTI/Payment_Information_Page/CARD_NUMBER' is visible

2020-02-05 17:50:56 - [MESSAGE][PASSED] - Object 'Object Repository/CERTPAY_GENERICSTI/Payment_Information_Page/CARD_NUMBER' is present

2020-02-05 17:50:58 - [MESSAGE][PASSED] - Text '6011111111111117' is set on object 'Object Repository/CERTPAY_GENERICSTI/Payment_Information_Page/CARD_NUMBER'

2020-02-05 17:50:58 - [MESSAGE][PASSED] - GenericSTI_DifferentCardType.ts:Entered'6011111111111117 into CardNum

2020-02-05 17:50:58 - [TEST_STEP][PASSED] - pages.Genericsti.setExpDate(expMonth, expYear, securityCode): GenericSTI_DifferentCardType.ts:Entered'204 into securityCode

2020-02-05 17:50:58 - [MESSAGE][PASSED] - Object 'Object Repository/CERTPAY_GENERICSTI/Payment_Information_Page/EXP_MONTH' is visible

2020-02-05 17:50:58 - [MESSAGE][PASSED] - Object 'Object Repository/CERTPAY_GENERICSTI/Payment_Information_Page/EXP_MONTH' is present

2020-02-05 17:51:00 - [MESSAGE][PASSED] - Object: 'Object Repository/CERTPAY_GENERICSTI/Payment_Information_Page/EXP_MONTH' is clicked on

2020-02-05 17:51:01 - [MESSAGE][PASSED] - All options with label '2' are selected in object 'Object Repository/CERTPAY_GENERICSTI/Payment_Information_Page/EXP_MONTH'  using regular expression

2020-02-05 17:51:01 - [MESSAGE][PASSED] - selected dropdown option by visible text  2from expMonth

2020-02-05 17:51:01 - [MESSAGE][PASSED] - Object 'Object Repository/CERTPAY_GENERICSTI/Payment_Information_Page/EXP_YEAR' is visible

2020-02-05 17:51:02 - [MESSAGE][PASSED] - Object 'Object Repository/CERTPAY_GENERICSTI/Payment_Information_Page/EXP_YEAR' is present

2020-02-05 17:51:03 - [MESSAGE][PASSED] - Object: 'Object Repository/CERTPAY_GENERICSTI/Payment_Information_Page/EXP_YEAR' is clicked on

2020-02-05 17:51:04 - [MESSAGE][PASSED] - All options with label '2023' are selected in object 'Object Repository/CERTPAY_GENERICSTI/Payment_Information_Page/EXP_YEAR'  using regular expression

2020-02-05 17:51:04 - [MESSAGE][PASSED] - selected dropdown option by visible text  2023from  expYear

2020-02-05 17:51:05 - [MESSAGE][PASSED] - Object 'Object Repository/CERTPAY_GENERICSTI/Payment_Information_Page/SECURITY_CODE' is present

2020-02-05 17:51:05 - [MESSAGE][PASSED] - Object 'Object Repository/CERTPAY_GENERICSTI/Payment_Information_Page/SECURITY_CODE' is visible

2020-02-05 17:51:05 - [MESSAGE][PASSED] - Object 'Object Repository/CERTPAY_GENERICSTI/Payment_Information_Page/SECURITY_CODE' is present

2020-02-05 17:51:07 - [MESSAGE][PASSED] - Text '204' is set on object 'Object Repository/CERTPAY_GENERICSTI/Payment_Information_Page/SECURITY_CODE'

2020-02-05 17:51:07 - [MESSAGE][PASSED] - GenericSTI_DifferentCardType.ts:Entered'204 into securityCode

2020-02-05 17:51:07 - [TEST_STEP][PASSED] - utilities.SafeActions.safeClick(findTestObject("CERTPAY_GENERICSTI/Payment_Information_Page/NEXT"), "Next", [pageLoadTime]): GenericSTI_DifferentCardType.ts:Clicked on the Next

2020-02-05 17:51:07 - [MESSAGE][INFO] - safeClicking

2020-02-05 17:51:07 - [MESSAGE][PASSED] - Object 'Object Repository/CERTPAY_GENERICSTI/Payment_Information_Page/NEXT' is present

2020-02-05 17:51:07 - [MESSAGE][PASSED] - Object 'Object Repository/CERTPAY_GENERICSTI/Payment_Information_Page/NEXT' is clickable

2020-02-05 17:51:10 - [MESSAGE][PASSED] - Object: 'Object Repository/CERTPAY_GENERICSTI/Payment_Information_Page/NEXT' is clicked on

2020-02-05 17:51:10 - [MESSAGE][PASSED] - GenericSTI_DifferentCardType.ts:Clicked on the Next

2020-02-05 17:51:10 - [TEST_STEP][PASSED] - utilities.SafeActions.safeClick(findTestObject("CERTPAY_GENERICSTI/Review_Payment_Page/PROCESS_PAYMENT"), "Process payment", [pageLoadTime]): GenericSTI_DifferentCardType.ts:Clicked on the Process payment

2020-02-05 17:51:10 - [MESSAGE][INFO] - safeClicking

2020-02-05 17:51:12 - [MESSAGE][PASSED] - Object 'Object Repository/CERTPAY_GENERICSTI/Review_Payment_Page/PROCESS_PAYMENT' is present

2020-02-05 17:51:12 - [MESSAGE][PASSED] - Object 'Object Repository/CERTPAY_GENERICSTI/Review_Payment_Page/PROCESS_PAYMENT' is clickable

2020-02-05 17:51:13 - [MESSAGE][PASSED] - Object: 'Object Repository/CERTPAY_GENERICSTI/Review_Payment_Page/PROCESS_PAYMENT' is clicked on

2020-02-05 17:51:13 - [MESSAGE][PASSED] - GenericSTI_DifferentCardType.ts:Clicked on the Process payment

2020-02-05 17:51:13 - [TEST_STEP][PASSED] - utilities.SafeActions.safeClick(findTestObject("CERTPAY_GENERICSTI/Confirm_Payment_Page/CONFIRM_YES"), "Process payment", [pageLoadTime]): GenericSTI_DifferentCardType.ts:Clicked on the Process payment

2020-02-05 17:51:13 - [MESSAGE][INFO] - safeClicking

2020-02-05 17:51:14 - [MESSAGE][PASSED] - Object 'Object Repository/CERTPAY_GENERICSTI/Confirm_Payment_Page/CONFIRM_YES' is present

2020-02-05 17:51:14 - [MESSAGE][PASSED] - Object 'Object Repository/CERTPAY_GENERICSTI/Confirm_Payment_Page/CONFIRM_YES' is clickable

2020-02-05 17:51:19 - [MESSAGE][PASSED] - Object: 'Object Repository/CERTPAY_GENERICSTI/Confirm_Payment_Page/CONFIRM_YES' is clicked on

2020-02-05 17:51:19 - [MESSAGE][PASSED] - GenericSTI_DifferentCardType.ts:Clicked on the Process payment

2020-02-05 17:51:19 - [TEST_STEP][PASSED] - utilities.SafeActions.safeClick(findTestObject("CERTPAY_GENERICSTI/Payment_Details_Verification_Page/NEXT"), "Process payment", [pageLoadTime]): GenericSTI_DifferentCardType.ts:Clicked on the Process payment

2020-02-05 17:51:19 - [MESSAGE][INFO] - safeClicking

2020-02-05 17:51:20 - [MESSAGE][PASSED] - Object 'Object Repository/CERTPAY_GENERICSTI/Payment_Details_Verification_Page/NEXT' is present

2020-02-05 17:51:21 - [MESSAGE][PASSED] - Object 'Object Repository/CERTPAY_GENERICSTI/Payment_Details_Verification_Page/NEXT' is clickable

2020-02-05 17:51:26 - [MESSAGE][PASSED] - Object: 'Object Repository/CERTPAY_GENERICSTI/Payment_Details_Verification_Page/NEXT' is clicked on

2020-02-05 17:51:26 - [MESSAGE][PASSED] - GenericSTI_DifferentCardType.ts:Clicked on the Process payment

2020-02-05 17:51:26 - [TEST_STEP][PASSED] - FirstName = data.getValue("FirstName", index): null

2020-02-05 17:51:26 - [TEST_STEP][PASSED] - LastName = data.getValue("LastName", index): null

2020-02-05 17:51:26 - [TEST_STEP][PASSED] - Amount = data.getValue("Amount", index): null

2020-02-05 17:51:26 - [TEST_STEP][PASSED] - cardNum = data.getValue("CardNumber", index): null

2020-02-05 17:51:26 - [TEST_STEP][PASSED] - expMonth = data.getValue("ExpMonth", index): null

2020-02-05 17:51:26 - [TEST_STEP][PASSED] - expYear = data.getValue("ExpYear", index): null

2020-02-05 17:51:26 - [TEST_STEP][PASSED] - securityCode = data.getValue("SecurityCode", index): null

2020-02-05 17:51:26 - [TEST_STEP][PASSED] - cardType = data.getValue("CardType", index): null

2020-02-05 17:51:26 - [TEST_STEP][PASSED] - Comments = data.getValue("Comments", index): null

2020-02-05 17:51:26 - [TEST_STEP][PASSED] - Address = data.getValue("Address", index): null

2020-02-05 17:51:26 - [TEST_STEP][PASSED] - Telephone = data.getValue("Telephone", index): null

2020-02-05 17:51:26 - [TEST_STEP][PASSED] - Email = data.getValue("EmailAddress", index): null

2020-02-05 17:51:26 - [TEST_STEP][PASSED] - AccountType = data.getValue("AccountType", index): null

2020-02-05 17:51:26 - [TEST_STEP][PASSED] - RoutingNumber = data.getValue("RoutingNumber", index): null

2020-02-05 17:51:26 - [TEST_STEP][PASSED] - BankName = data.getValue("BankName", index): null

2020-02-05 17:51:26 - [TEST_STEP][PASSED] - AccountNumber = data.getValue("AccountNumber", index): null

2020-02-05 17:51:26 - [TEST_STEP][PASSED] - ConfirmAccountNumber = data.getValue("ConfirmAccountNumber", index): null

2020-02-05 17:51:26 - [TEST_STEP][PASSED] - Signature = data.getValue("Signature", index): null

2020-02-05 17:51:26 - [TEST_STEP][PASSED] - Agreement = data.getValue("Agreement", index): null

2020-02-05 17:51:26 - [TEST_STEP][PASSED] - utilities.SafeActions.openBrowser(Genericsti_url, [pageLoadTime]): Browser launched successfully

2020-02-05 17:51:26 - [MESSAGE][INFO] - Opening Browser

2020-02-05 17:51:26 - [MESSAGE][WARNING] - A browser is already opened. Closing browser and opening a new one

2020-02-05 17:51:27 - [MESSAGE][INFO] - Starting 'Chrome' driver

2020-02-05 17:51:34 - [MESSAGE][PASSED] - Browser is opened with url: 'https://qa-certpaygenericsti.faps.net/genericsti/demo/'

2020-02-05 17:51:35 - [MESSAGE][PASSED] - Current window maximized

2020-02-05 17:51:35 - [MESSAGE][PASSED] - Browser launched successfully

2020-02-05 17:51:35 - [TEST_STEP][PASSED] - utilities.SafeActions.safeClick(findTestObject("CERTPAY_GENERICSTI/Demo_Pages/BEGIN_PAYMENT"), "Begin Payment", [pageLoadTime]): GenericSTI_DifferentCardType.ts:Clicked on the Begin Payment

2020-02-05 17:51:35 - [MESSAGE][INFO] - safeClicking

2020-02-05 17:51:35 - [MESSAGE][PASSED] - Object 'Object Repository/CERTPAY_GENERICSTI/Demo_Pages/BEGIN_PAYMENT' is present

2020-02-05 17:51:35 - [MESSAGE][PASSED] - Object 'Object Repository/CERTPAY_GENERICSTI/Demo_Pages/BEGIN_PAYMENT' is clickable

2020-02-05 17:51:37 - [MESSAGE][PASSED] - Object: 'Object Repository/CERTPAY_GENERICSTI/Demo_Pages/BEGIN_PAYMENT' is clicked on

2020-02-05 17:51:37 - [MESSAGE][PASSED] - GenericSTI_DifferentCardType.ts:Clicked on the Begin Payment

2020-02-05 17:51:37 - [TEST_STEP][PASSED] - XMLString = utilities.SafeActions.CreateXML(FirstName, LastName, Amount, Address, Email, Telephone): utilities.SafeActions.CreateXML is PASSED

2020-02-05 17:51:37 - [MESSAGE][INFO] - Create XML

2020-02-05 17:51:37 - [MESSAGE][PASSED] - utilities.SafeActions.CreateXML is PASSED

2020-02-05 17:51:37 - [TEST_STEP][PASSED] - utilities.SafeActions.safeType(findTestObject("CERTPAY_GENERICSTI/XML_Page/XML"), XMLString, "XMLContent", [pageLoadTime]): GenericSTI_DifferentCardType.ts:Entered'&lt;?xml version=&quot;1.0&quot; encoding=&quot;utf-8&quot;?&gt;
&lt;Transaction xmlns:xsi=&quot;http://www.w3.org/2001/XMLSchema-instance&quot; xmlns:xsd=&quot;http://www.w3.org/2001/XMLSchema&quot;&gt;
    &lt;BT_ID&gt;123456789&lt;/BT_ID&gt;
    &lt;Protocol&gt;
        &lt;RTU&gt;https://certifiedpayments.net/&lt;/RTU&gt;
        &lt;RLU&gt;https://certifiedpayments.net/&lt;/RLU&gt;
    &lt;/Protocol&gt;
    &lt;Billing&gt;
        &lt;FN Return=&quot;false&quot;&gt;Anitha&lt;/FN&gt;
        &lt;MN Return=&quot;false&quot;&gt;K.&lt;/MN&gt;
        &lt;LN Return=&quot;false&quot;&gt;T&lt;/LN&gt;
        &lt;Sufx Return=&quot;false&quot; /&gt;
        &lt;AD1 Return=&quot;false&quot;&gt;Address&lt;/AD1&gt;
        &lt;AD2 Return=&quot;false&quot;&gt;Apt. A&lt;/AD2&gt;
        &lt;CTY Return=&quot;false&quot;&gt;New York&lt;/CTY&gt;
        &lt;ST Return=&quot;false&quot;&gt;NY&lt;/ST&gt;
        &lt;CNTY Return=&quot;false&quot;&gt;US&lt;/CNTY&gt;
        &lt;Phone Return=&quot;false&quot;&gt;555-1234&lt;/Phone&gt;
        &lt;Postal Return=&quot;false&quot;&gt;10018&lt;/Postal&gt;
        &lt;Email Return=&quot;false&quot;&gt;Test@knila.com&lt;/Email&gt;
    &lt;/Billing&gt;
    &lt;Items&gt;
        &lt;CI&gt;
            &lt;Amount Edit=&quot;true&quot;&gt;10.00&lt;/Amount&gt;
            &lt;BC&gt;6100000&lt;/BC&gt;
            &lt;CFS&gt;
                &lt;CF Edit=&quot;false&quot; Return=&quot;false&quot;&gt;
                    &lt;CFN&gt;Order Number&lt;/CFN&gt;
                    &lt;CFV&gt;123456789&lt;/CFV&gt;
                    &lt;VP&gt;\d{9}&lt;/VP&gt;
                &lt;/CF&gt;
                &lt;CF Edit=&quot;false&quot; Return=&quot;false&quot;&gt;
                    &lt;CFN&gt;Description&lt;/CFN&gt;
                    &lt;CFV&gt;Speeding Ticket&lt;/CFV&gt;
                    &lt;VP /&gt;
                &lt;/CF&gt;
            &lt;/CFS&gt;
            &lt;FN&gt;Anitha&lt;/FN&gt;
            &lt;MN&gt;K.&lt;/MN&gt;
            &lt;LN&gt;T&lt;/LN&gt;
            &lt;Sufx /&gt;
            &lt;AD1&gt;Address&lt;/AD1&gt;
            &lt;AD2&gt;Apt. A&lt;/AD2&gt;
            &lt;CTY&gt;New York&lt;/CTY&gt;
            &lt;ST&gt;NY&lt;/ST&gt;
            &lt;CNTY&gt;US&lt;/CNTY&gt;
            &lt;Phone&gt;555-1234&lt;/Phone&gt;
            &lt;Postal&gt;10018&lt;/Postal&gt;
        &lt;/CI&gt;
      
    &lt;/Items&gt;
&lt;/Transaction&gt; into XMLContent

2020-02-05 17:51:38 - [MESSAGE][PASSED] - Object 'Object Repository/CERTPAY_GENERICSTI/XML_Page/XML' is present

2020-02-05 17:51:38 - [MESSAGE][PASSED] - Object 'Object Repository/CERTPAY_GENERICSTI/XML_Page/XML' is visible

2020-02-05 17:51:38 - [MESSAGE][PASSED] - Object 'Object Repository/CERTPAY_GENERICSTI/XML_Page/XML' is present

2020-02-05 17:51:49 - [MESSAGE][PASSED] - Text '&lt;?xml version=&quot;1.0&quot; encoding=&quot;utf-8&quot;?&gt;
&lt;Transaction xmlns:xsi=&quot;http://www.w3.org/2001/XMLSchema-instance&quot; xmlns:xsd=&quot;http://www.w3.org/2001/XMLSchema&quot;&gt;
    &lt;BT_ID&gt;123456789&lt;/BT_ID&gt;
    &lt;Protocol&gt;
        &lt;RTU&gt;https://certifiedpayments.net/&lt;/RTU&gt;
        &lt;RLU&gt;https://certifiedpayments.net/&lt;/RLU&gt;
    &lt;/Protocol&gt;
    &lt;Billing&gt;
        &lt;FN Return=&quot;false&quot;&gt;Anitha&lt;/FN&gt;
        &lt;MN Return=&quot;false&quot;&gt;K.&lt;/MN&gt;
        &lt;LN Return=&quot;false&quot;&gt;T&lt;/LN&gt;
        &lt;Sufx Return=&quot;false&quot; /&gt;
        &lt;AD1 Return=&quot;false&quot;&gt;Address&lt;/AD1&gt;
        &lt;AD2 Return=&quot;false&quot;&gt;Apt. A&lt;/AD2&gt;
        &lt;CTY Return=&quot;false&quot;&gt;New York&lt;/CTY&gt;
        &lt;ST Return=&quot;false&quot;&gt;NY&lt;/ST&gt;
        &lt;CNTY Return=&quot;false&quot;&gt;US&lt;/CNTY&gt;
        &lt;Phone Return=&quot;false&quot;&gt;555-1234&lt;/Phone&gt;
        &lt;Postal Return=&quot;false&quot;&gt;10018&lt;/Postal&gt;
        &lt;Email Return=&quot;false&quot;&gt;Test@knila.com&lt;/Email&gt;
    &lt;/Billing&gt;
    &lt;Items&gt;
        &lt;CI&gt;
            &lt;Amount Edit=&quot;true&quot;&gt;10.00&lt;/Amount&gt;
            &lt;BC&gt;6100000&lt;/BC&gt;
            &lt;CFS&gt;
                &lt;CF Edit=&quot;false&quot; Return=&quot;false&quot;&gt;
                    &lt;CFN&gt;Order Number&lt;/CFN&gt;
                    &lt;CFV&gt;123456789&lt;/CFV&gt;
                    &lt;VP&gt;\d{9}&lt;/VP&gt;
                &lt;/CF&gt;
                &lt;CF Edit=&quot;false&quot; Return=&quot;false&quot;&gt;
                    &lt;CFN&gt;Description&lt;/CFN&gt;
                    &lt;CFV&gt;Speeding Ticket&lt;/CFV&gt;
                    &lt;VP /&gt;
                &lt;/CF&gt;
            &lt;/CFS&gt;
            &lt;FN&gt;Anitha&lt;/FN&gt;
            &lt;MN&gt;K.&lt;/MN&gt;
            &lt;LN&gt;T&lt;/LN&gt;
            &lt;Sufx /&gt;
            &lt;AD1&gt;Address&lt;/AD1&gt;
            &lt;AD2&gt;Apt. A&lt;/AD2&gt;
            &lt;CTY&gt;New York&lt;/CTY&gt;
            &lt;ST&gt;NY&lt;/ST&gt;
            &lt;CNTY&gt;US&lt;/CNTY&gt;
            &lt;Phone&gt;555-1234&lt;/Phone&gt;
            &lt;Postal&gt;10018&lt;/Postal&gt;
        &lt;/CI&gt;
      
    &lt;/Items&gt;
&lt;/Transaction&gt;' is set on object 'Object Repository/CERTPAY_GENERICSTI/XML_Page/XML'

2020-02-05 17:51:49 - [MESSAGE][PASSED] - GenericSTI_DifferentCardType.ts:Entered'&lt;?xml version=&quot;1.0&quot; encoding=&quot;utf-8&quot;?&gt;
&lt;Transaction xmlns:xsi=&quot;http://www.w3.org/2001/XMLSchema-instance&quot; xmlns:xsd=&quot;http://www.w3.org/2001/XMLSchema&quot;&gt;
    &lt;BT_ID&gt;123456789&lt;/BT_ID&gt;
    &lt;Protocol&gt;
        &lt;RTU&gt;https://certifiedpayments.net/&lt;/RTU&gt;
        &lt;RLU&gt;https://certifiedpayments.net/&lt;/RLU&gt;
    &lt;/Protocol&gt;
    &lt;Billing&gt;
        &lt;FN Return=&quot;false&quot;&gt;Anitha&lt;/FN&gt;
        &lt;MN Return=&quot;false&quot;&gt;K.&lt;/MN&gt;
        &lt;LN Return=&quot;false&quot;&gt;T&lt;/LN&gt;
        &lt;Sufx Return=&quot;false&quot; /&gt;
        &lt;AD1 Return=&quot;false&quot;&gt;Address&lt;/AD1&gt;
        &lt;AD2 Return=&quot;false&quot;&gt;Apt. A&lt;/AD2&gt;
        &lt;CTY Return=&quot;false&quot;&gt;New York&lt;/CTY&gt;
        &lt;ST Return=&quot;false&quot;&gt;NY&lt;/ST&gt;
        &lt;CNTY Return=&quot;false&quot;&gt;US&lt;/CNTY&gt;
        &lt;Phone Return=&quot;false&quot;&gt;555-1234&lt;/Phone&gt;
        &lt;Postal Return=&quot;false&quot;&gt;10018&lt;/Postal&gt;
        &lt;Email Return=&quot;false&quot;&gt;Test@knila.com&lt;/Email&gt;
    &lt;/Billing&gt;
    &lt;Items&gt;
        &lt;CI&gt;
            &lt;Amount Edit=&quot;true&quot;&gt;10.00&lt;/Amount&gt;
            &lt;BC&gt;6100000&lt;/BC&gt;
            &lt;CFS&gt;
                &lt;CF Edit=&quot;false&quot; Return=&quot;false&quot;&gt;
                    &lt;CFN&gt;Order Number&lt;/CFN&gt;
                    &lt;CFV&gt;123456789&lt;/CFV&gt;
                    &lt;VP&gt;\d{9}&lt;/VP&gt;
                &lt;/CF&gt;
                &lt;CF Edit=&quot;false&quot; Return=&quot;false&quot;&gt;
                    &lt;CFN&gt;Description&lt;/CFN&gt;
                    &lt;CFV&gt;Speeding Ticket&lt;/CFV&gt;
                    &lt;VP /&gt;
                &lt;/CF&gt;
            &lt;/CFS&gt;
            &lt;FN&gt;Anitha&lt;/FN&gt;
            &lt;MN&gt;K.&lt;/MN&gt;
            &lt;LN&gt;T&lt;/LN&gt;
            &lt;Sufx /&gt;
            &lt;AD1&gt;Address&lt;/AD1&gt;
            &lt;AD2&gt;Apt. A&lt;/AD2&gt;
            &lt;CTY&gt;New York&lt;/CTY&gt;
            &lt;ST&gt;NY&lt;/ST&gt;
            &lt;CNTY&gt;US&lt;/CNTY&gt;
            &lt;Phone&gt;555-1234&lt;/Phone&gt;
            &lt;Postal&gt;10018&lt;/Postal&gt;
        &lt;/CI&gt;
      
    &lt;/Items&gt;
&lt;/Transaction&gt; into XMLContent

2020-02-05 17:51:49 - [TEST_STEP][PASSED] - utilities.SafeActions.safeClick(findTestObject("CERTPAY_GENERICSTI/XML_Page/SUBMIT"), "Submit XML", [pageLoadTime]): GenericSTI_DifferentCardType.ts:Clicked on the Submit XML

2020-02-05 17:51:49 - [MESSAGE][INFO] - safeClicking

2020-02-05 17:51:49 - [MESSAGE][PASSED] - Object 'Object Repository/CERTPAY_GENERICSTI/XML_Page/SUBMIT' is present

2020-02-05 17:51:49 - [MESSAGE][PASSED] - Object 'Object Repository/CERTPAY_GENERICSTI/XML_Page/SUBMIT' is clickable

2020-02-05 17:51:54 - [MESSAGE][PASSED] - Object: 'Object Repository/CERTPAY_GENERICSTI/XML_Page/SUBMIT' is clicked on

2020-02-05 17:51:54 - [MESSAGE][PASSED] - GenericSTI_DifferentCardType.ts:Clicked on the Submit XML

2020-02-05 17:51:54 - [TEST_STEP][PASSED] - if (cardType == "Visa"): null

2020-02-05 17:51:54 - [TEST_STEP][PASSED] - else if (cardType == "MasterCard"): null

2020-02-05 17:51:54 - [TEST_STEP][PASSED] - else if (cardType == "AmericanExpress"): null

2020-02-05 17:51:54 - [TEST_STEP][PASSED] - else if (cardType == "Discover"): null

2020-02-05 17:51:54 - [TEST_STEP][FAILED] - else if (cardType == "Echeck"): Unable to set text 'Bank of America' of object 'Object Repository/CERTPAY_GENERICSTI/Payment_Information_Page/BANK_NAME'

2020-02-05 17:51:54 - [TEST_STEP][PASSED] - utilities.SafeActions.safeClick(findTestObject("CERTPAY_GENERICSTI/Payment_Information_Page/ECHECK"), "Echeck", [pageLoadTime]): GenericSTI_DifferentCardType.ts:Clicked on the Echeck

2020-02-05 17:51:54 - [MESSAGE][INFO] - safeClicking

2020-02-05 17:51:55 - [MESSAGE][PASSED] - Object 'Object Repository/CERTPAY_GENERICSTI/Payment_Information_Page/ECHECK' is present

2020-02-05 17:51:56 - [MESSAGE][PASSED] - Object 'Object Repository/CERTPAY_GENERICSTI/Payment_Information_Page/ECHECK' is clickable

2020-02-05 17:52:01 - [MESSAGE][PASSED] - Object: 'Object Repository/CERTPAY_GENERICSTI/Payment_Information_Page/ECHECK' is clicked on

2020-02-05 17:52:01 - [MESSAGE][PASSED] - GenericSTI_DifferentCardType.ts:Clicked on the Echeck

2020-02-05 17:52:01 - [TEST_STEP][PASSED] - if (AccountType == "Checking"): GenericSTI_DifferentCardType.ts:Clicked on the Echeck Checking

2020-02-05 17:52:01 - [TEST_STEP][PASSED] - utilities.SafeActions.safeClick(findTestObject("CERTPAY_GENERICSTI/Payment_Information_Page/ECHECK_CHECKING"), "Echeck Checking", [pageLoadTime]): GenericSTI_DifferentCardType.ts:Clicked on the Echeck Checking

2020-02-05 17:52:01 - [MESSAGE][INFO] - safeClicking

2020-02-05 17:52:01 - [MESSAGE][PASSED] - Object 'Object Repository/CERTPAY_GENERICSTI/Payment_Information_Page/ECHECK_CHECKING' is present

2020-02-05 17:52:02 - [MESSAGE][PASSED] - Object 'Object Repository/CERTPAY_GENERICSTI/Payment_Information_Page/ECHECK_CHECKING' is clickable

2020-02-05 17:52:03 - [MESSAGE][PASSED] - Object: 'Object Repository/CERTPAY_GENERICSTI/Payment_Information_Page/ECHECK_CHECKING' is clicked on

2020-02-05 17:52:03 - [MESSAGE][PASSED] - GenericSTI_DifferentCardType.ts:Clicked on the Echeck Checking

2020-02-05 17:52:03 - [TEST_STEP][PASSED] - utilities.SafeActions.safeType(findTestObject("CERTPAY_GENERICSTI/Payment_Information_Page/ROUTING_NUMBER"), RoutingNumber, "Routing Number", [pageLoadTime]): GenericSTI_DifferentCardType.ts:Entered'123456789 into Routing Number

2020-02-05 17:52:03 - [MESSAGE][PASSED] - Object 'Object Repository/CERTPAY_GENERICSTI/Payment_Information_Page/ROUTING_NUMBER' is present

2020-02-05 17:52:04 - [MESSAGE][PASSED] - Object 'Object Repository/CERTPAY_GENERICSTI/Payment_Information_Page/ROUTING_NUMBER' is visible

2020-02-05 17:52:04 - [MESSAGE][PASSED] - Object 'Object Repository/CERTPAY_GENERICSTI/Payment_Information_Page/ROUTING_NUMBER' is present

2020-02-05 17:52:06 - [MESSAGE][PASSED] - Text '123456789' is set on object 'Object Repository/CERTPAY_GENERICSTI/Payment_Information_Page/ROUTING_NUMBER'

2020-02-05 17:52:06 - [MESSAGE][PASSED] - GenericSTI_DifferentCardType.ts:Entered'123456789 into Routing Number

2020-02-05 17:52:06 - [TEST_STEP][FAILED] - utilities.SafeActions.safeType(findTestObject("CERTPAY_GENERICSTI/Payment_Information_Page/BANK_NAME"), BankName, "Bank Name", [pageLoadTime]): Unable to set text 'Bank of America' of object 'Object Repository/CERTPAY_GENERICSTI/Payment_Information_Page/BANK_NAME'

2020-02-05 17:52:06 - [MESSAGE][PASSED] - Object 'Object Repository/CERTPAY_GENERICSTI/Payment_Information_Page/BANK_NAME' is present

2020-02-05 17:52:06 - [MESSAGE][PASSED] - Object 'Object Repository/CERTPAY_GENERICSTI/Payment_Information_Page/BANK_NAME' is visible

2020-02-05 17:52:07 - [MESSAGE][PASSED] - Object 'Object Repository/CERTPAY_GENERICSTI/Payment_Information_Page/BANK_NAME' is present

2020-02-05 17:52:09 - [MESSAGE][FAILED] - Unable to set text 'Bank of America' of object 'Object Repository/CERTPAY_GENERICSTI/Payment_Information_Page/BANK_NAME' (Root cause: com.kms.katalon.core.exception.StepFailedException: Unable to set text 'Bank of America' of object 'Object Repository/CERTPAY_GENERICSTI/Payment_Information_Page/BANK_NAME'
	at com.kms.katalon.core.webui.keyword.internal.WebUIKeywordMain.stepFailed(WebUIKeywordMain.groovy:64)
	at com.kms.katalon.core.webui.keyword.internal.WebUIKeywordMain.runKeyword(WebUIKeywordMain.groovy:26)
	at com.kms.katalon.core.webui.keyword.builtin.SetTextKeyword.setText(SetTextKeyword.groovy:66)
	at com.kms.katalon.core.webui.keyword.builtin.SetTextKeyword.execute(SetTextKeyword.groovy:37)
	at com.kms.katalon.core.keyword.internal.KeywordExecutor.executeKeywordForPlatform(KeywordExecutor.groovy:72)
	at com.kms.katalon.core.webui.keyword.WebUiBuiltInKeywords.setText(WebUiBuiltInKeywords.groovy:950)
	at com.kms.katalon.core.webui.keyword.WebUiBuiltInKeywords$setText$4.call(Unknown Source)
	at utilities.SafeActions.safeType(SafeActions.groovy:114)
	at utilities.SafeActions.invokeMethod(SafeActions.groovy)
	at com.kms.katalon.core.main.CustomKeywordDelegatingMetaClass.invokeStaticMethod(CustomKeywordDelegatingMetaClass.java:50)
	at TC_001_SingleLinePayments.run(TC_001_SingleLinePayments:128)
	at com.kms.katalon.core.main.ScriptEngine.run(ScriptEngine.java:194)
	at com.kms.katalon.core.main.ScriptEngine.runScriptAsRawText(ScriptEngine.java:119)
	at com.kms.katalon.core.main.TestCaseExecutor.runScript(TestCaseExecutor.java:337)
	at com.kms.katalon.core.main.TestCaseExecutor.doExecute(TestCaseExecutor.java:328)
	at com.kms.katalon.core.main.TestCaseExecutor.processExecutionPhase(TestCaseExecutor.java:307)
	at com.kms.katalon.core.main.TestCaseExecutor.accessMainPhase(TestCaseExecutor.java:299)
	at com.kms.katalon.core.main.TestCaseExecutor.execute(TestCaseExecutor.java:233)
	at com.kms.katalon.core.main.TestSuiteExecutor.accessTestCaseMainPhase(TestSuiteExecutor.java:169)
	at com.kms.katalon.core.main.TestSuiteExecutor.accessTestSuiteMainPhase(TestSuiteExecutor.java:142)
	at com.kms.katalon.core.main.TestSuiteExecutor.execute(TestSuiteExecutor.java:91)
	at com.kms.katalon.core.main.TestCaseMain.startTestSuite(TestCaseMain.java:157)
	at com.kms.katalon.core.main.TestCaseMain$startTestSuite$0.call(Unknown Source)
	at TempTestSuite1580904942000.run(TempTestSuite1580904942000.groovy:36)
Caused by: org.openqa.selenium.InvalidElementStateException: invalid element state: Element must be user-editable in order to clear it.
  (Session info: chrome=79.0.3945.130)
Build info: version: '3.141.59', revision: 'e82be7d358', time: '2018-11-14T08:25:53'
System info: host: 'SYS8', ip: '172.31.252.142', os.name: 'Windows 10', os.arch: 'x86', os.version: '10.0', java.version: '1.8.0_181'
Driver info: com.kms.katalon.selenium.driver.CChromeDriver
Capabilities {acceptInsecureCerts: false, browserName: chrome, browserVersion: 79.0.3945.130, chrome: {chromedriverVersion: 78.0.3904.105 (60e2d8774a81..., userDataDir: C:\Users\admin\AppData\Loca...}, goog:chromeOptions: {debuggerAddress: localhost:62004}, javascriptEnabled: true, networkConnectionEnabled: false, pageLoadStrategy: normal, platform: XP, platformName: XP, proxy: Proxy(), setWindowRect: true, strictFileInteractability: false, timeouts: {implicit: 0, pageLoad: 300000, script: 30000}, unhandledPromptBehavior: dismiss and notify}
Session ID: e5f6e05ad45dcc885ac6d27ae59cf53c
	at org.openqa.selenium.remote.http.W3CHttpResponseCodec.createException(W3CHttpResponseCodec.java:187)
	at org.openqa.selenium.remote.http.W3CHttpResponseCodec.decode(W3CHttpResponseCodec.java:122)
	at org.openqa.selenium.remote.http.W3CHttpResponseCodec.decode(W3CHttpResponseCodec.java:49)
	at org.openqa.selenium.remote.HttpCommandExecutor.execute(HttpCommandExecutor.java:158)
	at org.openqa.selenium.remote.service.DriverCommandExecutor.execute(DriverCommandExecutor.java:83)
	at org.openqa.selenium.remote.RemoteWebDriver.execute(RemoteWebDriver.java:552)
	at com.kms.katalon.selenium.driver.CChromeDriver.execute(CChromeDriver.java:19)
	at org.openqa.selenium.remote.RemoteWebElement.execute(RemoteWebElement.java:285)
	at org.openqa.selenium.remote.RemoteWebElement.clear(RemoteWebElement.java:124)
	at org.openqa.selenium.support.events.EventFiringWebDriver$EventFiringWebElement.lambda$new$0(EventFiringWebDriver.java:404)
	at com.sun.proxy.$Proxy10.clear(Unknown Source)
	at org.openqa.selenium.support.events.EventFiringWebDriver$EventFiringWebElement.clear(EventFiringWebDriver.java:436)
	at com.kms.katalon.core.webui.keyword.builtin.SetTextKeyword$_setText_closure1.doCall(SetTextKeyword.groovy:53)
	at com.kms.katalon.core.webui.keyword.builtin.SetTextKeyword$_setText_closure1.call(SetTextKeyword.groovy)
	at com.kms.katalon.core.webui.keyword.internal.WebUIKeywordMain.runKeyword(WebUIKeywordMain.groovy:20)
	at com.kms.katalon.core.webui.keyword.builtin.SetTextKeyword.setText(SetTextKeyword.groovy:66)
	at com.kms.katalon.core.webui.keyword.builtin.SetTextKeyword.execute(SetTextKeyword.groovy:37)
	at com.kms.katalon.core.keyword.internal.KeywordExecutor.executeKeywordForPlatform(KeywordExecutor.groovy:72)
	at com.kms.katalon.core.webui.keyword.WebUiBuiltInKeywords.setText(WebUiBuiltInKeywords.groovy:950)
	at com.kms.katalon.core.webui.keyword.WebUiBuiltInKeywords$setText$4.call(Unknown Source)
	at utilities.SafeActions.safeType(SafeActions.groovy:114)
	at utilities.SafeActions.invokeMethod(SafeActions.groovy)
	at com.kms.katalon.core.main.CustomKeywordDelegatingMetaClass.invokeStaticMethod(CustomKeywordDelegatingMetaClass.java:50)
	at Script1580798501942.run(Script1580798501942.groovy:128)
	... 13 more
)
[[ATTACHMENT|D:\\CertpayGeneric\\Reports\\20200205_174541\\Certpay_TestSuite\\GenericSTI_DifferentCardType\\20200205_174541\\1580905328403.png]]

2020-02-05 17:52:09 - [MESSAGE][FAILED] - Unable to set text 'Bank of America' of object 'Object Repository/CERTPAY_GENERICSTI/Payment_Information_Page/BANK_NAME']]></system-out>
         <system-err><![CDATA[2020-02-05 17:46:01 - [TEST_CASE][FAILED] - Test Cases/Certpay_GenericSTI/TC_001_SingleLinePayments: Test Cases/Certpay_GenericSTI/TC_001_SingleLinePayments FAILED.
Reason:
com.kms.katalon.core.exception.StepFailedException: Unable to set text 'Bank of America' of object 'Object Repository/CERTPAY_GENERICSTI/Payment_Information_Page/BANK_NAME'
	at com.kms.katalon.core.webui.keyword.internal.WebUIKeywordMain.stepFailed(WebUIKeywordMain.groovy:64)
	at com.kms.katalon.core.webui.keyword.internal.WebUIKeywordMain.runKeyword(WebUIKeywordMain.groovy:26)
	at com.kms.katalon.core.webui.keyword.builtin.SetTextKeyword.setText(SetTextKeyword.groovy:66)
	at com.kms.katalon.core.webui.keyword.builtin.SetTextKeyword.execute(SetTextKeyword.groovy:37)
	at com.kms.katalon.core.keyword.internal.KeywordExecutor.executeKeywordForPlatform(KeywordExecutor.groovy:72)
	at com.kms.katalon.core.webui.keyword.WebUiBuiltInKeywords.setText(WebUiBuiltInKeywords.groovy:950)
	at com.kms.katalon.core.webui.keyword.WebUiBuiltInKeywords$setText$4.call(Unknown Source)
	at utilities.SafeActions.safeType(SafeActions.groovy:114)
	at utilities.SafeActions.invokeMethod(SafeActions.groovy)
	at com.kms.katalon.core.main.CustomKeywordDelegatingMetaClass.invokeStaticMethod(CustomKeywordDelegatingMetaClass.java:50)
	at TC_001_SingleLinePayments.run(TC_001_SingleLinePayments:128)
	at com.kms.katalon.core.main.ScriptEngine.run(ScriptEngine.java:194)
	at com.kms.katalon.core.main.ScriptEngine.runScriptAsRawText(ScriptEngine.java:119)
	at com.kms.katalon.core.main.TestCaseExecutor.runScript(TestCaseExecutor.java:337)
	at com.kms.katalon.core.main.TestCaseExecutor.doExecute(TestCaseExecutor.java:328)
	at com.kms.katalon.core.main.TestCaseExecutor.processExecutionPhase(TestCaseExecutor.java:307)
	at com.kms.katalon.core.main.TestCaseExecutor.accessMainPhase(TestCaseExecutor.java:299)
	at com.kms.katalon.core.main.TestCaseExecutor.execute(TestCaseExecutor.java:233)
	at com.kms.katalon.core.main.TestSuiteExecutor.accessTestCaseMainPhase(TestSuiteExecutor.java:169)
	at com.kms.katalon.core.main.TestSuiteExecutor.accessTestSuiteMainPhase(TestSuiteExecutor.java:142)
	at com.kms.katalon.core.main.TestSuiteExecutor.execute(TestSuiteExecutor.java:91)
	at com.kms.katalon.core.main.TestCaseMain.startTestSuite(TestCaseMain.java:157)
	at com.kms.katalon.core.main.TestCaseMain$startTestSuite$0.call(Unknown Source)
	at TempTestSuite1580904942000.run(TempTestSuite1580904942000.groovy:36)
Caused by: org.openqa.selenium.InvalidElementStateException: invalid element state: Element must be user-editable in order to clear it.
  (Session info: chrome=79.0.3945.130)
Build info: version: '3.141.59', revision: 'e82be7d358', time: '2018-11-14T08:25:53'
System info: host: 'SYS8', ip: '172.31.252.142', os.name: 'Windows 10', os.arch: 'x86', os.version: '10.0', java.version: '1.8.0_181'
Driver info: com.kms.katalon.selenium.driver.CChromeDriver
Capabilities {acceptInsecureCerts: false, browserName: chrome, browserVersion: 79.0.3945.130, chrome: {chromedriverVersion: 78.0.3904.105 (60e2d8774a81..., userDataDir: C:\Users\admin\AppData\Loca...}, goog:chromeOptions: {debuggerAddress: localhost:62004}, javascriptEnabled: true, networkConnectionEnabled: false, pageLoadStrategy: normal, platform: XP, platformName: XP, proxy: Proxy(), setWindowRect: true, strictFileInteractability: false, timeouts: {implicit: 0, pageLoad: 300000, script: 30000}, unhandledPromptBehavior: dismiss and notify}
Session ID: e5f6e05ad45dcc885ac6d27ae59cf53c
	at org.openqa.selenium.remote.http.W3CHttpResponseCodec.createException(W3CHttpResponseCodec.java:187)
	at org.openqa.selenium.remote.http.W3CHttpResponseCodec.decode(W3CHttpResponseCodec.java:122)
	at org.openqa.selenium.remote.http.W3CHttpResponseCodec.decode(W3CHttpResponseCodec.java:49)
	at org.openqa.selenium.remote.HttpCommandExecutor.execute(HttpCommandExecutor.java:158)
	at org.openqa.selenium.remote.service.DriverCommandExecutor.execute(DriverCommandExecutor.java:83)
	at org.openqa.selenium.remote.RemoteWebDriver.execute(RemoteWebDriver.java:552)
	at com.kms.katalon.selenium.driver.CChromeDriver.execute(CChromeDriver.java:19)
	at org.openqa.selenium.remote.RemoteWebElement.execute(RemoteWebElement.java:285)
	at org.openqa.selenium.remote.RemoteWebElement.clear(RemoteWebElement.java:124)
	at org.openqa.selenium.support.events.EventFiringWebDriver$EventFiringWebElement.lambda$new$0(EventFiringWebDriver.java:404)
	at com.sun.proxy.$Proxy10.clear(Unknown Source)
	at org.openqa.selenium.support.events.EventFiringWebDriver$EventFiringWebElement.clear(EventFiringWebDriver.java:436)
	at com.kms.katalon.core.webui.keyword.builtin.SetTextKeyword$_setText_closure1.doCall(SetTextKeyword.groovy:53)
	at com.kms.katalon.core.webui.keyword.builtin.SetTextKeyword$_setText_closure1.call(SetTextKeyword.groovy)
	at com.kms.katalon.core.webui.keyword.internal.WebUIKeywordMain.runKeyword(WebUIKeywordMain.groovy:20)
	... 22 more]]></system-err>
      </testcase>
      <system-out><![CDATA[2020-02-05 17:46:01 - [TEST_SUITE][FAILED] - GenericSTI_DifferentCardType: Test Cases/Certpay_GenericSTI/TC_001_SingleLinePayments FAILED.
Reason:
com.kms.katalon.core.exception.StepFailedException: Unable to set text 'Bank of America' of object 'Object Repository/CERTPAY_GENERICSTI/Payment_Information_Page/BANK_NAME'
	at com.kms.katalon.core.webui.keyword.internal.WebUIKeywordMain.stepFailed(WebUIKeywordMain.groovy:64)
	at com.kms.katalon.core.webui.keyword.internal.WebUIKeywordMain.runKeyword(WebUIKeywordMain.groovy:26)
	at com.kms.katalon.core.webui.keyword.builtin.SetTextKeyword.setText(SetTextKeyword.groovy:66)
	at com.kms.katalon.core.webui.keyword.builtin.SetTextKeyword.execute(SetTextKeyword.groovy:37)
	at com.kms.katalon.core.keyword.internal.KeywordExecutor.executeKeywordForPlatform(KeywordExecutor.groovy:72)
	at com.kms.katalon.core.webui.keyword.WebUiBuiltInKeywords.setText(WebUiBuiltInKeywords.groovy:950)
	at com.kms.katalon.core.webui.keyword.WebUiBuiltInKeywords$setText$4.call(Unknown Source)
	at utilities.SafeActions.safeType(SafeActions.groovy:114)
	at utilities.SafeActions.invokeMethod(SafeActions.groovy)
	at com.kms.katalon.core.main.CustomKeywordDelegatingMetaClass.invokeStaticMethod(CustomKeywordDelegatingMetaClass.java:50)
	at TC_001_SingleLinePayments.run(TC_001_SingleLinePayments:128)
	at com.kms.katalon.core.main.ScriptEngine.run(ScriptEngine.java:194)
	at com.kms.katalon.core.main.ScriptEngine.runScriptAsRawText(ScriptEngine.java:119)
	at com.kms.katalon.core.main.TestCaseExecutor.runScript(TestCaseExecutor.java:337)
	at com.kms.katalon.core.main.TestCaseExecutor.doExecute(TestCaseExecutor.java:328)
	at com.kms.katalon.core.main.TestCaseExecutor.processExecutionPhase(TestCaseExecutor.java:307)
	at com.kms.katalon.core.main.TestCaseExecutor.accessMainPhase(TestCaseExecutor.java:299)
	at com.kms.katalon.core.main.TestCaseExecutor.execute(TestCaseExecutor.java:233)
	at com.kms.katalon.core.main.TestSuiteExecutor.accessTestCaseMainPhase(TestSuiteExecutor.java:169)
	at com.kms.katalon.core.main.TestSuiteExecutor.accessTestSuiteMainPhase(TestSuiteExecutor.java:142)
	at com.kms.katalon.core.main.TestSuiteExecutor.execute(TestSuiteExecutor.java:91)
	at com.kms.katalon.core.main.TestCaseMain.startTestSuite(TestCaseMain.java:157)
	at com.kms.katalon.core.main.TestCaseMain$startTestSuite$0.call(Unknown Source)
	at TempTestSuite1580904942000.run(TempTestSuite1580904942000.groovy:36)
Caused by: org.openqa.selenium.InvalidElementStateException: invalid element state: Element must be user-editable in order to clear it.
  (Session info: chrome=79.0.3945.130)
Build info: version: '3.141.59', revision: 'e82be7d358', time: '2018-11-14T08:25:53'
System info: host: 'SYS8', ip: '172.31.252.142', os.name: 'Windows 10', os.arch: 'x86', os.version: '10.0', java.version: '1.8.0_181'
Driver info: com.kms.katalon.selenium.driver.CChromeDriver
Capabilities {acceptInsecureCerts: false, browserName: chrome, browserVersion: 79.0.3945.130, chrome: {chromedriverVersion: 78.0.3904.105 (60e2d8774a81..., userDataDir: C:\Users\admin\AppData\Loca...}, goog:chromeOptions: {debuggerAddress: localhost:62004}, javascriptEnabled: true, networkConnectionEnabled: false, pageLoadStrategy: normal, platform: XP, platformName: XP, proxy: Proxy(), setWindowRect: true, strictFileInteractability: false, timeouts: {implicit: 0, pageLoad: 300000, script: 30000}, unhandledPromptBehavior: dismiss and notify}
Session ID: e5f6e05ad45dcc885ac6d27ae59cf53c
	at org.openqa.selenium.remote.http.W3CHttpResponseCodec.createException(W3CHttpResponseCodec.java:187)
	at org.openqa.selenium.remote.http.W3CHttpResponseCodec.decode(W3CHttpResponseCodec.java:122)
	at org.openqa.selenium.remote.http.W3CHttpResponseCodec.decode(W3CHttpResponseCodec.java:49)
	at org.openqa.selenium.remote.HttpCommandExecutor.execute(HttpCommandExecutor.java:158)
	at org.openqa.selenium.remote.service.DriverCommandExecutor.execute(DriverCommandExecutor.java:83)
	at org.openqa.selenium.remote.RemoteWebDriver.execute(RemoteWebDriver.java:552)
	at com.kms.katalon.selenium.driver.CChromeDriver.execute(CChromeDriver.java:19)
	at org.openqa.selenium.remote.RemoteWebElement.execute(RemoteWebElement.java:285)
	at org.openqa.selenium.remote.RemoteWebElement.clear(RemoteWebElement.java:124)
	at org.openqa.selenium.support.events.EventFiringWebDriver$EventFiringWebElement.lambda$new$0(EventFiringWebDriver.java:404)
	at com.sun.proxy.$Proxy10.clear(Unknown Source)
	at org.openqa.selenium.support.events.EventFiringWebDriver$EventFiringWebElement.clear(EventFiringWebDriver.java:436)
	at com.kms.katalon.core.webui.keyword.builtin.SetTextKeyword$_setText_closure1.doCall(SetTextKeyword.groovy:53)
	at com.kms.katalon.core.webui.keyword.builtin.SetTextKeyword$_setText_closure1.call(SetTextKeyword.groovy)
	at com.kms.katalon.core.webui.keyword.internal.WebUIKeywordMain.runKeyword(WebUIKeywordMain.groovy:20)
	... 22 more]]></system-out>
      <system-err><![CDATA[2020-02-05 17:46:01 - [TEST_SUITE][FAILED] - GenericSTI_DifferentCardType: Test Cases/Certpay_GenericSTI/TC_001_SingleLinePayments FAILED.
Reason:
com.kms.katalon.core.exception.StepFailedException: Unable to set text 'Bank of America' of object 'Object Repository/CERTPAY_GENERICSTI/Payment_Information_Page/BANK_NAME'
	at com.kms.katalon.core.webui.keyword.internal.WebUIKeywordMain.stepFailed(WebUIKeywordMain.groovy:64)
	at com.kms.katalon.core.webui.keyword.internal.WebUIKeywordMain.runKeyword(WebUIKeywordMain.groovy:26)
	at com.kms.katalon.core.webui.keyword.builtin.SetTextKeyword.setText(SetTextKeyword.groovy:66)
	at com.kms.katalon.core.webui.keyword.builtin.SetTextKeyword.execute(SetTextKeyword.groovy:37)
	at com.kms.katalon.core.keyword.internal.KeywordExecutor.executeKeywordForPlatform(KeywordExecutor.groovy:72)
	at com.kms.katalon.core.webui.keyword.WebUiBuiltInKeywords.setText(WebUiBuiltInKeywords.groovy:950)
	at com.kms.katalon.core.webui.keyword.WebUiBuiltInKeywords$setText$4.call(Unknown Source)
	at utilities.SafeActions.safeType(SafeActions.groovy:114)
	at utilities.SafeActions.invokeMethod(SafeActions.groovy)
	at com.kms.katalon.core.main.CustomKeywordDelegatingMetaClass.invokeStaticMethod(CustomKeywordDelegatingMetaClass.java:50)
	at TC_001_SingleLinePayments.run(TC_001_SingleLinePayments:128)
	at com.kms.katalon.core.main.ScriptEngine.run(ScriptEngine.java:194)
	at com.kms.katalon.core.main.ScriptEngine.runScriptAsRawText(ScriptEngine.java:119)
	at com.kms.katalon.core.main.TestCaseExecutor.runScript(TestCaseExecutor.java:337)
	at com.kms.katalon.core.main.TestCaseExecutor.doExecute(TestCaseExecutor.java:328)
	at com.kms.katalon.core.main.TestCaseExecutor.processExecutionPhase(TestCaseExecutor.java:307)
	at com.kms.katalon.core.main.TestCaseExecutor.accessMainPhase(TestCaseExecutor.java:299)
	at com.kms.katalon.core.main.TestCaseExecutor.execute(TestCaseExecutor.java:233)
	at com.kms.katalon.core.main.TestSuiteExecutor.accessTestCaseMainPhase(TestSuiteExecutor.java:169)
	at com.kms.katalon.core.main.TestSuiteExecutor.accessTestSuiteMainPhase(TestSuiteExecutor.java:142)
	at com.kms.katalon.core.main.TestSuiteExecutor.execute(TestSuiteExecutor.java:91)
	at com.kms.katalon.core.main.TestCaseMain.startTestSuite(TestCaseMain.java:157)
	at com.kms.katalon.core.main.TestCaseMain$startTestSuite$0.call(Unknown Source)
	at TempTestSuite1580904942000.run(TempTestSuite1580904942000.groovy:36)
Caused by: org.openqa.selenium.InvalidElementStateException: invalid element state: Element must be user-editable in order to clear it.
  (Session info: chrome=79.0.3945.130)
Build info: version: '3.141.59', revision: 'e82be7d358', time: '2018-11-14T08:25:53'
System info: host: 'SYS8', ip: '172.31.252.142', os.name: 'Windows 10', os.arch: 'x86', os.version: '10.0', java.version: '1.8.0_181'
Driver info: com.kms.katalon.selenium.driver.CChromeDriver
Capabilities {acceptInsecureCerts: false, browserName: chrome, browserVersion: 79.0.3945.130, chrome: {chromedriverVersion: 78.0.3904.105 (60e2d8774a81..., userDataDir: C:\Users\admin\AppData\Loca...}, goog:chromeOptions: {debuggerAddress: localhost:62004}, javascriptEnabled: true, networkConnectionEnabled: false, pageLoadStrategy: normal, platform: XP, platformName: XP, proxy: Proxy(), setWindowRect: true, strictFileInteractability: false, timeouts: {implicit: 0, pageLoad: 300000, script: 30000}, unhandledPromptBehavior: dismiss and notify}
Session ID: e5f6e05ad45dcc885ac6d27ae59cf53c
	at org.openqa.selenium.remote.http.W3CHttpResponseCodec.createException(W3CHttpResponseCodec.java:187)
	at org.openqa.selenium.remote.http.W3CHttpResponseCodec.decode(W3CHttpResponseCodec.java:122)
	at org.openqa.selenium.remote.http.W3CHttpResponseCodec.decode(W3CHttpResponseCodec.java:49)
	at org.openqa.selenium.remote.HttpCommandExecutor.execute(HttpCommandExecutor.java:158)
	at org.openqa.selenium.remote.service.DriverCommandExecutor.execute(DriverCommandExecutor.java:83)
	at org.openqa.selenium.remote.RemoteWebDriver.execute(RemoteWebDriver.java:552)
	at com.kms.katalon.selenium.driver.CChromeDriver.execute(CChromeDriver.java:19)
	at org.openqa.selenium.remote.RemoteWebElement.execute(RemoteWebElement.java:285)
	at org.openqa.selenium.remote.RemoteWebElement.clear(RemoteWebElement.java:124)
	at org.openqa.selenium.support.events.EventFiringWebDriver$EventFiringWebElement.lambda$new$0(EventFiringWebDriver.java:404)
	at com.sun.proxy.$Proxy10.clear(Unknown Source)
	at org.openqa.selenium.support.events.EventFiringWebDriver$EventFiringWebElement.clear(EventFiringWebDriver.java:436)
	at com.kms.katalon.core.webui.keyword.builtin.SetTextKeyword$_setText_closure1.doCall(SetTextKeyword.groovy:53)
	at com.kms.katalon.core.webui.keyword.builtin.SetTextKeyword$_setText_closure1.call(SetTextKeyword.groovy)
	at com.kms.katalon.core.webui.keyword.internal.WebUIKeywordMain.runKeyword(WebUIKeywordMain.groovy:20)
	... 22 more]]></system-err>
   </testsuite>
</testsuites>
