<?xml version="1.0" encoding="UTF-8"?>
<testsuites name="GenericSTI_DifferentCardType" time="283.836" tests="1" failures="0" errors="0">
   <testsuite name="GenericSTI_DifferentCardType" tests="1" failures="0" errors="0" time="283.836" timestamp="2020-02-04 12:57:56" hostname="admin - SYS8" id="Test Suites/Certpay_TestSuite/GenericSTI_DifferentCardType">
      <properties>
         <property name="deviceName" value=""/>
         <property name="devicePlatform" value=""/>
         <property name="logFolder" value="D:\\CertpayGeneric\\Reports\\20200204_125752\\Certpay_TestSuite\\GenericSTI_DifferentCardType\\20200204_125752"/>
         <property name="logFiles" value="D:\\CertpayGeneric\\Reports\\20200204_125752\\Certpay_TestSuite\\GenericSTI_DifferentCardType\\20200204_125752\\execution0.log"/>
         <property name="attachments" value=""/>
         <property name="hostName" value="admin - SYS8"/>
         <property name="os" value="Windows 10 32bit"/>
         <property name="katalonVersion" value="7.1.2.1"/>
         <property name="browser" value="Chrome 79.0.3945.130"/>
         <property name="hostAddress" value="172.31.252.142"/>
         <property name="sessionId" value="48cddc7dd20a2b269999f1b55106fc5e"/>
         <property name="seleniumVersion" value="3.141.59"/>
         <property name="proxyInformation" value="ProxyInformation{proxyOption=NO_PROXY, proxyServerType=HTTP, password=, proxyServerAddress=, proxyServerPort=0, executionList=}"/>
         <property name="platform" value="Windows 10"/>
      </properties>
      <testcase name="Test Cases/Certpay_GenericSTI/TC_001_SingleLinePayments" time="282.223" classname="Test Cases/Certpay_GenericSTI/TC_001_SingleLinePayments" status="PASSED">
         <system-out><![CDATA[2020-02-04 12:57:56 - [TEST_CASE][PASSED] - Test Cases/Certpay_GenericSTI/TC_001_SingleLinePayments: Test Cases/Certpay_GenericSTI/TC_001_SingleLinePayments

2020-02-04 12:57:57 - [TEST_STEP][PASSED] - data = findTestData("Data Files/Certpay/CardTypes_SingleLinePayment"): null

2020-02-04 12:57:58 - [TEST_STEP][PASSED] - for (def index : (1..data.getRowNumbers())): GenericSTI_DifferentCardType.ts:Clicked on the Process payment

2020-02-04 12:57:58 - [TEST_STEP][PASSED] - FirstName = data.getValue("FirstName", index): null

2020-02-04 12:57:58 - [TEST_STEP][PASSED] - LastName = data.getValue("LastName", index): null

2020-02-04 12:57:58 - [TEST_STEP][PASSED] - Amount = data.getValue("Amount", index): null

2020-02-04 12:57:58 - [TEST_STEP][PASSED] - cardNum = data.getValue("CardNumber", index): null

2020-02-04 12:57:58 - [TEST_STEP][PASSED] - expMonth = data.getValue("ExpMonth", index): null

2020-02-04 12:57:58 - [TEST_STEP][PASSED] - expYear = data.getValue("ExpYear", index): null

2020-02-04 12:57:58 - [TEST_STEP][PASSED] - securityCode = data.getValue("SecurityCode", index): null

2020-02-04 12:57:58 - [TEST_STEP][PASSED] - cardType = data.getValue("CardType", index): null

2020-02-04 12:57:58 - [TEST_STEP][PASSED] - Comments = data.getValue("Comments", index): null

2020-02-04 12:57:58 - [TEST_STEP][PASSED] - Address = data.getValue("Address", index): null

2020-02-04 12:57:58 - [TEST_STEP][PASSED] - Telephone = data.getValue("Telephone", index): null

2020-02-04 12:57:58 - [TEST_STEP][PASSED] - Email = data.getValue("EmailAddress", index): null

2020-02-04 12:57:58 - [TEST_STEP][PASSED] - utilities.SafeActions.openBrowser(Genericsti_url, [pageLoadTime]): Browser launched successfully

2020-02-04 12:57:59 - [MESSAGE][INFO] - Opening Browser

2020-02-04 12:57:59 - [MESSAGE][INFO] - Starting 'Chrome' driver

2020-02-04 12:57:59 - [MESSAGE][INFO] - Action delay is set to 0 seconds

2020-02-04 12:58:32 - [MESSAGE][PASSED] - Browser is opened with url: 'https://qa-certpaygenericsti.faps.net/genericsti/demo/'

2020-02-04 12:58:33 - [MESSAGE][PASSED] - Current window maximized

2020-02-04 12:58:33 - [MESSAGE][PASSED] - Browser launched successfully

2020-02-04 12:58:33 - [TEST_STEP][PASSED] - utilities.SafeActions.safeClick(findTestObject("CERTPAY_GENERICSTI/Demo_Pages/BEGIN_PAYMENT"), "Begin Payment", [pageLoadTime]): GenericSTI_DifferentCardType.ts:Clicked on the Begin Payment

2020-02-04 12:58:33 - [MESSAGE][INFO] - safeClicking

2020-02-04 12:58:35 - [MESSAGE][PASSED] - Object 'Object Repository/CERTPAY_GENERICSTI/Demo_Pages/BEGIN_PAYMENT' is present

2020-02-04 12:58:37 - [MESSAGE][PASSED] - Object 'Object Repository/CERTPAY_GENERICSTI/Demo_Pages/BEGIN_PAYMENT' is clickable

2020-02-04 12:58:41 - [MESSAGE][PASSED] - Object: 'Object Repository/CERTPAY_GENERICSTI/Demo_Pages/BEGIN_PAYMENT' is clicked on

2020-02-04 12:58:41 - [MESSAGE][PASSED] - GenericSTI_DifferentCardType.ts:Clicked on the Begin Payment

2020-02-04 12:58:41 - [TEST_STEP][PASSED] - utilities.SafeActions.safeClick(findTestObject("CERTPAY_GENERICSTI/XML_Page/SUBMIT"), "Submit XML", [pageLoadTime]): GenericSTI_DifferentCardType.ts:Clicked on the Submit XML

2020-02-04 12:58:41 - [MESSAGE][INFO] - safeClicking

2020-02-04 12:58:41 - [MESSAGE][PASSED] - Object 'Object Repository/CERTPAY_GENERICSTI/XML_Page/SUBMIT' is present

2020-02-04 12:58:42 - [MESSAGE][PASSED] - Object 'Object Repository/CERTPAY_GENERICSTI/XML_Page/SUBMIT' is clickable

2020-02-04 12:58:50 - [MESSAGE][PASSED] - Object: 'Object Repository/CERTPAY_GENERICSTI/XML_Page/SUBMIT' is clicked on

2020-02-04 12:58:50 - [MESSAGE][PASSED] - GenericSTI_DifferentCardType.ts:Clicked on the Submit XML

2020-02-04 12:58:50 - [TEST_STEP][PASSED] - if (cardType == "Visa"): GenericSTI_DifferentCardType.ts:Clicked on the VISA Card

2020-02-04 12:58:50 - [TEST_STEP][PASSED] - utilities.SafeActions.safeClick(findTestObject("CERTPAY_GENERICSTI/Payment_Information_Page/VISA"), "VISA Card", [pageLoadTime]): GenericSTI_DifferentCardType.ts:Clicked on the VISA Card

2020-02-04 12:58:50 - [MESSAGE][INFO] - safeClicking

2020-02-04 12:58:52 - [MESSAGE][PASSED] - Object 'Object Repository/CERTPAY_GENERICSTI/Payment_Information_Page/VISA' is present

2020-02-04 12:58:52 - [MESSAGE][PASSED] - Object 'Object Repository/CERTPAY_GENERICSTI/Payment_Information_Page/VISA' is clickable

2020-02-04 12:58:56 - [MESSAGE][PASSED] - Object: 'Object Repository/CERTPAY_GENERICSTI/Payment_Information_Page/VISA' is clicked on

2020-02-04 12:58:56 - [MESSAGE][PASSED] - GenericSTI_DifferentCardType.ts:Clicked on the VISA Card

2020-02-04 12:58:56 - [TEST_STEP][PASSED] - utilities.SafeActions.safeType(findTestObject("CERTPAY_GENERICSTI/Payment_Information_Page/COMMENTS"), "Testing", "Comments", [pageLoadTime]): GenericSTI_DifferentCardType.ts:Entered'Testing into Comments

2020-02-04 12:58:57 - [MESSAGE][PASSED] - Object 'Object Repository/CERTPAY_GENERICSTI/Payment_Information_Page/COMMENTS' is present

2020-02-04 12:58:57 - [MESSAGE][PASSED] - Object 'Object Repository/CERTPAY_GENERICSTI/Payment_Information_Page/COMMENTS' is visible

2020-02-04 12:58:57 - [MESSAGE][PASSED] - Object 'Object Repository/CERTPAY_GENERICSTI/Payment_Information_Page/COMMENTS' is present

2020-02-04 12:58:59 - [MESSAGE][PASSED] - Text 'Testing' is set on object 'Object Repository/CERTPAY_GENERICSTI/Payment_Information_Page/COMMENTS'

2020-02-04 12:58:59 - [MESSAGE][PASSED] - GenericSTI_DifferentCardType.ts:Entered'Testing into Comments

2020-02-04 12:58:59 - [TEST_STEP][PASSED] - CardNumber = pages.Genericsti.setUserPaymentDetails(cardNum): GenericSTI_DifferentCardType.ts:Entered'4111111111111111 into CardNum

2020-02-04 12:59:00 - [MESSAGE][PASSED] - Object 'Object Repository/CERTPAY_GENERICSTI/Payment_Information_Page/CARD_NUMBER' is present

2020-02-04 12:59:00 - [MESSAGE][PASSED] - Object 'Object Repository/CERTPAY_GENERICSTI/Payment_Information_Page/CARD_NUMBER' is visible

2020-02-04 12:59:00 - [MESSAGE][PASSED] - Object 'Object Repository/CERTPAY_GENERICSTI/Payment_Information_Page/CARD_NUMBER' is present

2020-02-04 12:59:02 - [MESSAGE][PASSED] - Text '4111111111111111' is set on object 'Object Repository/CERTPAY_GENERICSTI/Payment_Information_Page/CARD_NUMBER'

2020-02-04 12:59:02 - [MESSAGE][PASSED] - GenericSTI_DifferentCardType.ts:Entered'4111111111111111 into CardNum

2020-02-04 12:59:02 - [TEST_STEP][PASSED] - pages.Genericsti.setExpDate(expMonth, expYear, securityCode): GenericSTI_DifferentCardType.ts:Entered'207 into securityCode

2020-02-04 12:59:02 - [MESSAGE][PASSED] - Object 'Object Repository/CERTPAY_GENERICSTI/Payment_Information_Page/EXP_MONTH' is visible

2020-02-04 12:59:03 - [MESSAGE][PASSED] - Object 'Object Repository/CERTPAY_GENERICSTI/Payment_Information_Page/EXP_MONTH' is present

2020-02-04 12:59:04 - [MESSAGE][PASSED] - Object: 'Object Repository/CERTPAY_GENERICSTI/Payment_Information_Page/EXP_MONTH' is clicked on

2020-02-04 12:59:07 - [MESSAGE][PASSED] - All options with label '3' are selected in object 'Object Repository/CERTPAY_GENERICSTI/Payment_Information_Page/EXP_MONTH'  using regular expression

2020-02-04 12:59:07 - [MESSAGE][PASSED] - selected dropdown option by visible text  3from expMonth

2020-02-04 12:59:07 - [MESSAGE][PASSED] - Object 'Object Repository/CERTPAY_GENERICSTI/Payment_Information_Page/EXP_YEAR' is visible

2020-02-04 12:59:07 - [MESSAGE][PASSED] - Object 'Object Repository/CERTPAY_GENERICSTI/Payment_Information_Page/EXP_YEAR' is present

2020-02-04 12:59:08 - [MESSAGE][PASSED] - Object: 'Object Repository/CERTPAY_GENERICSTI/Payment_Information_Page/EXP_YEAR' is clicked on

2020-02-04 12:59:10 - [MESSAGE][PASSED] - All options with label '2022' are selected in object 'Object Repository/CERTPAY_GENERICSTI/Payment_Information_Page/EXP_YEAR'  using regular expression

2020-02-04 12:59:10 - [MESSAGE][PASSED] - selected dropdown option by visible text  2022from  expYear

2020-02-04 12:59:10 - [MESSAGE][PASSED] - Object 'Object Repository/CERTPAY_GENERICSTI/Payment_Information_Page/SECURITY_CODE' is present

2020-02-04 12:59:11 - [MESSAGE][PASSED] - Object 'Object Repository/CERTPAY_GENERICSTI/Payment_Information_Page/SECURITY_CODE' is visible

2020-02-04 12:59:11 - [MESSAGE][PASSED] - Object 'Object Repository/CERTPAY_GENERICSTI/Payment_Information_Page/SECURITY_CODE' is present

2020-02-04 12:59:12 - [MESSAGE][PASSED] - Text '207' is set on object 'Object Repository/CERTPAY_GENERICSTI/Payment_Information_Page/SECURITY_CODE'

2020-02-04 12:59:12 - [MESSAGE][PASSED] - GenericSTI_DifferentCardType.ts:Entered'207 into securityCode

2020-02-04 12:59:12 - [TEST_STEP][PASSED] - utilities.SafeActions.safeClick(findTestObject("CERTPAY_GENERICSTI/Payment_Information_Page/NEXT"), "Next", [pageLoadTime]): GenericSTI_DifferentCardType.ts:Clicked on the Next

2020-02-04 12:59:12 - [MESSAGE][INFO] - safeClicking

2020-02-04 12:59:13 - [MESSAGE][PASSED] - Object 'Object Repository/CERTPAY_GENERICSTI/Payment_Information_Page/NEXT' is present

2020-02-04 12:59:13 - [MESSAGE][PASSED] - Object 'Object Repository/CERTPAY_GENERICSTI/Payment_Information_Page/NEXT' is clickable

2020-02-04 12:59:16 - [MESSAGE][PASSED] - Object: 'Object Repository/CERTPAY_GENERICSTI/Payment_Information_Page/NEXT' is clicked on

2020-02-04 12:59:16 - [MESSAGE][PASSED] - GenericSTI_DifferentCardType.ts:Clicked on the Next

2020-02-04 12:59:16 - [TEST_STEP][PASSED] - utilities.SafeActions.safeClick(findTestObject("CERTPAY_GENERICSTI/Review_Payment_Page/PROCESS_PAYMENT"), "Process payment", [pageLoadTime]): GenericSTI_DifferentCardType.ts:Clicked on the Process payment

2020-02-04 12:59:16 - [MESSAGE][INFO] - safeClicking

2020-02-04 12:59:18 - [MESSAGE][PASSED] - Object 'Object Repository/CERTPAY_GENERICSTI/Review_Payment_Page/PROCESS_PAYMENT' is present

2020-02-04 12:59:18 - [MESSAGE][PASSED] - Object 'Object Repository/CERTPAY_GENERICSTI/Review_Payment_Page/PROCESS_PAYMENT' is clickable

2020-02-04 12:59:19 - [MESSAGE][PASSED] - Object: 'Object Repository/CERTPAY_GENERICSTI/Review_Payment_Page/PROCESS_PAYMENT' is clicked on

2020-02-04 12:59:19 - [MESSAGE][PASSED] - GenericSTI_DifferentCardType.ts:Clicked on the Process payment

2020-02-04 12:59:19 - [TEST_STEP][PASSED] - utilities.SafeActions.safeClick(findTestObject("CERTPAY_GENERICSTI/Confirm_Payment_Page/CONFIRM_YES"), "Process payment", [pageLoadTime]): GenericSTI_DifferentCardType.ts:Clicked on the Process payment

2020-02-04 12:59:19 - [MESSAGE][INFO] - safeClicking

2020-02-04 12:59:20 - [MESSAGE][PASSED] - Object 'Object Repository/CERTPAY_GENERICSTI/Confirm_Payment_Page/CONFIRM_YES' is present

2020-02-04 12:59:21 - [MESSAGE][PASSED] - Object 'Object Repository/CERTPAY_GENERICSTI/Confirm_Payment_Page/CONFIRM_YES' is clickable

2020-02-04 12:59:27 - [MESSAGE][PASSED] - Object: 'Object Repository/CERTPAY_GENERICSTI/Confirm_Payment_Page/CONFIRM_YES' is clicked on

2020-02-04 12:59:27 - [MESSAGE][PASSED] - GenericSTI_DifferentCardType.ts:Clicked on the Process payment

2020-02-04 12:59:27 - [TEST_STEP][PASSED] - utilities.SafeActions.safeClick(findTestObject("CERTPAY_GENERICSTI/Payment_Details_Verification_Page/NEXT"), "Process payment", [pageLoadTime]): GenericSTI_DifferentCardType.ts:Clicked on the Process payment

2020-02-04 12:59:27 - [MESSAGE][INFO] - safeClicking

2020-02-04 12:59:28 - [MESSAGE][PASSED] - Object 'Object Repository/CERTPAY_GENERICSTI/Payment_Details_Verification_Page/NEXT' is present

2020-02-04 12:59:28 - [MESSAGE][PASSED] - Object 'Object Repository/CERTPAY_GENERICSTI/Payment_Details_Verification_Page/NEXT' is clickable

2020-02-04 12:59:39 - [MESSAGE][PASSED] - Object: 'Object Repository/CERTPAY_GENERICSTI/Payment_Details_Verification_Page/NEXT' is clicked on

2020-02-04 12:59:39 - [MESSAGE][PASSED] - GenericSTI_DifferentCardType.ts:Clicked on the Process payment

2020-02-04 12:59:39 - [TEST_STEP][PASSED] - FirstName = data.getValue("FirstName", index): null

2020-02-04 12:59:39 - [TEST_STEP][PASSED] - LastName = data.getValue("LastName", index): null

2020-02-04 12:59:39 - [TEST_STEP][PASSED] - Amount = data.getValue("Amount", index): null

2020-02-04 12:59:39 - [TEST_STEP][PASSED] - cardNum = data.getValue("CardNumber", index): null

2020-02-04 12:59:39 - [TEST_STEP][PASSED] - expMonth = data.getValue("ExpMonth", index): null

2020-02-04 12:59:39 - [TEST_STEP][PASSED] - expYear = data.getValue("ExpYear", index): null

2020-02-04 12:59:39 - [TEST_STEP][PASSED] - securityCode = data.getValue("SecurityCode", index): null

2020-02-04 12:59:39 - [TEST_STEP][PASSED] - cardType = data.getValue("CardType", index): null

2020-02-04 12:59:39 - [TEST_STEP][PASSED] - Comments = data.getValue("Comments", index): null

2020-02-04 12:59:39 - [TEST_STEP][PASSED] - Address = data.getValue("Address", index): null

2020-02-04 12:59:39 - [TEST_STEP][PASSED] - Telephone = data.getValue("Telephone", index): null

2020-02-04 12:59:39 - [TEST_STEP][PASSED] - Email = data.getValue("EmailAddress", index): null

2020-02-04 12:59:39 - [TEST_STEP][PASSED] - utilities.SafeActions.openBrowser(Genericsti_url, [pageLoadTime]): Browser launched successfully

2020-02-04 12:59:39 - [MESSAGE][INFO] - Opening Browser

2020-02-04 12:59:39 - [MESSAGE][WARNING] - A browser is already opened. Closing browser and opening a new one

2020-02-04 12:59:40 - [MESSAGE][INFO] - Starting 'Chrome' driver

2020-02-04 12:59:47 - [MESSAGE][PASSED] - Browser is opened with url: 'https://qa-certpaygenericsti.faps.net/genericsti/demo/'

2020-02-04 12:59:48 - [MESSAGE][PASSED] - Current window maximized

2020-02-04 12:59:48 - [MESSAGE][PASSED] - Browser launched successfully

2020-02-04 12:59:48 - [TEST_STEP][PASSED] - utilities.SafeActions.safeClick(findTestObject("CERTPAY_GENERICSTI/Demo_Pages/BEGIN_PAYMENT"), "Begin Payment", [pageLoadTime]): GenericSTI_DifferentCardType.ts:Clicked on the Begin Payment

2020-02-04 12:59:48 - [MESSAGE][INFO] - safeClicking

2020-02-04 12:59:48 - [MESSAGE][PASSED] - Object 'Object Repository/CERTPAY_GENERICSTI/Demo_Pages/BEGIN_PAYMENT' is present

2020-02-04 12:59:49 - [MESSAGE][PASSED] - Object 'Object Repository/CERTPAY_GENERICSTI/Demo_Pages/BEGIN_PAYMENT' is clickable

2020-02-04 12:59:50 - [MESSAGE][PASSED] - Object: 'Object Repository/CERTPAY_GENERICSTI/Demo_Pages/BEGIN_PAYMENT' is clicked on

2020-02-04 12:59:50 - [MESSAGE][PASSED] - GenericSTI_DifferentCardType.ts:Clicked on the Begin Payment

2020-02-04 12:59:50 - [TEST_STEP][PASSED] - utilities.SafeActions.safeClick(findTestObject("CERTPAY_GENERICSTI/XML_Page/SUBMIT"), "Submit XML", [pageLoadTime]): GenericSTI_DifferentCardType.ts:Clicked on the Submit XML

2020-02-04 12:59:51 - [MESSAGE][INFO] - safeClicking

2020-02-04 12:59:51 - [MESSAGE][PASSED] - Object 'Object Repository/CERTPAY_GENERICSTI/XML_Page/SUBMIT' is present

2020-02-04 12:59:51 - [MESSAGE][PASSED] - Object 'Object Repository/CERTPAY_GENERICSTI/XML_Page/SUBMIT' is clickable

2020-02-04 12:59:57 - [MESSAGE][PASSED] - Object: 'Object Repository/CERTPAY_GENERICSTI/XML_Page/SUBMIT' is clicked on

2020-02-04 12:59:57 - [MESSAGE][PASSED] - GenericSTI_DifferentCardType.ts:Clicked on the Submit XML

2020-02-04 12:59:57 - [TEST_STEP][PASSED] - if (cardType == "Visa"): null

2020-02-04 12:59:57 - [TEST_STEP][PASSED] - else if (cardType == "MasterCard"): GenericSTI_DifferentCardType.ts:Clicked on the Master Card

2020-02-04 12:59:57 - [TEST_STEP][PASSED] - utilities.SafeActions.safeClick(findTestObject("CERTPAY_GENERICSTI/Payment_Information_Page/MASTER_CARD"), "Master Card", [pageLoadTime]): GenericSTI_DifferentCardType.ts:Clicked on the Master Card

2020-02-04 12:59:57 - [MESSAGE][INFO] - safeClicking

2020-02-04 12:59:58 - [MESSAGE][PASSED] - Object 'Object Repository/CERTPAY_GENERICSTI/Payment_Information_Page/MASTER_CARD' is present

2020-02-04 12:59:58 - [MESSAGE][PASSED] - Object 'Object Repository/CERTPAY_GENERICSTI/Payment_Information_Page/MASTER_CARD' is clickable

2020-02-04 13:00:02 - [MESSAGE][PASSED] - Object: 'Object Repository/CERTPAY_GENERICSTI/Payment_Information_Page/MASTER_CARD' is clicked on

2020-02-04 13:00:02 - [MESSAGE][PASSED] - GenericSTI_DifferentCardType.ts:Clicked on the Master Card

2020-02-04 13:00:02 - [TEST_STEP][PASSED] - utilities.SafeActions.safeType(findTestObject("CERTPAY_GENERICSTI/Payment_Information_Page/COMMENTS"), "Testing", "Comments", [pageLoadTime]): GenericSTI_DifferentCardType.ts:Entered'Testing into Comments

2020-02-04 13:00:02 - [MESSAGE][PASSED] - Object 'Object Repository/CERTPAY_GENERICSTI/Payment_Information_Page/COMMENTS' is present

2020-02-04 13:00:02 - [MESSAGE][PASSED] - Object 'Object Repository/CERTPAY_GENERICSTI/Payment_Information_Page/COMMENTS' is visible

2020-02-04 13:00:03 - [MESSAGE][PASSED] - Object 'Object Repository/CERTPAY_GENERICSTI/Payment_Information_Page/COMMENTS' is present

2020-02-04 13:00:04 - [MESSAGE][PASSED] - Text 'Testing' is set on object 'Object Repository/CERTPAY_GENERICSTI/Payment_Information_Page/COMMENTS'

2020-02-04 13:00:04 - [MESSAGE][PASSED] - GenericSTI_DifferentCardType.ts:Entered'Testing into Comments

2020-02-04 13:00:04 - [TEST_STEP][PASSED] - CardNumber = pages.Genericsti.setUserPaymentDetails(cardNum): GenericSTI_DifferentCardType.ts:Entered'5105105105105100 into CardNum

2020-02-04 13:00:04 - [MESSAGE][PASSED] - Object 'Object Repository/CERTPAY_GENERICSTI/Payment_Information_Page/CARD_NUMBER' is present

2020-02-04 13:00:05 - [MESSAGE][PASSED] - Object 'Object Repository/CERTPAY_GENERICSTI/Payment_Information_Page/CARD_NUMBER' is visible

2020-02-04 13:00:05 - [MESSAGE][PASSED] - Object 'Object Repository/CERTPAY_GENERICSTI/Payment_Information_Page/CARD_NUMBER' is present

2020-02-04 13:00:07 - [MESSAGE][PASSED] - Text '5105105105105100' is set on object 'Object Repository/CERTPAY_GENERICSTI/Payment_Information_Page/CARD_NUMBER'

2020-02-04 13:00:07 - [MESSAGE][PASSED] - GenericSTI_DifferentCardType.ts:Entered'5105105105105100 into CardNum

2020-02-04 13:00:07 - [TEST_STEP][PASSED] - pages.Genericsti.setExpDate(expMonth, expYear, securityCode): GenericSTI_DifferentCardType.ts:Entered'201 into securityCode

2020-02-04 13:00:07 - [MESSAGE][PASSED] - Object 'Object Repository/CERTPAY_GENERICSTI/Payment_Information_Page/EXP_MONTH' is visible

2020-02-04 13:00:07 - [MESSAGE][PASSED] - Object 'Object Repository/CERTPAY_GENERICSTI/Payment_Information_Page/EXP_MONTH' is present

2020-02-04 13:00:09 - [MESSAGE][PASSED] - Object: 'Object Repository/CERTPAY_GENERICSTI/Payment_Information_Page/EXP_MONTH' is clicked on

2020-02-04 13:00:10 - [MESSAGE][PASSED] - All options with label '2' are selected in object 'Object Repository/CERTPAY_GENERICSTI/Payment_Information_Page/EXP_MONTH'  using regular expression

2020-02-04 13:00:10 - [MESSAGE][PASSED] - selected dropdown option by visible text  2from expMonth

2020-02-04 13:00:11 - [MESSAGE][PASSED] - Object 'Object Repository/CERTPAY_GENERICSTI/Payment_Information_Page/EXP_YEAR' is visible

2020-02-04 13:00:11 - [MESSAGE][PASSED] - Object 'Object Repository/CERTPAY_GENERICSTI/Payment_Information_Page/EXP_YEAR' is present

2020-02-04 13:00:12 - [MESSAGE][PASSED] - Object: 'Object Repository/CERTPAY_GENERICSTI/Payment_Information_Page/EXP_YEAR' is clicked on

2020-02-04 13:00:14 - [MESSAGE][PASSED] - All options with label '2023' are selected in object 'Object Repository/CERTPAY_GENERICSTI/Payment_Information_Page/EXP_YEAR'  using regular expression

2020-02-04 13:00:14 - [MESSAGE][PASSED] - selected dropdown option by visible text  2023from  expYear

2020-02-04 13:00:15 - [MESSAGE][PASSED] - Object 'Object Repository/CERTPAY_GENERICSTI/Payment_Information_Page/SECURITY_CODE' is present

2020-02-04 13:00:15 - [MESSAGE][PASSED] - Object 'Object Repository/CERTPAY_GENERICSTI/Payment_Information_Page/SECURITY_CODE' is visible

2020-02-04 13:00:16 - [MESSAGE][PASSED] - Object 'Object Repository/CERTPAY_GENERICSTI/Payment_Information_Page/SECURITY_CODE' is present

2020-02-04 13:00:17 - [MESSAGE][PASSED] - Text '201' is set on object 'Object Repository/CERTPAY_GENERICSTI/Payment_Information_Page/SECURITY_CODE'

2020-02-04 13:00:17 - [MESSAGE][PASSED] - GenericSTI_DifferentCardType.ts:Entered'201 into securityCode

2020-02-04 13:00:17 - [TEST_STEP][PASSED] - utilities.SafeActions.safeClick(findTestObject("CERTPAY_GENERICSTI/Payment_Information_Page/NEXT"), "Next", [pageLoadTime]): GenericSTI_DifferentCardType.ts:Clicked on the Next

2020-02-04 13:00:17 - [MESSAGE][INFO] - safeClicking

2020-02-04 13:00:17 - [MESSAGE][PASSED] - Object 'Object Repository/CERTPAY_GENERICSTI/Payment_Information_Page/NEXT' is present

2020-02-04 13:00:18 - [MESSAGE][PASSED] - Object 'Object Repository/CERTPAY_GENERICSTI/Payment_Information_Page/NEXT' is clickable

2020-02-04 13:00:21 - [MESSAGE][PASSED] - Object: 'Object Repository/CERTPAY_GENERICSTI/Payment_Information_Page/NEXT' is clicked on

2020-02-04 13:00:21 - [MESSAGE][PASSED] - GenericSTI_DifferentCardType.ts:Clicked on the Next

2020-02-04 13:00:21 - [TEST_STEP][PASSED] - utilities.SafeActions.safeClick(findTestObject("CERTPAY_GENERICSTI/Review_Payment_Page/PROCESS_PAYMENT"), "Process payment", [pageLoadTime]): GenericSTI_DifferentCardType.ts:Clicked on the Process payment

2020-02-04 13:00:21 - [MESSAGE][INFO] - safeClicking

2020-02-04 13:00:22 - [MESSAGE][PASSED] - Object 'Object Repository/CERTPAY_GENERICSTI/Review_Payment_Page/PROCESS_PAYMENT' is present

2020-02-04 13:00:22 - [MESSAGE][PASSED] - Object 'Object Repository/CERTPAY_GENERICSTI/Review_Payment_Page/PROCESS_PAYMENT' is clickable

2020-02-04 13:00:24 - [MESSAGE][PASSED] - Object: 'Object Repository/CERTPAY_GENERICSTI/Review_Payment_Page/PROCESS_PAYMENT' is clicked on

2020-02-04 13:00:24 - [MESSAGE][PASSED] - GenericSTI_DifferentCardType.ts:Clicked on the Process payment

2020-02-04 13:00:24 - [TEST_STEP][PASSED] - utilities.SafeActions.safeClick(findTestObject("CERTPAY_GENERICSTI/Confirm_Payment_Page/CONFIRM_YES"), "Process payment", [pageLoadTime]): GenericSTI_DifferentCardType.ts:Clicked on the Process payment

2020-02-04 13:00:24 - [MESSAGE][INFO] - safeClicking

2020-02-04 13:00:24 - [MESSAGE][PASSED] - Object 'Object Repository/CERTPAY_GENERICSTI/Confirm_Payment_Page/CONFIRM_YES' is present

2020-02-04 13:00:25 - [MESSAGE][PASSED] - Object 'Object Repository/CERTPAY_GENERICSTI/Confirm_Payment_Page/CONFIRM_YES' is clickable

2020-02-04 13:00:32 - [MESSAGE][PASSED] - Object: 'Object Repository/CERTPAY_GENERICSTI/Confirm_Payment_Page/CONFIRM_YES' is clicked on

2020-02-04 13:00:32 - [MESSAGE][PASSED] - GenericSTI_DifferentCardType.ts:Clicked on the Process payment

2020-02-04 13:00:32 - [TEST_STEP][PASSED] - utilities.SafeActions.safeClick(findTestObject("CERTPAY_GENERICSTI/Payment_Details_Verification_Page/NEXT"), "Process payment", [pageLoadTime]): GenericSTI_DifferentCardType.ts:Clicked on the Process payment

2020-02-04 13:00:32 - [MESSAGE][INFO] - safeClicking

2020-02-04 13:00:34 - [MESSAGE][PASSED] - Object 'Object Repository/CERTPAY_GENERICSTI/Payment_Details_Verification_Page/NEXT' is present

2020-02-04 13:00:34 - [MESSAGE][PASSED] - Object 'Object Repository/CERTPAY_GENERICSTI/Payment_Details_Verification_Page/NEXT' is clickable

2020-02-04 13:00:40 - [MESSAGE][PASSED] - Object: 'Object Repository/CERTPAY_GENERICSTI/Payment_Details_Verification_Page/NEXT' is clicked on

2020-02-04 13:00:40 - [MESSAGE][PASSED] - GenericSTI_DifferentCardType.ts:Clicked on the Process payment

2020-02-04 13:00:40 - [TEST_STEP][PASSED] - FirstName = data.getValue("FirstName", index): null

2020-02-04 13:00:40 - [TEST_STEP][PASSED] - LastName = data.getValue("LastName", index): null

2020-02-04 13:00:40 - [TEST_STEP][PASSED] - Amount = data.getValue("Amount", index): null

2020-02-04 13:00:40 - [TEST_STEP][PASSED] - cardNum = data.getValue("CardNumber", index): null

2020-02-04 13:00:40 - [TEST_STEP][PASSED] - expMonth = data.getValue("ExpMonth", index): null

2020-02-04 13:00:40 - [TEST_STEP][PASSED] - expYear = data.getValue("ExpYear", index): null

2020-02-04 13:00:40 - [TEST_STEP][PASSED] - securityCode = data.getValue("SecurityCode", index): null

2020-02-04 13:00:40 - [TEST_STEP][PASSED] - cardType = data.getValue("CardType", index): null

2020-02-04 13:00:40 - [TEST_STEP][PASSED] - Comments = data.getValue("Comments", index): null

2020-02-04 13:00:40 - [TEST_STEP][PASSED] - Address = data.getValue("Address", index): null

2020-02-04 13:00:40 - [TEST_STEP][PASSED] - Telephone = data.getValue("Telephone", index): null

2020-02-04 13:00:40 - [TEST_STEP][PASSED] - Email = data.getValue("EmailAddress", index): null

2020-02-04 13:00:40 - [TEST_STEP][PASSED] - utilities.SafeActions.openBrowser(Genericsti_url, [pageLoadTime]): Browser launched successfully

2020-02-04 13:00:40 - [MESSAGE][INFO] - Opening Browser

2020-02-04 13:00:40 - [MESSAGE][WARNING] - A browser is already opened. Closing browser and opening a new one

2020-02-04 13:00:41 - [MESSAGE][INFO] - Starting 'Chrome' driver

2020-02-04 13:00:52 - [MESSAGE][PASSED] - Browser is opened with url: 'https://qa-certpaygenericsti.faps.net/genericsti/demo/'

2020-02-04 13:00:53 - [MESSAGE][PASSED] - Current window maximized

2020-02-04 13:00:53 - [MESSAGE][PASSED] - Browser launched successfully

2020-02-04 13:00:53 - [TEST_STEP][PASSED] - utilities.SafeActions.safeClick(findTestObject("CERTPAY_GENERICSTI/Demo_Pages/BEGIN_PAYMENT"), "Begin Payment", [pageLoadTime]): GenericSTI_DifferentCardType.ts:Clicked on the Begin Payment

2020-02-04 13:00:53 - [MESSAGE][INFO] - safeClicking

2020-02-04 13:00:53 - [MESSAGE][PASSED] - Object 'Object Repository/CERTPAY_GENERICSTI/Demo_Pages/BEGIN_PAYMENT' is present

2020-02-04 13:00:54 - [MESSAGE][PASSED] - Object 'Object Repository/CERTPAY_GENERICSTI/Demo_Pages/BEGIN_PAYMENT' is clickable

2020-02-04 13:00:55 - [MESSAGE][PASSED] - Object: 'Object Repository/CERTPAY_GENERICSTI/Demo_Pages/BEGIN_PAYMENT' is clicked on

2020-02-04 13:00:55 - [MESSAGE][PASSED] - GenericSTI_DifferentCardType.ts:Clicked on the Begin Payment

2020-02-04 13:00:55 - [TEST_STEP][PASSED] - utilities.SafeActions.safeClick(findTestObject("CERTPAY_GENERICSTI/XML_Page/SUBMIT"), "Submit XML", [pageLoadTime]): GenericSTI_DifferentCardType.ts:Clicked on the Submit XML

2020-02-04 13:00:55 - [MESSAGE][INFO] - safeClicking

2020-02-04 13:00:56 - [MESSAGE][PASSED] - Object 'Object Repository/CERTPAY_GENERICSTI/XML_Page/SUBMIT' is present

2020-02-04 13:00:56 - [MESSAGE][PASSED] - Object 'Object Repository/CERTPAY_GENERICSTI/XML_Page/SUBMIT' is clickable

2020-02-04 13:01:00 - [MESSAGE][PASSED] - Object: 'Object Repository/CERTPAY_GENERICSTI/XML_Page/SUBMIT' is clicked on

2020-02-04 13:01:00 - [MESSAGE][PASSED] - GenericSTI_DifferentCardType.ts:Clicked on the Submit XML

2020-02-04 13:01:00 - [TEST_STEP][PASSED] - if (cardType == "Visa"): null

2020-02-04 13:01:00 - [TEST_STEP][PASSED] - else if (cardType == "MasterCard"): null

2020-02-04 13:01:00 - [TEST_STEP][PASSED] - else if (cardType == "AmericanExpress"): GenericSTI_DifferentCardType.ts:Clicked on the AmericanExpress

2020-02-04 13:01:00 - [TEST_STEP][PASSED] - utilities.SafeActions.safeClick(findTestObject("CERTPAY_GENERICSTI/Payment_Information_Page/AMERICAN_EXPRESS"), "AmericanExpress", [pageLoadTime]): GenericSTI_DifferentCardType.ts:Clicked on the AmericanExpress

2020-02-04 13:01:00 - [MESSAGE][INFO] - safeClicking

2020-02-04 13:01:02 - [MESSAGE][PASSED] - Object 'Object Repository/CERTPAY_GENERICSTI/Payment_Information_Page/AMERICAN_EXPRESS' is present

2020-02-04 13:01:02 - [MESSAGE][PASSED] - Object 'Object Repository/CERTPAY_GENERICSTI/Payment_Information_Page/AMERICAN_EXPRESS' is clickable

2020-02-04 13:01:05 - [MESSAGE][PASSED] - Object: 'Object Repository/CERTPAY_GENERICSTI/Payment_Information_Page/AMERICAN_EXPRESS' is clicked on

2020-02-04 13:01:05 - [MESSAGE][PASSED] - GenericSTI_DifferentCardType.ts:Clicked on the AmericanExpress

2020-02-04 13:01:05 - [TEST_STEP][PASSED] - utilities.SafeActions.safeType(findTestObject("CERTPAY_GENERICSTI/Payment_Information_Page/COMMENTS"), "Testing", "Comments", [pageLoadTime]): GenericSTI_DifferentCardType.ts:Entered'Testing into Comments

2020-02-04 13:01:06 - [MESSAGE][PASSED] - Object 'Object Repository/CERTPAY_GENERICSTI/Payment_Information_Page/COMMENTS' is present

2020-02-04 13:01:06 - [MESSAGE][PASSED] - Object 'Object Repository/CERTPAY_GENERICSTI/Payment_Information_Page/COMMENTS' is visible

2020-02-04 13:01:07 - [MESSAGE][PASSED] - Object 'Object Repository/CERTPAY_GENERICSTI/Payment_Information_Page/COMMENTS' is present

2020-02-04 13:01:08 - [MESSAGE][PASSED] - Text 'Testing' is set on object 'Object Repository/CERTPAY_GENERICSTI/Payment_Information_Page/COMMENTS'

2020-02-04 13:01:08 - [MESSAGE][PASSED] - GenericSTI_DifferentCardType.ts:Entered'Testing into Comments

2020-02-04 13:01:08 - [TEST_STEP][PASSED] - CardNumber = pages.Genericsti.setUserPaymentDetails(cardNum): GenericSTI_DifferentCardType.ts:Entered'378282246310005 into CardNum

2020-02-04 13:01:08 - [MESSAGE][PASSED] - Object 'Object Repository/CERTPAY_GENERICSTI/Payment_Information_Page/CARD_NUMBER' is present

2020-02-04 13:01:09 - [MESSAGE][PASSED] - Object 'Object Repository/CERTPAY_GENERICSTI/Payment_Information_Page/CARD_NUMBER' is visible

2020-02-04 13:01:09 - [MESSAGE][PASSED] - Object 'Object Repository/CERTPAY_GENERICSTI/Payment_Information_Page/CARD_NUMBER' is present

2020-02-04 13:01:10 - [MESSAGE][PASSED] - Text '378282246310005' is set on object 'Object Repository/CERTPAY_GENERICSTI/Payment_Information_Page/CARD_NUMBER'

2020-02-04 13:01:10 - [MESSAGE][PASSED] - GenericSTI_DifferentCardType.ts:Entered'378282246310005 into CardNum

2020-02-04 13:01:10 - [TEST_STEP][PASSED] - pages.Genericsti.setExpDate(expMonth, expYear, securityCode): GenericSTI_DifferentCardType.ts:Entered'111 into securityCode

2020-02-04 13:01:11 - [MESSAGE][PASSED] - Object 'Object Repository/CERTPAY_GENERICSTI/Payment_Information_Page/EXP_MONTH' is visible

2020-02-04 13:01:11 - [MESSAGE][PASSED] - Object 'Object Repository/CERTPAY_GENERICSTI/Payment_Information_Page/EXP_MONTH' is present

2020-02-04 13:01:12 - [MESSAGE][PASSED] - Object: 'Object Repository/CERTPAY_GENERICSTI/Payment_Information_Page/EXP_MONTH' is clicked on

2020-02-04 13:01:14 - [MESSAGE][PASSED] - All options with label '4' are selected in object 'Object Repository/CERTPAY_GENERICSTI/Payment_Information_Page/EXP_MONTH'  using regular expression

2020-02-04 13:01:14 - [MESSAGE][PASSED] - selected dropdown option by visible text  4from expMonth

2020-02-04 13:01:14 - [MESSAGE][PASSED] - Object 'Object Repository/CERTPAY_GENERICSTI/Payment_Information_Page/EXP_YEAR' is visible

2020-02-04 13:01:15 - [MESSAGE][PASSED] - Object 'Object Repository/CERTPAY_GENERICSTI/Payment_Information_Page/EXP_YEAR' is present

2020-02-04 13:01:16 - [MESSAGE][PASSED] - Object: 'Object Repository/CERTPAY_GENERICSTI/Payment_Information_Page/EXP_YEAR' is clicked on

2020-02-04 13:01:17 - [MESSAGE][PASSED] - All options with label '2024' are selected in object 'Object Repository/CERTPAY_GENERICSTI/Payment_Information_Page/EXP_YEAR'  using regular expression

2020-02-04 13:01:17 - [MESSAGE][PASSED] - selected dropdown option by visible text  2024from  expYear

2020-02-04 13:01:18 - [MESSAGE][PASSED] - Object 'Object Repository/CERTPAY_GENERICSTI/Payment_Information_Page/SECURITY_CODE' is present

2020-02-04 13:01:18 - [MESSAGE][PASSED] - Object 'Object Repository/CERTPAY_GENERICSTI/Payment_Information_Page/SECURITY_CODE' is visible

2020-02-04 13:01:18 - [MESSAGE][PASSED] - Object 'Object Repository/CERTPAY_GENERICSTI/Payment_Information_Page/SECURITY_CODE' is present

2020-02-04 13:01:20 - [MESSAGE][PASSED] - Text '111' is set on object 'Object Repository/CERTPAY_GENERICSTI/Payment_Information_Page/SECURITY_CODE'

2020-02-04 13:01:20 - [MESSAGE][PASSED] - GenericSTI_DifferentCardType.ts:Entered'111 into securityCode

2020-02-04 13:01:20 - [TEST_STEP][PASSED] - utilities.SafeActions.safeClick(findTestObject("CERTPAY_GENERICSTI/Payment_Information_Page/NEXT"), "Next", [pageLoadTime]): GenericSTI_DifferentCardType.ts:Clicked on the Next

2020-02-04 13:01:20 - [MESSAGE][INFO] - safeClicking

2020-02-04 13:01:20 - [MESSAGE][PASSED] - Object 'Object Repository/CERTPAY_GENERICSTI/Payment_Information_Page/NEXT' is present

2020-02-04 13:01:20 - [MESSAGE][PASSED] - Object 'Object Repository/CERTPAY_GENERICSTI/Payment_Information_Page/NEXT' is clickable

2020-02-04 13:01:23 - [MESSAGE][PASSED] - Object: 'Object Repository/CERTPAY_GENERICSTI/Payment_Information_Page/NEXT' is clicked on

2020-02-04 13:01:23 - [MESSAGE][PASSED] - GenericSTI_DifferentCardType.ts:Clicked on the Next

2020-02-04 13:01:23 - [TEST_STEP][PASSED] - utilities.SafeActions.safeClick(findTestObject("CERTPAY_GENERICSTI/Review_Payment_Page/PROCESS_PAYMENT"), "Process payment", [pageLoadTime]): GenericSTI_DifferentCardType.ts:Clicked on the Process payment

2020-02-04 13:01:23 - [MESSAGE][INFO] - safeClicking

2020-02-04 13:01:25 - [MESSAGE][PASSED] - Object 'Object Repository/CERTPAY_GENERICSTI/Review_Payment_Page/PROCESS_PAYMENT' is present

2020-02-04 13:01:25 - [MESSAGE][PASSED] - Object 'Object Repository/CERTPAY_GENERICSTI/Review_Payment_Page/PROCESS_PAYMENT' is clickable

2020-02-04 13:01:26 - [MESSAGE][PASSED] - Object: 'Object Repository/CERTPAY_GENERICSTI/Review_Payment_Page/PROCESS_PAYMENT' is clicked on

2020-02-04 13:01:26 - [MESSAGE][PASSED] - GenericSTI_DifferentCardType.ts:Clicked on the Process payment

2020-02-04 13:01:26 - [TEST_STEP][PASSED] - utilities.SafeActions.safeClick(findTestObject("CERTPAY_GENERICSTI/Confirm_Payment_Page/CONFIRM_YES"), "Process payment", [pageLoadTime]): GenericSTI_DifferentCardType.ts:Clicked on the Process payment

2020-02-04 13:01:26 - [MESSAGE][INFO] - safeClicking

2020-02-04 13:01:27 - [MESSAGE][PASSED] - Object 'Object Repository/CERTPAY_GENERICSTI/Confirm_Payment_Page/CONFIRM_YES' is present

2020-02-04 13:01:27 - [MESSAGE][PASSED] - Object 'Object Repository/CERTPAY_GENERICSTI/Confirm_Payment_Page/CONFIRM_YES' is clickable

2020-02-04 13:01:34 - [MESSAGE][PASSED] - Object: 'Object Repository/CERTPAY_GENERICSTI/Confirm_Payment_Page/CONFIRM_YES' is clicked on

2020-02-04 13:01:34 - [MESSAGE][PASSED] - GenericSTI_DifferentCardType.ts:Clicked on the Process payment

2020-02-04 13:01:34 - [TEST_STEP][PASSED] - utilities.SafeActions.safeClick(findTestObject("CERTPAY_GENERICSTI/Payment_Details_Verification_Page/NEXT"), "Process payment", [pageLoadTime]): GenericSTI_DifferentCardType.ts:Clicked on the Process payment

2020-02-04 13:01:34 - [MESSAGE][INFO] - safeClicking

2020-02-04 13:01:35 - [MESSAGE][PASSED] - Object 'Object Repository/CERTPAY_GENERICSTI/Payment_Details_Verification_Page/NEXT' is present

2020-02-04 13:01:36 - [MESSAGE][PASSED] - Object 'Object Repository/CERTPAY_GENERICSTI/Payment_Details_Verification_Page/NEXT' is clickable

2020-02-04 13:01:42 - [MESSAGE][PASSED] - Object: 'Object Repository/CERTPAY_GENERICSTI/Payment_Details_Verification_Page/NEXT' is clicked on

2020-02-04 13:01:42 - [MESSAGE][PASSED] - GenericSTI_DifferentCardType.ts:Clicked on the Process payment

2020-02-04 13:01:42 - [TEST_STEP][PASSED] - FirstName = data.getValue("FirstName", index): null

2020-02-04 13:01:42 - [TEST_STEP][PASSED] - LastName = data.getValue("LastName", index): null

2020-02-04 13:01:42 - [TEST_STEP][PASSED] - Amount = data.getValue("Amount", index): null

2020-02-04 13:01:42 - [TEST_STEP][PASSED] - cardNum = data.getValue("CardNumber", index): null

2020-02-04 13:01:42 - [TEST_STEP][PASSED] - expMonth = data.getValue("ExpMonth", index): null

2020-02-04 13:01:42 - [TEST_STEP][PASSED] - expYear = data.getValue("ExpYear", index): null

2020-02-04 13:01:42 - [TEST_STEP][PASSED] - securityCode = data.getValue("SecurityCode", index): null

2020-02-04 13:01:42 - [TEST_STEP][PASSED] - cardType = data.getValue("CardType", index): null

2020-02-04 13:01:42 - [TEST_STEP][PASSED] - Comments = data.getValue("Comments", index): null

2020-02-04 13:01:42 - [TEST_STEP][PASSED] - Address = data.getValue("Address", index): null

2020-02-04 13:01:42 - [TEST_STEP][PASSED] - Telephone = data.getValue("Telephone", index): null

2020-02-04 13:01:42 - [TEST_STEP][PASSED] - Email = data.getValue("EmailAddress", index): null

2020-02-04 13:01:42 - [TEST_STEP][PASSED] - utilities.SafeActions.openBrowser(Genericsti_url, [pageLoadTime]): Browser launched successfully

2020-02-04 13:01:42 - [MESSAGE][INFO] - Opening Browser

2020-02-04 13:01:42 - [MESSAGE][WARNING] - A browser is already opened. Closing browser and opening a new one

2020-02-04 13:01:43 - [MESSAGE][INFO] - Starting 'Chrome' driver

2020-02-04 13:01:50 - [MESSAGE][PASSED] - Browser is opened with url: 'https://qa-certpaygenericsti.faps.net/genericsti/demo/'

2020-02-04 13:01:51 - [MESSAGE][PASSED] - Current window maximized

2020-02-04 13:01:51 - [MESSAGE][PASSED] - Browser launched successfully

2020-02-04 13:01:51 - [TEST_STEP][PASSED] - utilities.SafeActions.safeClick(findTestObject("CERTPAY_GENERICSTI/Demo_Pages/BEGIN_PAYMENT"), "Begin Payment", [pageLoadTime]): GenericSTI_DifferentCardType.ts:Clicked on the Begin Payment

2020-02-04 13:01:51 - [MESSAGE][INFO] - safeClicking

2020-02-04 13:01:51 - [MESSAGE][PASSED] - Object 'Object Repository/CERTPAY_GENERICSTI/Demo_Pages/BEGIN_PAYMENT' is present

2020-02-04 13:01:52 - [MESSAGE][PASSED] - Object 'Object Repository/CERTPAY_GENERICSTI/Demo_Pages/BEGIN_PAYMENT' is clickable

2020-02-04 13:01:54 - [MESSAGE][PASSED] - Object: 'Object Repository/CERTPAY_GENERICSTI/Demo_Pages/BEGIN_PAYMENT' is clicked on

2020-02-04 13:01:54 - [MESSAGE][PASSED] - GenericSTI_DifferentCardType.ts:Clicked on the Begin Payment

2020-02-04 13:01:54 - [TEST_STEP][PASSED] - utilities.SafeActions.safeClick(findTestObject("CERTPAY_GENERICSTI/XML_Page/SUBMIT"), "Submit XML", [pageLoadTime]): GenericSTI_DifferentCardType.ts:Clicked on the Submit XML

2020-02-04 13:01:54 - [MESSAGE][INFO] - safeClicking

2020-02-04 13:01:54 - [MESSAGE][PASSED] - Object 'Object Repository/CERTPAY_GENERICSTI/XML_Page/SUBMIT' is present

2020-02-04 13:01:54 - [MESSAGE][PASSED] - Object 'Object Repository/CERTPAY_GENERICSTI/XML_Page/SUBMIT' is clickable

2020-02-04 13:01:58 - [MESSAGE][PASSED] - Object: 'Object Repository/CERTPAY_GENERICSTI/XML_Page/SUBMIT' is clicked on

2020-02-04 13:01:58 - [MESSAGE][PASSED] - GenericSTI_DifferentCardType.ts:Clicked on the Submit XML

2020-02-04 13:01:58 - [TEST_STEP][PASSED] - if (cardType == "Visa"): null

2020-02-04 13:01:58 - [TEST_STEP][PASSED] - else if (cardType == "MasterCard"): null

2020-02-04 13:01:58 - [TEST_STEP][PASSED] - else if (cardType == "AmericanExpress"): null

2020-02-04 13:01:58 - [TEST_STEP][PASSED] - else if (cardType == "Discover"): GenericSTI_DifferentCardType.ts:Clicked on the Discover

2020-02-04 13:01:58 - [TEST_STEP][PASSED] - utilities.SafeActions.safeClick(findTestObject("CERTPAY_GENERICSTI/Payment_Information_Page/DISCOVER"), "Discover", [pageLoadTime]): GenericSTI_DifferentCardType.ts:Clicked on the Discover

2020-02-04 13:01:58 - [MESSAGE][INFO] - safeClicking

2020-02-04 13:02:00 - [MESSAGE][PASSED] - Object 'Object Repository/CERTPAY_GENERICSTI/Payment_Information_Page/DISCOVER' is present

2020-02-04 13:02:00 - [MESSAGE][PASSED] - Object 'Object Repository/CERTPAY_GENERICSTI/Payment_Information_Page/DISCOVER' is clickable

2020-02-04 13:02:04 - [MESSAGE][PASSED] - Object: 'Object Repository/CERTPAY_GENERICSTI/Payment_Information_Page/DISCOVER' is clicked on

2020-02-04 13:02:04 - [MESSAGE][PASSED] - GenericSTI_DifferentCardType.ts:Clicked on the Discover

2020-02-04 13:02:04 - [TEST_STEP][PASSED] - utilities.SafeActions.safeType(findTestObject("CERTPAY_GENERICSTI/Payment_Information_Page/COMMENTS"), "Testing", "Comments", [pageLoadTime]): GenericSTI_DifferentCardType.ts:Entered'Testing into Comments

2020-02-04 13:02:05 - [MESSAGE][PASSED] - Object 'Object Repository/CERTPAY_GENERICSTI/Payment_Information_Page/COMMENTS' is present

2020-02-04 13:02:05 - [MESSAGE][PASSED] - Object 'Object Repository/CERTPAY_GENERICSTI/Payment_Information_Page/COMMENTS' is visible

2020-02-04 13:02:06 - [MESSAGE][PASSED] - Object 'Object Repository/CERTPAY_GENERICSTI/Payment_Information_Page/COMMENTS' is present

2020-02-04 13:02:07 - [MESSAGE][PASSED] - Text 'Testing' is set on object 'Object Repository/CERTPAY_GENERICSTI/Payment_Information_Page/COMMENTS'

2020-02-04 13:02:07 - [MESSAGE][PASSED] - GenericSTI_DifferentCardType.ts:Entered'Testing into Comments

2020-02-04 13:02:07 - [TEST_STEP][PASSED] - CardNumber = pages.Genericsti.setUserPaymentDetails(cardNum): GenericSTI_DifferentCardType.ts:Entered'6011111111111117 into CardNum

2020-02-04 13:02:07 - [MESSAGE][PASSED] - Object 'Object Repository/CERTPAY_GENERICSTI/Payment_Information_Page/CARD_NUMBER' is present

2020-02-04 13:02:08 - [MESSAGE][PASSED] - Object 'Object Repository/CERTPAY_GENERICSTI/Payment_Information_Page/CARD_NUMBER' is visible

2020-02-04 13:02:08 - [MESSAGE][PASSED] - Object 'Object Repository/CERTPAY_GENERICSTI/Payment_Information_Page/CARD_NUMBER' is present

2020-02-04 13:02:09 - [MESSAGE][PASSED] - Text '6011111111111117' is set on object 'Object Repository/CERTPAY_GENERICSTI/Payment_Information_Page/CARD_NUMBER'

2020-02-04 13:02:09 - [MESSAGE][PASSED] - GenericSTI_DifferentCardType.ts:Entered'6011111111111117 into CardNum

2020-02-04 13:02:09 - [TEST_STEP][PASSED] - pages.Genericsti.setExpDate(expMonth, expYear, securityCode): GenericSTI_DifferentCardType.ts:Entered'204 into securityCode

2020-02-04 13:02:10 - [MESSAGE][PASSED] - Object 'Object Repository/CERTPAY_GENERICSTI/Payment_Information_Page/EXP_MONTH' is visible

2020-02-04 13:02:10 - [MESSAGE][PASSED] - Object 'Object Repository/CERTPAY_GENERICSTI/Payment_Information_Page/EXP_MONTH' is present

2020-02-04 13:02:11 - [MESSAGE][PASSED] - Object: 'Object Repository/CERTPAY_GENERICSTI/Payment_Information_Page/EXP_MONTH' is clicked on

2020-02-04 13:02:13 - [MESSAGE][PASSED] - All options with label '2' are selected in object 'Object Repository/CERTPAY_GENERICSTI/Payment_Information_Page/EXP_MONTH'  using regular expression

2020-02-04 13:02:13 - [MESSAGE][PASSED] - selected dropdown option by visible text  2from expMonth

2020-02-04 13:02:13 - [MESSAGE][PASSED] - Object 'Object Repository/CERTPAY_GENERICSTI/Payment_Information_Page/EXP_YEAR' is visible

2020-02-04 13:02:14 - [MESSAGE][PASSED] - Object 'Object Repository/CERTPAY_GENERICSTI/Payment_Information_Page/EXP_YEAR' is present

2020-02-04 13:02:15 - [MESSAGE][PASSED] - Object: 'Object Repository/CERTPAY_GENERICSTI/Payment_Information_Page/EXP_YEAR' is clicked on

2020-02-04 13:02:16 - [MESSAGE][PASSED] - All options with label '2023' are selected in object 'Object Repository/CERTPAY_GENERICSTI/Payment_Information_Page/EXP_YEAR'  using regular expression

2020-02-04 13:02:16 - [MESSAGE][PASSED] - selected dropdown option by visible text  2023from  expYear

2020-02-04 13:02:17 - [MESSAGE][PASSED] - Object 'Object Repository/CERTPAY_GENERICSTI/Payment_Information_Page/SECURITY_CODE' is present

2020-02-04 13:02:17 - [MESSAGE][PASSED] - Object 'Object Repository/CERTPAY_GENERICSTI/Payment_Information_Page/SECURITY_CODE' is visible

2020-02-04 13:02:17 - [MESSAGE][PASSED] - Object 'Object Repository/CERTPAY_GENERICSTI/Payment_Information_Page/SECURITY_CODE' is present

2020-02-04 13:02:19 - [MESSAGE][PASSED] - Text '204' is set on object 'Object Repository/CERTPAY_GENERICSTI/Payment_Information_Page/SECURITY_CODE'

2020-02-04 13:02:19 - [MESSAGE][PASSED] - GenericSTI_DifferentCardType.ts:Entered'204 into securityCode

2020-02-04 13:02:19 - [TEST_STEP][PASSED] - utilities.SafeActions.safeClick(findTestObject("CERTPAY_GENERICSTI/Payment_Information_Page/NEXT"), "Next", [pageLoadTime]): GenericSTI_DifferentCardType.ts:Clicked on the Next

2020-02-04 13:02:19 - [MESSAGE][INFO] - safeClicking

2020-02-04 13:02:19 - [MESSAGE][PASSED] - Object 'Object Repository/CERTPAY_GENERICSTI/Payment_Information_Page/NEXT' is present

2020-02-04 13:02:19 - [MESSAGE][PASSED] - Object 'Object Repository/CERTPAY_GENERICSTI/Payment_Information_Page/NEXT' is clickable

2020-02-04 13:02:22 - [MESSAGE][PASSED] - Object: 'Object Repository/CERTPAY_GENERICSTI/Payment_Information_Page/NEXT' is clicked on

2020-02-04 13:02:22 - [MESSAGE][PASSED] - GenericSTI_DifferentCardType.ts:Clicked on the Next

2020-02-04 13:02:22 - [TEST_STEP][PASSED] - utilities.SafeActions.safeClick(findTestObject("CERTPAY_GENERICSTI/Review_Payment_Page/PROCESS_PAYMENT"), "Process payment", [pageLoadTime]): GenericSTI_DifferentCardType.ts:Clicked on the Process payment

2020-02-04 13:02:22 - [MESSAGE][INFO] - safeClicking

2020-02-04 13:02:24 - [MESSAGE][PASSED] - Object 'Object Repository/CERTPAY_GENERICSTI/Review_Payment_Page/PROCESS_PAYMENT' is present

2020-02-04 13:02:24 - [MESSAGE][PASSED] - Object 'Object Repository/CERTPAY_GENERICSTI/Review_Payment_Page/PROCESS_PAYMENT' is clickable

2020-02-04 13:02:25 - [MESSAGE][PASSED] - Object: 'Object Repository/CERTPAY_GENERICSTI/Review_Payment_Page/PROCESS_PAYMENT' is clicked on

2020-02-04 13:02:25 - [MESSAGE][PASSED] - GenericSTI_DifferentCardType.ts:Clicked on the Process payment

2020-02-04 13:02:25 - [TEST_STEP][PASSED] - utilities.SafeActions.safeClick(findTestObject("CERTPAY_GENERICSTI/Confirm_Payment_Page/CONFIRM_YES"), "Process payment", [pageLoadTime]): GenericSTI_DifferentCardType.ts:Clicked on the Process payment

2020-02-04 13:02:26 - [MESSAGE][INFO] - safeClicking

2020-02-04 13:02:26 - [MESSAGE][PASSED] - Object 'Object Repository/CERTPAY_GENERICSTI/Confirm_Payment_Page/CONFIRM_YES' is present

2020-02-04 13:02:26 - [MESSAGE][PASSED] - Object 'Object Repository/CERTPAY_GENERICSTI/Confirm_Payment_Page/CONFIRM_YES' is clickable

2020-02-04 13:02:32 - [MESSAGE][PASSED] - Object: 'Object Repository/CERTPAY_GENERICSTI/Confirm_Payment_Page/CONFIRM_YES' is clicked on

2020-02-04 13:02:32 - [MESSAGE][PASSED] - GenericSTI_DifferentCardType.ts:Clicked on the Process payment

2020-02-04 13:02:32 - [TEST_STEP][PASSED] - utilities.SafeActions.safeClick(findTestObject("CERTPAY_GENERICSTI/Payment_Details_Verification_Page/NEXT"), "Process payment", [pageLoadTime]): GenericSTI_DifferentCardType.ts:Clicked on the Process payment

2020-02-04 13:02:32 - [MESSAGE][INFO] - safeClicking

2020-02-04 13:02:33 - [MESSAGE][PASSED] - Object 'Object Repository/CERTPAY_GENERICSTI/Payment_Details_Verification_Page/NEXT' is present

2020-02-04 13:02:33 - [MESSAGE][PASSED] - Object 'Object Repository/CERTPAY_GENERICSTI/Payment_Details_Verification_Page/NEXT' is clickable

2020-02-04 13:02:39 - [MESSAGE][PASSED] - Object: 'Object Repository/CERTPAY_GENERICSTI/Payment_Details_Verification_Page/NEXT' is clicked on

2020-02-04 13:02:39 - [MESSAGE][PASSED] - GenericSTI_DifferentCardType.ts:Clicked on the Process payment]]></system-out>
         <system-err><![CDATA[]]></system-err>
      </testcase>
      <system-out><![CDATA[2020-02-04 12:57:56 - [TEST_SUITE][PASSED] - GenericSTI_DifferentCardType: Test Cases/Certpay_GenericSTI/TC_001_SingleLinePayments]]></system-out>
      <system-err><![CDATA[]]></system-err>
   </testsuite>
</testsuites>
