<?xml version="1.0" encoding="UTF-8"?>
<testsuites name="GenericSTI_DifferentCardType" time="397.381" tests="1" failures="0" errors="0">
   <testsuite name="GenericSTI_DifferentCardType" tests="1" failures="0" errors="0" time="397.381" timestamp="2020-02-05 12:17:11" hostname="admin - SYS8" id="Test Suites/Certpay_TestSuite/GenericSTI_DifferentCardType">
      <properties>
         <property name="deviceName" value=""/>
         <property name="devicePlatform" value=""/>
         <property name="logFolder" value="D:\\CertpayGeneric\\Reports\\20200205_121657\\Certpay_TestSuite\\GenericSTI_DifferentCardType\\20200205_121657"/>
         <property name="logFiles" value="D:\\CertpayGeneric\\Reports\\20200205_121657\\Certpay_TestSuite\\GenericSTI_DifferentCardType\\20200205_121657\\execution0.log"/>
         <property name="attachments" value=""/>
         <property name="hostName" value="admin - SYS8"/>
         <property name="os" value="Windows 10 32bit"/>
         <property name="katalonVersion" value="7.1.2.1"/>
         <property name="browser" value="Chrome 79.0.3945.130"/>
         <property name="hostAddress" value="172.31.252.142"/>
         <property name="sessionId" value="6169f52f73c9509dc157d50260ed67d7"/>
         <property name="seleniumVersion" value="3.141.59"/>
         <property name="proxyInformation" value="ProxyInformation{proxyOption=NO_PROXY, proxyServerType=HTTP, password=, proxyServerAddress=, proxyServerPort=0, executionList=}"/>
         <property name="platform" value="Windows 10"/>
      </properties>
      <testcase name="Test Cases/Certpay_GenericSTI/TC_001_SingleLinePayments" time="395.564" classname="Test Cases/Certpay_GenericSTI/TC_001_SingleLinePayments" status="PASSED">
         <system-out><![CDATA[2020-02-05 12:17:12 - [TEST_CASE][PASSED] - Test Cases/Certpay_GenericSTI/TC_001_SingleLinePayments: Test Cases/Certpay_GenericSTI/TC_001_SingleLinePayments

2020-02-05 12:17:12 - [TEST_STEP][PASSED] - data = findTestData("Data Files/Certpay/CardTypes_SingleLinePayment"): null

2020-02-05 12:17:14 - [TEST_STEP][PASSED] - for (def index : (1..data.getRowNumbers())): GenericSTI_DifferentCardType.ts:Clicked on the Process payment

2020-02-05 12:17:14 - [TEST_STEP][PASSED] - FirstName = data.getValue("FirstName", index): null

2020-02-05 12:17:14 - [TEST_STEP][PASSED] - LastName = data.getValue("LastName", index): null

2020-02-05 12:17:14 - [TEST_STEP][PASSED] - Amount = data.getValue("Amount", index): null

2020-02-05 12:17:14 - [TEST_STEP][PASSED] - cardNum = data.getValue("CardNumber", index): null

2020-02-05 12:17:14 - [TEST_STEP][PASSED] - expMonth = data.getValue("ExpMonth", index): null

2020-02-05 12:17:14 - [TEST_STEP][PASSED] - expYear = data.getValue("ExpYear", index): null

2020-02-05 12:17:14 - [TEST_STEP][PASSED] - securityCode = data.getValue("SecurityCode", index): null

2020-02-05 12:17:14 - [TEST_STEP][PASSED] - cardType = data.getValue("CardType", index): null

2020-02-05 12:17:14 - [TEST_STEP][PASSED] - Comments = data.getValue("Comments", index): null

2020-02-05 12:17:15 - [TEST_STEP][PASSED] - Address = data.getValue("Address", index): null

2020-02-05 12:17:15 - [TEST_STEP][PASSED] - Telephone = data.getValue("Telephone", index): null

2020-02-05 12:17:15 - [TEST_STEP][PASSED] - Email = data.getValue("EmailAddress", index): null

2020-02-05 12:17:15 - [TEST_STEP][PASSED] - utilities.SafeActions.openBrowser(Genericsti_url, [pageLoadTime]): Browser launched successfully

2020-02-05 12:17:15 - [MESSAGE][INFO] - Opening Browser

2020-02-05 12:17:15 - [MESSAGE][INFO] - Starting 'Chrome' driver

2020-02-05 12:17:16 - [MESSAGE][INFO] - Action delay is set to 0 seconds

2020-02-05 12:17:49 - [MESSAGE][PASSED] - Browser is opened with url: 'https://qa-certpaygenericsti.faps.net/genericsti/demo/'

2020-02-05 12:17:51 - [MESSAGE][PASSED] - Current window maximized

2020-02-05 12:17:51 - [MESSAGE][PASSED] - Browser launched successfully

2020-02-05 12:17:51 - [TEST_STEP][PASSED] - utilities.SafeActions.safeClick(findTestObject("CERTPAY_GENERICSTI/Demo_Pages/BEGIN_PAYMENT"), "Begin Payment", [pageLoadTime]): GenericSTI_DifferentCardType.ts:Clicked on the Begin Payment

2020-02-05 12:17:51 - [MESSAGE][INFO] - safeClicking

2020-02-05 12:17:52 - [MESSAGE][PASSED] - Object 'Object Repository/CERTPAY_GENERICSTI/Demo_Pages/BEGIN_PAYMENT' is present

2020-02-05 12:17:54 - [MESSAGE][PASSED] - Object 'Object Repository/CERTPAY_GENERICSTI/Demo_Pages/BEGIN_PAYMENT' is clickable

2020-02-05 12:17:58 - [MESSAGE][PASSED] - Object: 'Object Repository/CERTPAY_GENERICSTI/Demo_Pages/BEGIN_PAYMENT' is clicked on

2020-02-05 12:17:58 - [MESSAGE][PASSED] - GenericSTI_DifferentCardType.ts:Clicked on the Begin Payment

2020-02-05 12:17:58 - [TEST_STEP][PASSED] - XMLString = utilities.SafeActions.CreateXML(FirstName, LastName, Amount, Address, Email, Telephone): utilities.SafeActions.CreateXML is PASSED

2020-02-05 12:17:58 - [MESSAGE][INFO] - Create XML

2020-02-05 12:17:58 - [MESSAGE][PASSED] - utilities.SafeActions.CreateXML is PASSED

2020-02-05 12:17:58 - [TEST_STEP][PASSED] - utilities.SafeActions.safeType(findTestObject("CERTPAY_GENERICSTI/XML_Page/XML"), XMLString, "XMLContent", [pageLoadTime]): GenericSTI_DifferentCardType.ts:Entered'&lt;?xml version=&quot;1.0&quot; encoding=&quot;utf-8&quot;?&gt;
&lt;Transaction xmlns:xsi=&quot;http://www.w3.org/2001/XMLSchema-instance&quot; xmlns:xsd=&quot;http://www.w3.org/2001/XMLSchema&quot;&gt;
    &lt;BT_ID&gt;123456789&lt;/BT_ID&gt;
    &lt;Protocol&gt;
        &lt;RTU&gt;https://certifiedpayments.net/&lt;/RTU&gt;
        &lt;RLU&gt;https://certifiedpayments.net/&lt;/RLU&gt;
    &lt;/Protocol&gt;
    &lt;Billing&gt;
        &lt;FN Return=&quot;false&quot;&gt;Susmitha&lt;/FN&gt;
        &lt;MN Return=&quot;false&quot;&gt;K.&lt;/MN&gt;
        &lt;LN Return=&quot;false&quot;&gt;A&lt;/LN&gt;
        &lt;Sufx Return=&quot;false&quot; /&gt;
        &lt;AD1 Return=&quot;false&quot;&gt;1320 SE Benning&lt;/AD1&gt;
        &lt;AD2 Return=&quot;false&quot;&gt;Apt. A&lt;/AD2&gt;
        &lt;CTY Return=&quot;false&quot;&gt;New York&lt;/CTY&gt;
        &lt;ST Return=&quot;false&quot;&gt;NY&lt;/ST&gt;
        &lt;CNTY Return=&quot;false&quot;&gt;US&lt;/CNTY&gt;
        &lt;Phone Return=&quot;false&quot;&gt;555-1234&lt;/Phone&gt;
        &lt;Postal Return=&quot;false&quot;&gt;10018&lt;/Postal&gt;
        &lt;Email Return=&quot;false&quot;&gt;Test@knila.com&lt;/Email&gt;
    &lt;/Billing&gt;
    &lt;Items&gt;
        &lt;CI&gt;
            &lt;Amount Edit=&quot;true&quot;&gt;1.00&lt;/Amount&gt;
            &lt;BC&gt;6100000&lt;/BC&gt;
            &lt;CFS&gt;
                &lt;CF Edit=&quot;false&quot; Return=&quot;false&quot;&gt;
                    &lt;CFN&gt;Order Number&lt;/CFN&gt;
                    &lt;CFV&gt;123456789&lt;/CFV&gt;
                    &lt;VP&gt;\d{9}&lt;/VP&gt;
                &lt;/CF&gt;
                &lt;CF Edit=&quot;false&quot; Return=&quot;false&quot;&gt;
                    &lt;CFN&gt;Description&lt;/CFN&gt;
                    &lt;CFV&gt;Speeding Ticket&lt;/CFV&gt;
                    &lt;VP /&gt;
                &lt;/CF&gt;
            &lt;/CFS&gt;
            &lt;FN&gt;Susmitha&lt;/FN&gt;
            &lt;MN&gt;K.&lt;/MN&gt;
            &lt;LN&gt;A&lt;/LN&gt;
            &lt;Sufx /&gt;
            &lt;AD1&gt;1320 SE Benning&lt;/AD1&gt;
            &lt;AD2&gt;Apt. A&lt;/AD2&gt;
            &lt;CTY&gt;New York&lt;/CTY&gt;
            &lt;ST&gt;NY&lt;/ST&gt;
            &lt;CNTY&gt;US&lt;/CNTY&gt;
            &lt;Phone&gt;555-1234&lt;/Phone&gt;
            &lt;Postal&gt;10018&lt;/Postal&gt;
        &lt;/CI&gt;
      
    &lt;/Items&gt;
&lt;/Transaction&gt; into XMLContent

2020-02-05 12:17:58 - [MESSAGE][PASSED] - Object 'Object Repository/CERTPAY_GENERICSTI/XML_Page/XML' is present

2020-02-05 12:17:58 - [MESSAGE][PASSED] - Object 'Object Repository/CERTPAY_GENERICSTI/XML_Page/XML' is visible

2020-02-05 12:17:59 - [MESSAGE][PASSED] - Object 'Object Repository/CERTPAY_GENERICSTI/XML_Page/XML' is present

2020-02-05 12:18:12 - [MESSAGE][PASSED] - Text '&lt;?xml version=&quot;1.0&quot; encoding=&quot;utf-8&quot;?&gt;
&lt;Transaction xmlns:xsi=&quot;http://www.w3.org/2001/XMLSchema-instance&quot; xmlns:xsd=&quot;http://www.w3.org/2001/XMLSchema&quot;&gt;
    &lt;BT_ID&gt;123456789&lt;/BT_ID&gt;
    &lt;Protocol&gt;
        &lt;RTU&gt;https://certifiedpayments.net/&lt;/RTU&gt;
        &lt;RLU&gt;https://certifiedpayments.net/&lt;/RLU&gt;
    &lt;/Protocol&gt;
    &lt;Billing&gt;
        &lt;FN Return=&quot;false&quot;&gt;Susmitha&lt;/FN&gt;
        &lt;MN Return=&quot;false&quot;&gt;K.&lt;/MN&gt;
        &lt;LN Return=&quot;false&quot;&gt;A&lt;/LN&gt;
        &lt;Sufx Return=&quot;false&quot; /&gt;
        &lt;AD1 Return=&quot;false&quot;&gt;1320 SE Benning&lt;/AD1&gt;
        &lt;AD2 Return=&quot;false&quot;&gt;Apt. A&lt;/AD2&gt;
        &lt;CTY Return=&quot;false&quot;&gt;New York&lt;/CTY&gt;
        &lt;ST Return=&quot;false&quot;&gt;NY&lt;/ST&gt;
        &lt;CNTY Return=&quot;false&quot;&gt;US&lt;/CNTY&gt;
        &lt;Phone Return=&quot;false&quot;&gt;555-1234&lt;/Phone&gt;
        &lt;Postal Return=&quot;false&quot;&gt;10018&lt;/Postal&gt;
        &lt;Email Return=&quot;false&quot;&gt;Test@knila.com&lt;/Email&gt;
    &lt;/Billing&gt;
    &lt;Items&gt;
        &lt;CI&gt;
            &lt;Amount Edit=&quot;true&quot;&gt;1.00&lt;/Amount&gt;
            &lt;BC&gt;6100000&lt;/BC&gt;
            &lt;CFS&gt;
                &lt;CF Edit=&quot;false&quot; Return=&quot;false&quot;&gt;
                    &lt;CFN&gt;Order Number&lt;/CFN&gt;
                    &lt;CFV&gt;123456789&lt;/CFV&gt;
                    &lt;VP&gt;\d{9}&lt;/VP&gt;
                &lt;/CF&gt;
                &lt;CF Edit=&quot;false&quot; Return=&quot;false&quot;&gt;
                    &lt;CFN&gt;Description&lt;/CFN&gt;
                    &lt;CFV&gt;Speeding Ticket&lt;/CFV&gt;
                    &lt;VP /&gt;
                &lt;/CF&gt;
            &lt;/CFS&gt;
            &lt;FN&gt;Susmitha&lt;/FN&gt;
            &lt;MN&gt;K.&lt;/MN&gt;
            &lt;LN&gt;A&lt;/LN&gt;
            &lt;Sufx /&gt;
            &lt;AD1&gt;1320 SE Benning&lt;/AD1&gt;
            &lt;AD2&gt;Apt. A&lt;/AD2&gt;
            &lt;CTY&gt;New York&lt;/CTY&gt;
            &lt;ST&gt;NY&lt;/ST&gt;
            &lt;CNTY&gt;US&lt;/CNTY&gt;
            &lt;Phone&gt;555-1234&lt;/Phone&gt;
            &lt;Postal&gt;10018&lt;/Postal&gt;
        &lt;/CI&gt;
      
    &lt;/Items&gt;
&lt;/Transaction&gt;' is set on object 'Object Repository/CERTPAY_GENERICSTI/XML_Page/XML'

2020-02-05 12:18:12 - [MESSAGE][PASSED] - GenericSTI_DifferentCardType.ts:Entered'&lt;?xml version=&quot;1.0&quot; encoding=&quot;utf-8&quot;?&gt;
&lt;Transaction xmlns:xsi=&quot;http://www.w3.org/2001/XMLSchema-instance&quot; xmlns:xsd=&quot;http://www.w3.org/2001/XMLSchema&quot;&gt;
    &lt;BT_ID&gt;123456789&lt;/BT_ID&gt;
    &lt;Protocol&gt;
        &lt;RTU&gt;https://certifiedpayments.net/&lt;/RTU&gt;
        &lt;RLU&gt;https://certifiedpayments.net/&lt;/RLU&gt;
    &lt;/Protocol&gt;
    &lt;Billing&gt;
        &lt;FN Return=&quot;false&quot;&gt;Susmitha&lt;/FN&gt;
        &lt;MN Return=&quot;false&quot;&gt;K.&lt;/MN&gt;
        &lt;LN Return=&quot;false&quot;&gt;A&lt;/LN&gt;
        &lt;Sufx Return=&quot;false&quot; /&gt;
        &lt;AD1 Return=&quot;false&quot;&gt;1320 SE Benning&lt;/AD1&gt;
        &lt;AD2 Return=&quot;false&quot;&gt;Apt. A&lt;/AD2&gt;
        &lt;CTY Return=&quot;false&quot;&gt;New York&lt;/CTY&gt;
        &lt;ST Return=&quot;false&quot;&gt;NY&lt;/ST&gt;
        &lt;CNTY Return=&quot;false&quot;&gt;US&lt;/CNTY&gt;
        &lt;Phone Return=&quot;false&quot;&gt;555-1234&lt;/Phone&gt;
        &lt;Postal Return=&quot;false&quot;&gt;10018&lt;/Postal&gt;
        &lt;Email Return=&quot;false&quot;&gt;Test@knila.com&lt;/Email&gt;
    &lt;/Billing&gt;
    &lt;Items&gt;
        &lt;CI&gt;
            &lt;Amount Edit=&quot;true&quot;&gt;1.00&lt;/Amount&gt;
            &lt;BC&gt;6100000&lt;/BC&gt;
            &lt;CFS&gt;
                &lt;CF Edit=&quot;false&quot; Return=&quot;false&quot;&gt;
                    &lt;CFN&gt;Order Number&lt;/CFN&gt;
                    &lt;CFV&gt;123456789&lt;/CFV&gt;
                    &lt;VP&gt;\d{9}&lt;/VP&gt;
                &lt;/CF&gt;
                &lt;CF Edit=&quot;false&quot; Return=&quot;false&quot;&gt;
                    &lt;CFN&gt;Description&lt;/CFN&gt;
                    &lt;CFV&gt;Speeding Ticket&lt;/CFV&gt;
                    &lt;VP /&gt;
                &lt;/CF&gt;
            &lt;/CFS&gt;
            &lt;FN&gt;Susmitha&lt;/FN&gt;
            &lt;MN&gt;K.&lt;/MN&gt;
            &lt;LN&gt;A&lt;/LN&gt;
            &lt;Sufx /&gt;
            &lt;AD1&gt;1320 SE Benning&lt;/AD1&gt;
            &lt;AD2&gt;Apt. A&lt;/AD2&gt;
            &lt;CTY&gt;New York&lt;/CTY&gt;
            &lt;ST&gt;NY&lt;/ST&gt;
            &lt;CNTY&gt;US&lt;/CNTY&gt;
            &lt;Phone&gt;555-1234&lt;/Phone&gt;
            &lt;Postal&gt;10018&lt;/Postal&gt;
        &lt;/CI&gt;
      
    &lt;/Items&gt;
&lt;/Transaction&gt; into XMLContent

2020-02-05 12:18:12 - [TEST_STEP][PASSED] - utilities.SafeActions.safeClick(findTestObject("CERTPAY_GENERICSTI/XML_Page/SUBMIT"), "Submit XML", [pageLoadTime]): GenericSTI_DifferentCardType.ts:Clicked on the Submit XML

2020-02-05 12:18:12 - [MESSAGE][INFO] - safeClicking

2020-02-05 12:18:12 - [MESSAGE][PASSED] - Object 'Object Repository/CERTPAY_GENERICSTI/XML_Page/SUBMIT' is present

2020-02-05 12:18:12 - [MESSAGE][PASSED] - Object 'Object Repository/CERTPAY_GENERICSTI/XML_Page/SUBMIT' is clickable

2020-02-05 12:18:24 - [MESSAGE][PASSED] - Object: 'Object Repository/CERTPAY_GENERICSTI/XML_Page/SUBMIT' is clicked on

2020-02-05 12:18:24 - [MESSAGE][PASSED] - GenericSTI_DifferentCardType.ts:Clicked on the Submit XML

2020-02-05 12:18:24 - [TEST_STEP][PASSED] - if (cardType == "Visa"): GenericSTI_DifferentCardType.ts:Clicked on the VISA Card

2020-02-05 12:18:24 - [TEST_STEP][PASSED] - utilities.SafeActions.safeClick(findTestObject("CERTPAY_GENERICSTI/Payment_Information_Page/VISA"), "VISA Card", [pageLoadTime]): GenericSTI_DifferentCardType.ts:Clicked on the VISA Card

2020-02-05 12:18:24 - [MESSAGE][INFO] - safeClicking

2020-02-05 12:18:26 - [MESSAGE][PASSED] - Object 'Object Repository/CERTPAY_GENERICSTI/Payment_Information_Page/VISA' is present

2020-02-05 12:18:26 - [MESSAGE][PASSED] - Object 'Object Repository/CERTPAY_GENERICSTI/Payment_Information_Page/VISA' is clickable

2020-02-05 12:18:32 - [MESSAGE][PASSED] - Object: 'Object Repository/CERTPAY_GENERICSTI/Payment_Information_Page/VISA' is clicked on

2020-02-05 12:18:32 - [MESSAGE][PASSED] - GenericSTI_DifferentCardType.ts:Clicked on the VISA Card

2020-02-05 12:18:32 - [TEST_STEP][PASSED] - utilities.SafeActions.safeType(findTestObject("CERTPAY_GENERICSTI/Payment_Information_Page/COMMENTS"), "Testing", "Comments", [pageLoadTime]): GenericSTI_DifferentCardType.ts:Entered'Testing into Comments

2020-02-05 12:18:32 - [MESSAGE][PASSED] - Object 'Object Repository/CERTPAY_GENERICSTI/Payment_Information_Page/COMMENTS' is present

2020-02-05 12:18:33 - [MESSAGE][PASSED] - Object 'Object Repository/CERTPAY_GENERICSTI/Payment_Information_Page/COMMENTS' is visible

2020-02-05 12:18:33 - [MESSAGE][PASSED] - Object 'Object Repository/CERTPAY_GENERICSTI/Payment_Information_Page/COMMENTS' is present

2020-02-05 12:18:34 - [MESSAGE][PASSED] - Text 'Testing' is set on object 'Object Repository/CERTPAY_GENERICSTI/Payment_Information_Page/COMMENTS'

2020-02-05 12:18:34 - [MESSAGE][PASSED] - GenericSTI_DifferentCardType.ts:Entered'Testing into Comments

2020-02-05 12:18:34 - [TEST_STEP][PASSED] - CardNumber = pages.Genericsti.setUserPaymentDetails(cardNum): GenericSTI_DifferentCardType.ts:Entered'4111111111111111 into CardNum

2020-02-05 12:18:35 - [MESSAGE][PASSED] - Object 'Object Repository/CERTPAY_GENERICSTI/Payment_Information_Page/CARD_NUMBER' is present

2020-02-05 12:18:35 - [MESSAGE][PASSED] - Object 'Object Repository/CERTPAY_GENERICSTI/Payment_Information_Page/CARD_NUMBER' is visible

2020-02-05 12:18:36 - [MESSAGE][PASSED] - Object 'Object Repository/CERTPAY_GENERICSTI/Payment_Information_Page/CARD_NUMBER' is present

2020-02-05 12:18:37 - [MESSAGE][PASSED] - Text '4111111111111111' is set on object 'Object Repository/CERTPAY_GENERICSTI/Payment_Information_Page/CARD_NUMBER'

2020-02-05 12:18:37 - [MESSAGE][PASSED] - GenericSTI_DifferentCardType.ts:Entered'4111111111111111 into CardNum

2020-02-05 12:18:37 - [TEST_STEP][PASSED] - pages.Genericsti.setExpDate(expMonth, expYear, securityCode): GenericSTI_DifferentCardType.ts:Entered'207 into securityCode

2020-02-05 12:18:38 - [MESSAGE][PASSED] - Object 'Object Repository/CERTPAY_GENERICSTI/Payment_Information_Page/EXP_MONTH' is visible

2020-02-05 12:18:38 - [MESSAGE][PASSED] - Object 'Object Repository/CERTPAY_GENERICSTI/Payment_Information_Page/EXP_MONTH' is present

2020-02-05 12:18:39 - [MESSAGE][PASSED] - Object: 'Object Repository/CERTPAY_GENERICSTI/Payment_Information_Page/EXP_MONTH' is clicked on

2020-02-05 12:18:42 - [MESSAGE][PASSED] - All options with label '3' are selected in object 'Object Repository/CERTPAY_GENERICSTI/Payment_Information_Page/EXP_MONTH'  using regular expression

2020-02-05 12:18:42 - [MESSAGE][PASSED] - selected dropdown option by visible text  3from expMonth

2020-02-05 12:18:42 - [MESSAGE][PASSED] - Object 'Object Repository/CERTPAY_GENERICSTI/Payment_Information_Page/EXP_YEAR' is visible

2020-02-05 12:18:43 - [MESSAGE][PASSED] - Object 'Object Repository/CERTPAY_GENERICSTI/Payment_Information_Page/EXP_YEAR' is present

2020-02-05 12:18:44 - [MESSAGE][PASSED] - Object: 'Object Repository/CERTPAY_GENERICSTI/Payment_Information_Page/EXP_YEAR' is clicked on

2020-02-05 12:18:46 - [MESSAGE][PASSED] - All options with label '2022' are selected in object 'Object Repository/CERTPAY_GENERICSTI/Payment_Information_Page/EXP_YEAR'  using regular expression

2020-02-05 12:18:46 - [MESSAGE][PASSED] - selected dropdown option by visible text  2022from  expYear

2020-02-05 12:18:47 - [MESSAGE][PASSED] - Object 'Object Repository/CERTPAY_GENERICSTI/Payment_Information_Page/SECURITY_CODE' is present

2020-02-05 12:18:47 - [MESSAGE][PASSED] - Object 'Object Repository/CERTPAY_GENERICSTI/Payment_Information_Page/SECURITY_CODE' is visible

2020-02-05 12:18:47 - [MESSAGE][PASSED] - Object 'Object Repository/CERTPAY_GENERICSTI/Payment_Information_Page/SECURITY_CODE' is present

2020-02-05 12:18:48 - [MESSAGE][PASSED] - Text '207' is set on object 'Object Repository/CERTPAY_GENERICSTI/Payment_Information_Page/SECURITY_CODE'

2020-02-05 12:18:48 - [MESSAGE][PASSED] - GenericSTI_DifferentCardType.ts:Entered'207 into securityCode

2020-02-05 12:18:48 - [TEST_STEP][PASSED] - utilities.SafeActions.safeClick(findTestObject("CERTPAY_GENERICSTI/Payment_Information_Page/NEXT"), "Next", [pageLoadTime]): GenericSTI_DifferentCardType.ts:Clicked on the Next

2020-02-05 12:18:49 - [MESSAGE][INFO] - safeClicking

2020-02-05 12:18:49 - [MESSAGE][PASSED] - Object 'Object Repository/CERTPAY_GENERICSTI/Payment_Information_Page/NEXT' is present

2020-02-05 12:18:49 - [MESSAGE][PASSED] - Object 'Object Repository/CERTPAY_GENERICSTI/Payment_Information_Page/NEXT' is clickable

2020-02-05 12:18:52 - [MESSAGE][PASSED] - Object: 'Object Repository/CERTPAY_GENERICSTI/Payment_Information_Page/NEXT' is clicked on

2020-02-05 12:18:52 - [MESSAGE][PASSED] - GenericSTI_DifferentCardType.ts:Clicked on the Next

2020-02-05 12:18:52 - [TEST_STEP][PASSED] - utilities.SafeActions.safeClick(findTestObject("CERTPAY_GENERICSTI/Review_Payment_Page/PROCESS_PAYMENT"), "Process payment", [pageLoadTime]): GenericSTI_DifferentCardType.ts:Clicked on the Process payment

2020-02-05 12:18:53 - [MESSAGE][INFO] - safeClicking

2020-02-05 12:18:54 - [MESSAGE][PASSED] - Object 'Object Repository/CERTPAY_GENERICSTI/Review_Payment_Page/PROCESS_PAYMENT' is present

2020-02-05 12:18:54 - [MESSAGE][PASSED] - Object 'Object Repository/CERTPAY_GENERICSTI/Review_Payment_Page/PROCESS_PAYMENT' is clickable

2020-02-05 12:18:55 - [MESSAGE][PASSED] - Object: 'Object Repository/CERTPAY_GENERICSTI/Review_Payment_Page/PROCESS_PAYMENT' is clicked on

2020-02-05 12:18:55 - [MESSAGE][PASSED] - GenericSTI_DifferentCardType.ts:Clicked on the Process payment

2020-02-05 12:18:55 - [TEST_STEP][PASSED] - utilities.SafeActions.safeClick(findTestObject("CERTPAY_GENERICSTI/Confirm_Payment_Page/CONFIRM_YES"), "Process payment", [pageLoadTime]): GenericSTI_DifferentCardType.ts:Clicked on the Process payment

2020-02-05 12:18:56 - [MESSAGE][INFO] - safeClicking

2020-02-05 12:18:56 - [MESSAGE][PASSED] - Object 'Object Repository/CERTPAY_GENERICSTI/Confirm_Payment_Page/CONFIRM_YES' is present

2020-02-05 12:18:56 - [MESSAGE][PASSED] - Object 'Object Repository/CERTPAY_GENERICSTI/Confirm_Payment_Page/CONFIRM_YES' is clickable

2020-02-05 12:19:05 - [MESSAGE][PASSED] - Object: 'Object Repository/CERTPAY_GENERICSTI/Confirm_Payment_Page/CONFIRM_YES' is clicked on

2020-02-05 12:19:05 - [MESSAGE][PASSED] - GenericSTI_DifferentCardType.ts:Clicked on the Process payment

2020-02-05 12:19:05 - [TEST_STEP][PASSED] - utilities.SafeActions.safeClick(findTestObject("CERTPAY_GENERICSTI/Payment_Details_Verification_Page/NEXT"), "Process payment", [pageLoadTime]): GenericSTI_DifferentCardType.ts:Clicked on the Process payment

2020-02-05 12:19:05 - [MESSAGE][INFO] - safeClicking

2020-02-05 12:19:06 - [MESSAGE][PASSED] - Object 'Object Repository/CERTPAY_GENERICSTI/Payment_Details_Verification_Page/NEXT' is present

2020-02-05 12:19:07 - [MESSAGE][PASSED] - Object 'Object Repository/CERTPAY_GENERICSTI/Payment_Details_Verification_Page/NEXT' is clickable

2020-02-05 12:19:17 - [MESSAGE][PASSED] - Object: 'Object Repository/CERTPAY_GENERICSTI/Payment_Details_Verification_Page/NEXT' is clicked on

2020-02-05 12:19:17 - [MESSAGE][PASSED] - GenericSTI_DifferentCardType.ts:Clicked on the Process payment

2020-02-05 12:19:17 - [TEST_STEP][PASSED] - FirstName = data.getValue("FirstName", index): null

2020-02-05 12:19:17 - [TEST_STEP][PASSED] - LastName = data.getValue("LastName", index): null

2020-02-05 12:19:17 - [TEST_STEP][PASSED] - Amount = data.getValue("Amount", index): null

2020-02-05 12:19:17 - [TEST_STEP][PASSED] - cardNum = data.getValue("CardNumber", index): null

2020-02-05 12:19:17 - [TEST_STEP][PASSED] - expMonth = data.getValue("ExpMonth", index): null

2020-02-05 12:19:17 - [TEST_STEP][PASSED] - expYear = data.getValue("ExpYear", index): null

2020-02-05 12:19:17 - [TEST_STEP][PASSED] - securityCode = data.getValue("SecurityCode", index): null

2020-02-05 12:19:17 - [TEST_STEP][PASSED] - cardType = data.getValue("CardType", index): null

2020-02-05 12:19:17 - [TEST_STEP][PASSED] - Comments = data.getValue("Comments", index): null

2020-02-05 12:19:17 - [TEST_STEP][PASSED] - Address = data.getValue("Address", index): null

2020-02-05 12:19:17 - [TEST_STEP][PASSED] - Telephone = data.getValue("Telephone", index): null

2020-02-05 12:19:17 - [TEST_STEP][PASSED] - Email = data.getValue("EmailAddress", index): null

2020-02-05 12:19:17 - [TEST_STEP][PASSED] - utilities.SafeActions.openBrowser(Genericsti_url, [pageLoadTime]): Browser launched successfully

2020-02-05 12:19:17 - [MESSAGE][INFO] - Opening Browser

2020-02-05 12:19:17 - [MESSAGE][WARNING] - A browser is already opened. Closing browser and opening a new one

2020-02-05 12:19:18 - [MESSAGE][INFO] - Starting 'Chrome' driver

2020-02-05 12:20:15 - [MESSAGE][PASSED] - Browser is opened with url: 'https://qa-certpaygenericsti.faps.net/genericsti/demo/'

2020-02-05 12:20:16 - [MESSAGE][PASSED] - Current window maximized

2020-02-05 12:20:16 - [MESSAGE][PASSED] - Browser launched successfully

2020-02-05 12:20:16 - [TEST_STEP][PASSED] - utilities.SafeActions.safeClick(findTestObject("CERTPAY_GENERICSTI/Demo_Pages/BEGIN_PAYMENT"), "Begin Payment", [pageLoadTime]): GenericSTI_DifferentCardType.ts:Clicked on the Begin Payment

2020-02-05 12:20:16 - [MESSAGE][INFO] - safeClicking

2020-02-05 12:20:16 - [MESSAGE][PASSED] - Object 'Object Repository/CERTPAY_GENERICSTI/Demo_Pages/BEGIN_PAYMENT' is present

2020-02-05 12:20:17 - [MESSAGE][PASSED] - Object 'Object Repository/CERTPAY_GENERICSTI/Demo_Pages/BEGIN_PAYMENT' is clickable

2020-02-05 12:20:20 - [MESSAGE][PASSED] - Object: 'Object Repository/CERTPAY_GENERICSTI/Demo_Pages/BEGIN_PAYMENT' is clicked on

2020-02-05 12:20:20 - [MESSAGE][PASSED] - GenericSTI_DifferentCardType.ts:Clicked on the Begin Payment

2020-02-05 12:20:20 - [TEST_STEP][PASSED] - XMLString = utilities.SafeActions.CreateXML(FirstName, LastName, Amount, Address, Email, Telephone): utilities.SafeActions.CreateXML is PASSED

2020-02-05 12:20:20 - [MESSAGE][INFO] - Create XML

2020-02-05 12:20:20 - [MESSAGE][PASSED] - utilities.SafeActions.CreateXML is PASSED

2020-02-05 12:20:20 - [TEST_STEP][PASSED] - utilities.SafeActions.safeType(findTestObject("CERTPAY_GENERICSTI/XML_Page/XML"), XMLString, "XMLContent", [pageLoadTime]): GenericSTI_DifferentCardType.ts:Entered'&lt;?xml version=&quot;1.0&quot; encoding=&quot;utf-8&quot;?&gt;
&lt;Transaction xmlns:xsi=&quot;http://www.w3.org/2001/XMLSchema-instance&quot; xmlns:xsd=&quot;http://www.w3.org/2001/XMLSchema&quot;&gt;
    &lt;BT_ID&gt;123456789&lt;/BT_ID&gt;
    &lt;Protocol&gt;
        &lt;RTU&gt;https://certifiedpayments.net/&lt;/RTU&gt;
        &lt;RLU&gt;https://certifiedpayments.net/&lt;/RLU&gt;
    &lt;/Protocol&gt;
    &lt;Billing&gt;
        &lt;FN Return=&quot;false&quot;&gt;Valarmathi&lt;/FN&gt;
        &lt;MN Return=&quot;false&quot;&gt;K.&lt;/MN&gt;
        &lt;LN Return=&quot;false&quot;&gt;V&lt;/LN&gt;
        &lt;Sufx Return=&quot;false&quot; /&gt;
        &lt;AD1 Return=&quot;false&quot;&gt;1320 SE Benning&lt;/AD1&gt;
        &lt;AD2 Return=&quot;false&quot;&gt;Apt. A&lt;/AD2&gt;
        &lt;CTY Return=&quot;false&quot;&gt;New York&lt;/CTY&gt;
        &lt;ST Return=&quot;false&quot;&gt;NY&lt;/ST&gt;
        &lt;CNTY Return=&quot;false&quot;&gt;US&lt;/CNTY&gt;
        &lt;Phone Return=&quot;false&quot;&gt;555-1234&lt;/Phone&gt;
        &lt;Postal Return=&quot;false&quot;&gt;10018&lt;/Postal&gt;
        &lt;Email Return=&quot;false&quot;&gt;Test@knila.com&lt;/Email&gt;
    &lt;/Billing&gt;
    &lt;Items&gt;
        &lt;CI&gt;
            &lt;Amount Edit=&quot;true&quot;&gt;2.00&lt;/Amount&gt;
            &lt;BC&gt;6100000&lt;/BC&gt;
            &lt;CFS&gt;
                &lt;CF Edit=&quot;false&quot; Return=&quot;false&quot;&gt;
                    &lt;CFN&gt;Order Number&lt;/CFN&gt;
                    &lt;CFV&gt;123456789&lt;/CFV&gt;
                    &lt;VP&gt;\d{9}&lt;/VP&gt;
                &lt;/CF&gt;
                &lt;CF Edit=&quot;false&quot; Return=&quot;false&quot;&gt;
                    &lt;CFN&gt;Description&lt;/CFN&gt;
                    &lt;CFV&gt;Speeding Ticket&lt;/CFV&gt;
                    &lt;VP /&gt;
                &lt;/CF&gt;
            &lt;/CFS&gt;
            &lt;FN&gt;Valarmathi&lt;/FN&gt;
            &lt;MN&gt;K.&lt;/MN&gt;
            &lt;LN&gt;V&lt;/LN&gt;
            &lt;Sufx /&gt;
            &lt;AD1&gt;1320 SE Benning&lt;/AD1&gt;
            &lt;AD2&gt;Apt. A&lt;/AD2&gt;
            &lt;CTY&gt;New York&lt;/CTY&gt;
            &lt;ST&gt;NY&lt;/ST&gt;
            &lt;CNTY&gt;US&lt;/CNTY&gt;
            &lt;Phone&gt;555-1234&lt;/Phone&gt;
            &lt;Postal&gt;10018&lt;/Postal&gt;
        &lt;/CI&gt;
      
    &lt;/Items&gt;
&lt;/Transaction&gt; into XMLContent

2020-02-05 12:20:21 - [MESSAGE][PASSED] - Object 'Object Repository/CERTPAY_GENERICSTI/XML_Page/XML' is present

2020-02-05 12:20:21 - [MESSAGE][PASSED] - Object 'Object Repository/CERTPAY_GENERICSTI/XML_Page/XML' is visible

2020-02-05 12:20:21 - [MESSAGE][PASSED] - Object 'Object Repository/CERTPAY_GENERICSTI/XML_Page/XML' is present

2020-02-05 12:20:31 - [MESSAGE][PASSED] - Text '&lt;?xml version=&quot;1.0&quot; encoding=&quot;utf-8&quot;?&gt;
&lt;Transaction xmlns:xsi=&quot;http://www.w3.org/2001/XMLSchema-instance&quot; xmlns:xsd=&quot;http://www.w3.org/2001/XMLSchema&quot;&gt;
    &lt;BT_ID&gt;123456789&lt;/BT_ID&gt;
    &lt;Protocol&gt;
        &lt;RTU&gt;https://certifiedpayments.net/&lt;/RTU&gt;
        &lt;RLU&gt;https://certifiedpayments.net/&lt;/RLU&gt;
    &lt;/Protocol&gt;
    &lt;Billing&gt;
        &lt;FN Return=&quot;false&quot;&gt;Valarmathi&lt;/FN&gt;
        &lt;MN Return=&quot;false&quot;&gt;K.&lt;/MN&gt;
        &lt;LN Return=&quot;false&quot;&gt;V&lt;/LN&gt;
        &lt;Sufx Return=&quot;false&quot; /&gt;
        &lt;AD1 Return=&quot;false&quot;&gt;1320 SE Benning&lt;/AD1&gt;
        &lt;AD2 Return=&quot;false&quot;&gt;Apt. A&lt;/AD2&gt;
        &lt;CTY Return=&quot;false&quot;&gt;New York&lt;/CTY&gt;
        &lt;ST Return=&quot;false&quot;&gt;NY&lt;/ST&gt;
        &lt;CNTY Return=&quot;false&quot;&gt;US&lt;/CNTY&gt;
        &lt;Phone Return=&quot;false&quot;&gt;555-1234&lt;/Phone&gt;
        &lt;Postal Return=&quot;false&quot;&gt;10018&lt;/Postal&gt;
        &lt;Email Return=&quot;false&quot;&gt;Test@knila.com&lt;/Email&gt;
    &lt;/Billing&gt;
    &lt;Items&gt;
        &lt;CI&gt;
            &lt;Amount Edit=&quot;true&quot;&gt;2.00&lt;/Amount&gt;
            &lt;BC&gt;6100000&lt;/BC&gt;
            &lt;CFS&gt;
                &lt;CF Edit=&quot;false&quot; Return=&quot;false&quot;&gt;
                    &lt;CFN&gt;Order Number&lt;/CFN&gt;
                    &lt;CFV&gt;123456789&lt;/CFV&gt;
                    &lt;VP&gt;\d{9}&lt;/VP&gt;
                &lt;/CF&gt;
                &lt;CF Edit=&quot;false&quot; Return=&quot;false&quot;&gt;
                    &lt;CFN&gt;Description&lt;/CFN&gt;
                    &lt;CFV&gt;Speeding Ticket&lt;/CFV&gt;
                    &lt;VP /&gt;
                &lt;/CF&gt;
            &lt;/CFS&gt;
            &lt;FN&gt;Valarmathi&lt;/FN&gt;
            &lt;MN&gt;K.&lt;/MN&gt;
            &lt;LN&gt;V&lt;/LN&gt;
            &lt;Sufx /&gt;
            &lt;AD1&gt;1320 SE Benning&lt;/AD1&gt;
            &lt;AD2&gt;Apt. A&lt;/AD2&gt;
            &lt;CTY&gt;New York&lt;/CTY&gt;
            &lt;ST&gt;NY&lt;/ST&gt;
            &lt;CNTY&gt;US&lt;/CNTY&gt;
            &lt;Phone&gt;555-1234&lt;/Phone&gt;
            &lt;Postal&gt;10018&lt;/Postal&gt;
        &lt;/CI&gt;
      
    &lt;/Items&gt;
&lt;/Transaction&gt;' is set on object 'Object Repository/CERTPAY_GENERICSTI/XML_Page/XML'

2020-02-05 12:20:31 - [MESSAGE][PASSED] - GenericSTI_DifferentCardType.ts:Entered'&lt;?xml version=&quot;1.0&quot; encoding=&quot;utf-8&quot;?&gt;
&lt;Transaction xmlns:xsi=&quot;http://www.w3.org/2001/XMLSchema-instance&quot; xmlns:xsd=&quot;http://www.w3.org/2001/XMLSchema&quot;&gt;
    &lt;BT_ID&gt;123456789&lt;/BT_ID&gt;
    &lt;Protocol&gt;
        &lt;RTU&gt;https://certifiedpayments.net/&lt;/RTU&gt;
        &lt;RLU&gt;https://certifiedpayments.net/&lt;/RLU&gt;
    &lt;/Protocol&gt;
    &lt;Billing&gt;
        &lt;FN Return=&quot;false&quot;&gt;Valarmathi&lt;/FN&gt;
        &lt;MN Return=&quot;false&quot;&gt;K.&lt;/MN&gt;
        &lt;LN Return=&quot;false&quot;&gt;V&lt;/LN&gt;
        &lt;Sufx Return=&quot;false&quot; /&gt;
        &lt;AD1 Return=&quot;false&quot;&gt;1320 SE Benning&lt;/AD1&gt;
        &lt;AD2 Return=&quot;false&quot;&gt;Apt. A&lt;/AD2&gt;
        &lt;CTY Return=&quot;false&quot;&gt;New York&lt;/CTY&gt;
        &lt;ST Return=&quot;false&quot;&gt;NY&lt;/ST&gt;
        &lt;CNTY Return=&quot;false&quot;&gt;US&lt;/CNTY&gt;
        &lt;Phone Return=&quot;false&quot;&gt;555-1234&lt;/Phone&gt;
        &lt;Postal Return=&quot;false&quot;&gt;10018&lt;/Postal&gt;
        &lt;Email Return=&quot;false&quot;&gt;Test@knila.com&lt;/Email&gt;
    &lt;/Billing&gt;
    &lt;Items&gt;
        &lt;CI&gt;
            &lt;Amount Edit=&quot;true&quot;&gt;2.00&lt;/Amount&gt;
            &lt;BC&gt;6100000&lt;/BC&gt;
            &lt;CFS&gt;
                &lt;CF Edit=&quot;false&quot; Return=&quot;false&quot;&gt;
                    &lt;CFN&gt;Order Number&lt;/CFN&gt;
                    &lt;CFV&gt;123456789&lt;/CFV&gt;
                    &lt;VP&gt;\d{9}&lt;/VP&gt;
                &lt;/CF&gt;
                &lt;CF Edit=&quot;false&quot; Return=&quot;false&quot;&gt;
                    &lt;CFN&gt;Description&lt;/CFN&gt;
                    &lt;CFV&gt;Speeding Ticket&lt;/CFV&gt;
                    &lt;VP /&gt;
                &lt;/CF&gt;
            &lt;/CFS&gt;
            &lt;FN&gt;Valarmathi&lt;/FN&gt;
            &lt;MN&gt;K.&lt;/MN&gt;
            &lt;LN&gt;V&lt;/LN&gt;
            &lt;Sufx /&gt;
            &lt;AD1&gt;1320 SE Benning&lt;/AD1&gt;
            &lt;AD2&gt;Apt. A&lt;/AD2&gt;
            &lt;CTY&gt;New York&lt;/CTY&gt;
            &lt;ST&gt;NY&lt;/ST&gt;
            &lt;CNTY&gt;US&lt;/CNTY&gt;
            &lt;Phone&gt;555-1234&lt;/Phone&gt;
            &lt;Postal&gt;10018&lt;/Postal&gt;
        &lt;/CI&gt;
      
    &lt;/Items&gt;
&lt;/Transaction&gt; into XMLContent

2020-02-05 12:20:31 - [TEST_STEP][PASSED] - utilities.SafeActions.safeClick(findTestObject("CERTPAY_GENERICSTI/XML_Page/SUBMIT"), "Submit XML", [pageLoadTime]): GenericSTI_DifferentCardType.ts:Clicked on the Submit XML

2020-02-05 12:20:31 - [MESSAGE][INFO] - safeClicking

2020-02-05 12:20:32 - [MESSAGE][PASSED] - Object 'Object Repository/CERTPAY_GENERICSTI/XML_Page/SUBMIT' is present

2020-02-05 12:20:32 - [MESSAGE][PASSED] - Object 'Object Repository/CERTPAY_GENERICSTI/XML_Page/SUBMIT' is clickable

2020-02-05 12:20:41 - [MESSAGE][PASSED] - Object: 'Object Repository/CERTPAY_GENERICSTI/XML_Page/SUBMIT' is clicked on

2020-02-05 12:20:41 - [MESSAGE][PASSED] - GenericSTI_DifferentCardType.ts:Clicked on the Submit XML

2020-02-05 12:20:41 - [TEST_STEP][PASSED] - if (cardType == "Visa"): null

2020-02-05 12:20:41 - [TEST_STEP][PASSED] - else if (cardType == "MasterCard"): GenericSTI_DifferentCardType.ts:Clicked on the Master Card

2020-02-05 12:20:41 - [TEST_STEP][PASSED] - utilities.SafeActions.safeClick(findTestObject("CERTPAY_GENERICSTI/Payment_Information_Page/MASTER_CARD"), "Master Card", [pageLoadTime]): GenericSTI_DifferentCardType.ts:Clicked on the Master Card

2020-02-05 12:20:41 - [MESSAGE][INFO] - safeClicking

2020-02-05 12:20:43 - [MESSAGE][PASSED] - Object 'Object Repository/CERTPAY_GENERICSTI/Payment_Information_Page/MASTER_CARD' is present

2020-02-05 12:20:43 - [MESSAGE][PASSED] - Object 'Object Repository/CERTPAY_GENERICSTI/Payment_Information_Page/MASTER_CARD' is clickable

2020-02-05 12:20:47 - [MESSAGE][PASSED] - Object: 'Object Repository/CERTPAY_GENERICSTI/Payment_Information_Page/MASTER_CARD' is clicked on

2020-02-05 12:20:47 - [MESSAGE][PASSED] - GenericSTI_DifferentCardType.ts:Clicked on the Master Card

2020-02-05 12:20:47 - [TEST_STEP][PASSED] - utilities.SafeActions.safeType(findTestObject("CERTPAY_GENERICSTI/Payment_Information_Page/COMMENTS"), "Testing", "Comments", [pageLoadTime]): GenericSTI_DifferentCardType.ts:Entered'Testing into Comments

2020-02-05 12:20:47 - [MESSAGE][PASSED] - Object 'Object Repository/CERTPAY_GENERICSTI/Payment_Information_Page/COMMENTS' is present

2020-02-05 12:20:47 - [MESSAGE][PASSED] - Object 'Object Repository/CERTPAY_GENERICSTI/Payment_Information_Page/COMMENTS' is visible

2020-02-05 12:20:48 - [MESSAGE][PASSED] - Object 'Object Repository/CERTPAY_GENERICSTI/Payment_Information_Page/COMMENTS' is present

2020-02-05 12:20:49 - [MESSAGE][PASSED] - Text 'Testing' is set on object 'Object Repository/CERTPAY_GENERICSTI/Payment_Information_Page/COMMENTS'

2020-02-05 12:20:49 - [MESSAGE][PASSED] - GenericSTI_DifferentCardType.ts:Entered'Testing into Comments

2020-02-05 12:20:49 - [TEST_STEP][PASSED] - CardNumber = pages.Genericsti.setUserPaymentDetails(cardNum): GenericSTI_DifferentCardType.ts:Entered'5105105105105100 into CardNum

2020-02-05 12:20:49 - [MESSAGE][PASSED] - Object 'Object Repository/CERTPAY_GENERICSTI/Payment_Information_Page/CARD_NUMBER' is present

2020-02-05 12:20:50 - [MESSAGE][PASSED] - Object 'Object Repository/CERTPAY_GENERICSTI/Payment_Information_Page/CARD_NUMBER' is visible

2020-02-05 12:20:50 - [MESSAGE][PASSED] - Object 'Object Repository/CERTPAY_GENERICSTI/Payment_Information_Page/CARD_NUMBER' is present

2020-02-05 12:20:51 - [MESSAGE][PASSED] - Text '5105105105105100' is set on object 'Object Repository/CERTPAY_GENERICSTI/Payment_Information_Page/CARD_NUMBER'

2020-02-05 12:20:51 - [MESSAGE][PASSED] - GenericSTI_DifferentCardType.ts:Entered'5105105105105100 into CardNum

2020-02-05 12:20:51 - [TEST_STEP][PASSED] - pages.Genericsti.setExpDate(expMonth, expYear, securityCode): GenericSTI_DifferentCardType.ts:Entered'201 into securityCode

2020-02-05 12:20:52 - [MESSAGE][PASSED] - Object 'Object Repository/CERTPAY_GENERICSTI/Payment_Information_Page/EXP_MONTH' is visible

2020-02-05 12:20:52 - [MESSAGE][PASSED] - Object 'Object Repository/CERTPAY_GENERICSTI/Payment_Information_Page/EXP_MONTH' is present

2020-02-05 12:20:54 - [MESSAGE][PASSED] - Object: 'Object Repository/CERTPAY_GENERICSTI/Payment_Information_Page/EXP_MONTH' is clicked on

2020-02-05 12:20:55 - [MESSAGE][PASSED] - All options with label '2' are selected in object 'Object Repository/CERTPAY_GENERICSTI/Payment_Information_Page/EXP_MONTH'  using regular expression

2020-02-05 12:20:55 - [MESSAGE][PASSED] - selected dropdown option by visible text  2from expMonth

2020-02-05 12:20:56 - [MESSAGE][PASSED] - Object 'Object Repository/CERTPAY_GENERICSTI/Payment_Information_Page/EXP_YEAR' is visible

2020-02-05 12:20:56 - [MESSAGE][PASSED] - Object 'Object Repository/CERTPAY_GENERICSTI/Payment_Information_Page/EXP_YEAR' is present

2020-02-05 12:20:57 - [MESSAGE][PASSED] - Object: 'Object Repository/CERTPAY_GENERICSTI/Payment_Information_Page/EXP_YEAR' is clicked on

2020-02-05 12:20:59 - [MESSAGE][PASSED] - All options with label '2023' are selected in object 'Object Repository/CERTPAY_GENERICSTI/Payment_Information_Page/EXP_YEAR'  using regular expression

2020-02-05 12:20:59 - [MESSAGE][PASSED] - selected dropdown option by visible text  2023from  expYear

2020-02-05 12:20:59 - [MESSAGE][PASSED] - Object 'Object Repository/CERTPAY_GENERICSTI/Payment_Information_Page/SECURITY_CODE' is present

2020-02-05 12:20:59 - [MESSAGE][PASSED] - Object 'Object Repository/CERTPAY_GENERICSTI/Payment_Information_Page/SECURITY_CODE' is visible

2020-02-05 12:21:00 - [MESSAGE][PASSED] - Object 'Object Repository/CERTPAY_GENERICSTI/Payment_Information_Page/SECURITY_CODE' is present

2020-02-05 12:21:01 - [MESSAGE][PASSED] - Text '201' is set on object 'Object Repository/CERTPAY_GENERICSTI/Payment_Information_Page/SECURITY_CODE'

2020-02-05 12:21:01 - [MESSAGE][PASSED] - GenericSTI_DifferentCardType.ts:Entered'201 into securityCode

2020-02-05 12:21:01 - [TEST_STEP][PASSED] - utilities.SafeActions.safeClick(findTestObject("CERTPAY_GENERICSTI/Payment_Information_Page/NEXT"), "Next", [pageLoadTime]): GenericSTI_DifferentCardType.ts:Clicked on the Next

2020-02-05 12:21:01 - [MESSAGE][INFO] - safeClicking

2020-02-05 12:21:01 - [MESSAGE][PASSED] - Object 'Object Repository/CERTPAY_GENERICSTI/Payment_Information_Page/NEXT' is present

2020-02-05 12:21:01 - [MESSAGE][PASSED] - Object 'Object Repository/CERTPAY_GENERICSTI/Payment_Information_Page/NEXT' is clickable

2020-02-05 12:21:08 - [MESSAGE][PASSED] - Object: 'Object Repository/CERTPAY_GENERICSTI/Payment_Information_Page/NEXT' is clicked on

2020-02-05 12:21:08 - [MESSAGE][PASSED] - GenericSTI_DifferentCardType.ts:Clicked on the Next

2020-02-05 12:21:08 - [TEST_STEP][PASSED] - utilities.SafeActions.safeClick(findTestObject("CERTPAY_GENERICSTI/Review_Payment_Page/PROCESS_PAYMENT"), "Process payment", [pageLoadTime]): GenericSTI_DifferentCardType.ts:Clicked on the Process payment

2020-02-05 12:21:08 - [MESSAGE][INFO] - safeClicking

2020-02-05 12:21:09 - [MESSAGE][PASSED] - Object 'Object Repository/CERTPAY_GENERICSTI/Review_Payment_Page/PROCESS_PAYMENT' is present

2020-02-05 12:21:09 - [MESSAGE][PASSED] - Object 'Object Repository/CERTPAY_GENERICSTI/Review_Payment_Page/PROCESS_PAYMENT' is clickable

2020-02-05 12:21:11 - [MESSAGE][PASSED] - Object: 'Object Repository/CERTPAY_GENERICSTI/Review_Payment_Page/PROCESS_PAYMENT' is clicked on

2020-02-05 12:21:11 - [MESSAGE][PASSED] - GenericSTI_DifferentCardType.ts:Clicked on the Process payment

2020-02-05 12:21:11 - [TEST_STEP][PASSED] - utilities.SafeActions.safeClick(findTestObject("CERTPAY_GENERICSTI/Confirm_Payment_Page/CONFIRM_YES"), "Process payment", [pageLoadTime]): GenericSTI_DifferentCardType.ts:Clicked on the Process payment

2020-02-05 12:21:11 - [MESSAGE][INFO] - safeClicking

2020-02-05 12:21:11 - [MESSAGE][PASSED] - Object 'Object Repository/CERTPAY_GENERICSTI/Confirm_Payment_Page/CONFIRM_YES' is present

2020-02-05 12:21:12 - [MESSAGE][PASSED] - Object 'Object Repository/CERTPAY_GENERICSTI/Confirm_Payment_Page/CONFIRM_YES' is clickable

2020-02-05 12:21:19 - [MESSAGE][PASSED] - Object: 'Object Repository/CERTPAY_GENERICSTI/Confirm_Payment_Page/CONFIRM_YES' is clicked on

2020-02-05 12:21:19 - [MESSAGE][PASSED] - GenericSTI_DifferentCardType.ts:Clicked on the Process payment

2020-02-05 12:21:19 - [TEST_STEP][PASSED] - utilities.SafeActions.safeClick(findTestObject("CERTPAY_GENERICSTI/Payment_Details_Verification_Page/NEXT"), "Process payment", [pageLoadTime]): GenericSTI_DifferentCardType.ts:Clicked on the Process payment

2020-02-05 12:21:19 - [MESSAGE][INFO] - safeClicking

2020-02-05 12:21:20 - [MESSAGE][PASSED] - Object 'Object Repository/CERTPAY_GENERICSTI/Payment_Details_Verification_Page/NEXT' is present

2020-02-05 12:21:21 - [MESSAGE][PASSED] - Object 'Object Repository/CERTPAY_GENERICSTI/Payment_Details_Verification_Page/NEXT' is clickable

2020-02-05 12:21:26 - [MESSAGE][PASSED] - Object: 'Object Repository/CERTPAY_GENERICSTI/Payment_Details_Verification_Page/NEXT' is clicked on

2020-02-05 12:21:26 - [MESSAGE][PASSED] - GenericSTI_DifferentCardType.ts:Clicked on the Process payment

2020-02-05 12:21:26 - [TEST_STEP][PASSED] - FirstName = data.getValue("FirstName", index): null

2020-02-05 12:21:26 - [TEST_STEP][PASSED] - LastName = data.getValue("LastName", index): null

2020-02-05 12:21:26 - [TEST_STEP][PASSED] - Amount = data.getValue("Amount", index): null

2020-02-05 12:21:26 - [TEST_STEP][PASSED] - cardNum = data.getValue("CardNumber", index): null

2020-02-05 12:21:26 - [TEST_STEP][PASSED] - expMonth = data.getValue("ExpMonth", index): null

2020-02-05 12:21:26 - [TEST_STEP][PASSED] - expYear = data.getValue("ExpYear", index): null

2020-02-05 12:21:26 - [TEST_STEP][PASSED] - securityCode = data.getValue("SecurityCode", index): null

2020-02-05 12:21:26 - [TEST_STEP][PASSED] - cardType = data.getValue("CardType", index): null

2020-02-05 12:21:26 - [TEST_STEP][PASSED] - Comments = data.getValue("Comments", index): null

2020-02-05 12:21:26 - [TEST_STEP][PASSED] - Address = data.getValue("Address", index): null

2020-02-05 12:21:26 - [TEST_STEP][PASSED] - Telephone = data.getValue("Telephone", index): null

2020-02-05 12:21:26 - [TEST_STEP][PASSED] - Email = data.getValue("EmailAddress", index): null

2020-02-05 12:21:26 - [TEST_STEP][PASSED] - utilities.SafeActions.openBrowser(Genericsti_url, [pageLoadTime]): Browser launched successfully

2020-02-05 12:21:26 - [MESSAGE][INFO] - Opening Browser

2020-02-05 12:21:27 - [MESSAGE][WARNING] - A browser is already opened. Closing browser and opening a new one

2020-02-05 12:21:27 - [MESSAGE][INFO] - Starting 'Chrome' driver

2020-02-05 12:21:35 - [MESSAGE][PASSED] - Browser is opened with url: 'https://qa-certpaygenericsti.faps.net/genericsti/demo/'

2020-02-05 12:21:36 - [MESSAGE][PASSED] - Current window maximized

2020-02-05 12:21:36 - [MESSAGE][PASSED] - Browser launched successfully

2020-02-05 12:21:36 - [TEST_STEP][PASSED] - utilities.SafeActions.safeClick(findTestObject("CERTPAY_GENERICSTI/Demo_Pages/BEGIN_PAYMENT"), "Begin Payment", [pageLoadTime]): GenericSTI_DifferentCardType.ts:Clicked on the Begin Payment

2020-02-05 12:21:36 - [MESSAGE][INFO] - safeClicking

2020-02-05 12:21:36 - [MESSAGE][PASSED] - Object 'Object Repository/CERTPAY_GENERICSTI/Demo_Pages/BEGIN_PAYMENT' is present

2020-02-05 12:21:37 - [MESSAGE][PASSED] - Object 'Object Repository/CERTPAY_GENERICSTI/Demo_Pages/BEGIN_PAYMENT' is clickable

2020-02-05 12:21:38 - [MESSAGE][PASSED] - Object: 'Object Repository/CERTPAY_GENERICSTI/Demo_Pages/BEGIN_PAYMENT' is clicked on

2020-02-05 12:21:38 - [MESSAGE][PASSED] - GenericSTI_DifferentCardType.ts:Clicked on the Begin Payment

2020-02-05 12:21:38 - [TEST_STEP][PASSED] - XMLString = utilities.SafeActions.CreateXML(FirstName, LastName, Amount, Address, Email, Telephone): utilities.SafeActions.CreateXML is PASSED

2020-02-05 12:21:38 - [MESSAGE][INFO] - Create XML

2020-02-05 12:21:38 - [MESSAGE][PASSED] - utilities.SafeActions.CreateXML is PASSED

2020-02-05 12:21:38 - [TEST_STEP][PASSED] - utilities.SafeActions.safeType(findTestObject("CERTPAY_GENERICSTI/XML_Page/XML"), XMLString, "XMLContent", [pageLoadTime]): GenericSTI_DifferentCardType.ts:Entered'&lt;?xml version=&quot;1.0&quot; encoding=&quot;utf-8&quot;?&gt;
&lt;Transaction xmlns:xsi=&quot;http://www.w3.org/2001/XMLSchema-instance&quot; xmlns:xsd=&quot;http://www.w3.org/2001/XMLSchema&quot;&gt;
    &lt;BT_ID&gt;123456789&lt;/BT_ID&gt;
    &lt;Protocol&gt;
        &lt;RTU&gt;https://certifiedpayments.net/&lt;/RTU&gt;
        &lt;RLU&gt;https://certifiedpayments.net/&lt;/RLU&gt;
    &lt;/Protocol&gt;
    &lt;Billing&gt;
        &lt;FN Return=&quot;false&quot;&gt;Divya&lt;/FN&gt;
        &lt;MN Return=&quot;false&quot;&gt;K.&lt;/MN&gt;
        &lt;LN Return=&quot;false&quot;&gt;M&lt;/LN&gt;
        &lt;Sufx Return=&quot;false&quot; /&gt;
        &lt;AD1 Return=&quot;false&quot;&gt;1320 SE Benning&lt;/AD1&gt;
        &lt;AD2 Return=&quot;false&quot;&gt;Apt. A&lt;/AD2&gt;
        &lt;CTY Return=&quot;false&quot;&gt;New York&lt;/CTY&gt;
        &lt;ST Return=&quot;false&quot;&gt;NY&lt;/ST&gt;
        &lt;CNTY Return=&quot;false&quot;&gt;US&lt;/CNTY&gt;
        &lt;Phone Return=&quot;false&quot;&gt;555-1234&lt;/Phone&gt;
        &lt;Postal Return=&quot;false&quot;&gt;10018&lt;/Postal&gt;
        &lt;Email Return=&quot;false&quot;&gt;Test@knila.com&lt;/Email&gt;
    &lt;/Billing&gt;
    &lt;Items&gt;
        &lt;CI&gt;
            &lt;Amount Edit=&quot;true&quot;&gt;3.00&lt;/Amount&gt;
            &lt;BC&gt;6100000&lt;/BC&gt;
            &lt;CFS&gt;
                &lt;CF Edit=&quot;false&quot; Return=&quot;false&quot;&gt;
                    &lt;CFN&gt;Order Number&lt;/CFN&gt;
                    &lt;CFV&gt;123456789&lt;/CFV&gt;
                    &lt;VP&gt;\d{9}&lt;/VP&gt;
                &lt;/CF&gt;
                &lt;CF Edit=&quot;false&quot; Return=&quot;false&quot;&gt;
                    &lt;CFN&gt;Description&lt;/CFN&gt;
                    &lt;CFV&gt;Speeding Ticket&lt;/CFV&gt;
                    &lt;VP /&gt;
                &lt;/CF&gt;
            &lt;/CFS&gt;
            &lt;FN&gt;Divya&lt;/FN&gt;
            &lt;MN&gt;K.&lt;/MN&gt;
            &lt;LN&gt;M&lt;/LN&gt;
            &lt;Sufx /&gt;
            &lt;AD1&gt;1320 SE Benning&lt;/AD1&gt;
            &lt;AD2&gt;Apt. A&lt;/AD2&gt;
            &lt;CTY&gt;New York&lt;/CTY&gt;
            &lt;ST&gt;NY&lt;/ST&gt;
            &lt;CNTY&gt;US&lt;/CNTY&gt;
            &lt;Phone&gt;555-1234&lt;/Phone&gt;
            &lt;Postal&gt;10018&lt;/Postal&gt;
        &lt;/CI&gt;
      
    &lt;/Items&gt;
&lt;/Transaction&gt; into XMLContent

2020-02-05 12:21:39 - [MESSAGE][PASSED] - Object 'Object Repository/CERTPAY_GENERICSTI/XML_Page/XML' is present

2020-02-05 12:21:39 - [MESSAGE][PASSED] - Object 'Object Repository/CERTPAY_GENERICSTI/XML_Page/XML' is visible

2020-02-05 12:21:39 - [MESSAGE][PASSED] - Object 'Object Repository/CERTPAY_GENERICSTI/XML_Page/XML' is present

2020-02-05 12:21:49 - [MESSAGE][PASSED] - Text '&lt;?xml version=&quot;1.0&quot; encoding=&quot;utf-8&quot;?&gt;
&lt;Transaction xmlns:xsi=&quot;http://www.w3.org/2001/XMLSchema-instance&quot; xmlns:xsd=&quot;http://www.w3.org/2001/XMLSchema&quot;&gt;
    &lt;BT_ID&gt;123456789&lt;/BT_ID&gt;
    &lt;Protocol&gt;
        &lt;RTU&gt;https://certifiedpayments.net/&lt;/RTU&gt;
        &lt;RLU&gt;https://certifiedpayments.net/&lt;/RLU&gt;
    &lt;/Protocol&gt;
    &lt;Billing&gt;
        &lt;FN Return=&quot;false&quot;&gt;Divya&lt;/FN&gt;
        &lt;MN Return=&quot;false&quot;&gt;K.&lt;/MN&gt;
        &lt;LN Return=&quot;false&quot;&gt;M&lt;/LN&gt;
        &lt;Sufx Return=&quot;false&quot; /&gt;
        &lt;AD1 Return=&quot;false&quot;&gt;1320 SE Benning&lt;/AD1&gt;
        &lt;AD2 Return=&quot;false&quot;&gt;Apt. A&lt;/AD2&gt;
        &lt;CTY Return=&quot;false&quot;&gt;New York&lt;/CTY&gt;
        &lt;ST Return=&quot;false&quot;&gt;NY&lt;/ST&gt;
        &lt;CNTY Return=&quot;false&quot;&gt;US&lt;/CNTY&gt;
        &lt;Phone Return=&quot;false&quot;&gt;555-1234&lt;/Phone&gt;
        &lt;Postal Return=&quot;false&quot;&gt;10018&lt;/Postal&gt;
        &lt;Email Return=&quot;false&quot;&gt;Test@knila.com&lt;/Email&gt;
    &lt;/Billing&gt;
    &lt;Items&gt;
        &lt;CI&gt;
            &lt;Amount Edit=&quot;true&quot;&gt;3.00&lt;/Amount&gt;
            &lt;BC&gt;6100000&lt;/BC&gt;
            &lt;CFS&gt;
                &lt;CF Edit=&quot;false&quot; Return=&quot;false&quot;&gt;
                    &lt;CFN&gt;Order Number&lt;/CFN&gt;
                    &lt;CFV&gt;123456789&lt;/CFV&gt;
                    &lt;VP&gt;\d{9}&lt;/VP&gt;
                &lt;/CF&gt;
                &lt;CF Edit=&quot;false&quot; Return=&quot;false&quot;&gt;
                    &lt;CFN&gt;Description&lt;/CFN&gt;
                    &lt;CFV&gt;Speeding Ticket&lt;/CFV&gt;
                    &lt;VP /&gt;
                &lt;/CF&gt;
            &lt;/CFS&gt;
            &lt;FN&gt;Divya&lt;/FN&gt;
            &lt;MN&gt;K.&lt;/MN&gt;
            &lt;LN&gt;M&lt;/LN&gt;
            &lt;Sufx /&gt;
            &lt;AD1&gt;1320 SE Benning&lt;/AD1&gt;
            &lt;AD2&gt;Apt. A&lt;/AD2&gt;
            &lt;CTY&gt;New York&lt;/CTY&gt;
            &lt;ST&gt;NY&lt;/ST&gt;
            &lt;CNTY&gt;US&lt;/CNTY&gt;
            &lt;Phone&gt;555-1234&lt;/Phone&gt;
            &lt;Postal&gt;10018&lt;/Postal&gt;
        &lt;/CI&gt;
      
    &lt;/Items&gt;
&lt;/Transaction&gt;' is set on object 'Object Repository/CERTPAY_GENERICSTI/XML_Page/XML'

2020-02-05 12:21:49 - [MESSAGE][PASSED] - GenericSTI_DifferentCardType.ts:Entered'&lt;?xml version=&quot;1.0&quot; encoding=&quot;utf-8&quot;?&gt;
&lt;Transaction xmlns:xsi=&quot;http://www.w3.org/2001/XMLSchema-instance&quot; xmlns:xsd=&quot;http://www.w3.org/2001/XMLSchema&quot;&gt;
    &lt;BT_ID&gt;123456789&lt;/BT_ID&gt;
    &lt;Protocol&gt;
        &lt;RTU&gt;https://certifiedpayments.net/&lt;/RTU&gt;
        &lt;RLU&gt;https://certifiedpayments.net/&lt;/RLU&gt;
    &lt;/Protocol&gt;
    &lt;Billing&gt;
        &lt;FN Return=&quot;false&quot;&gt;Divya&lt;/FN&gt;
        &lt;MN Return=&quot;false&quot;&gt;K.&lt;/MN&gt;
        &lt;LN Return=&quot;false&quot;&gt;M&lt;/LN&gt;
        &lt;Sufx Return=&quot;false&quot; /&gt;
        &lt;AD1 Return=&quot;false&quot;&gt;1320 SE Benning&lt;/AD1&gt;
        &lt;AD2 Return=&quot;false&quot;&gt;Apt. A&lt;/AD2&gt;
        &lt;CTY Return=&quot;false&quot;&gt;New York&lt;/CTY&gt;
        &lt;ST Return=&quot;false&quot;&gt;NY&lt;/ST&gt;
        &lt;CNTY Return=&quot;false&quot;&gt;US&lt;/CNTY&gt;
        &lt;Phone Return=&quot;false&quot;&gt;555-1234&lt;/Phone&gt;
        &lt;Postal Return=&quot;false&quot;&gt;10018&lt;/Postal&gt;
        &lt;Email Return=&quot;false&quot;&gt;Test@knila.com&lt;/Email&gt;
    &lt;/Billing&gt;
    &lt;Items&gt;
        &lt;CI&gt;
            &lt;Amount Edit=&quot;true&quot;&gt;3.00&lt;/Amount&gt;
            &lt;BC&gt;6100000&lt;/BC&gt;
            &lt;CFS&gt;
                &lt;CF Edit=&quot;false&quot; Return=&quot;false&quot;&gt;
                    &lt;CFN&gt;Order Number&lt;/CFN&gt;
                    &lt;CFV&gt;123456789&lt;/CFV&gt;
                    &lt;VP&gt;\d{9}&lt;/VP&gt;
                &lt;/CF&gt;
                &lt;CF Edit=&quot;false&quot; Return=&quot;false&quot;&gt;
                    &lt;CFN&gt;Description&lt;/CFN&gt;
                    &lt;CFV&gt;Speeding Ticket&lt;/CFV&gt;
                    &lt;VP /&gt;
                &lt;/CF&gt;
            &lt;/CFS&gt;
            &lt;FN&gt;Divya&lt;/FN&gt;
            &lt;MN&gt;K.&lt;/MN&gt;
            &lt;LN&gt;M&lt;/LN&gt;
            &lt;Sufx /&gt;
            &lt;AD1&gt;1320 SE Benning&lt;/AD1&gt;
            &lt;AD2&gt;Apt. A&lt;/AD2&gt;
            &lt;CTY&gt;New York&lt;/CTY&gt;
            &lt;ST&gt;NY&lt;/ST&gt;
            &lt;CNTY&gt;US&lt;/CNTY&gt;
            &lt;Phone&gt;555-1234&lt;/Phone&gt;
            &lt;Postal&gt;10018&lt;/Postal&gt;
        &lt;/CI&gt;
      
    &lt;/Items&gt;
&lt;/Transaction&gt; into XMLContent

2020-02-05 12:21:49 - [TEST_STEP][PASSED] - utilities.SafeActions.safeClick(findTestObject("CERTPAY_GENERICSTI/XML_Page/SUBMIT"), "Submit XML", [pageLoadTime]): GenericSTI_DifferentCardType.ts:Clicked on the Submit XML

2020-02-05 12:21:49 - [MESSAGE][INFO] - safeClicking

2020-02-05 12:21:49 - [MESSAGE][PASSED] - Object 'Object Repository/CERTPAY_GENERICSTI/XML_Page/SUBMIT' is present

2020-02-05 12:21:50 - [MESSAGE][PASSED] - Object 'Object Repository/CERTPAY_GENERICSTI/XML_Page/SUBMIT' is clickable

2020-02-05 12:21:55 - [MESSAGE][PASSED] - Object: 'Object Repository/CERTPAY_GENERICSTI/XML_Page/SUBMIT' is clicked on

2020-02-05 12:21:55 - [MESSAGE][PASSED] - GenericSTI_DifferentCardType.ts:Clicked on the Submit XML

2020-02-05 12:21:55 - [TEST_STEP][PASSED] - if (cardType == "Visa"): null

2020-02-05 12:21:55 - [TEST_STEP][PASSED] - else if (cardType == "MasterCard"): null

2020-02-05 12:21:55 - [TEST_STEP][PASSED] - else if (cardType == "AmericanExpress"): GenericSTI_DifferentCardType.ts:Clicked on the AmericanExpress

2020-02-05 12:21:55 - [TEST_STEP][PASSED] - utilities.SafeActions.safeClick(findTestObject("CERTPAY_GENERICSTI/Payment_Information_Page/AMERICAN_EXPRESS"), "AmericanExpress", [pageLoadTime]): GenericSTI_DifferentCardType.ts:Clicked on the AmericanExpress

2020-02-05 12:21:55 - [MESSAGE][INFO] - safeClicking

2020-02-05 12:21:57 - [MESSAGE][PASSED] - Object 'Object Repository/CERTPAY_GENERICSTI/Payment_Information_Page/AMERICAN_EXPRESS' is present

2020-02-05 12:21:57 - [MESSAGE][PASSED] - Object 'Object Repository/CERTPAY_GENERICSTI/Payment_Information_Page/AMERICAN_EXPRESS' is clickable

2020-02-05 12:22:01 - [MESSAGE][PASSED] - Object: 'Object Repository/CERTPAY_GENERICSTI/Payment_Information_Page/AMERICAN_EXPRESS' is clicked on

2020-02-05 12:22:01 - [MESSAGE][PASSED] - GenericSTI_DifferentCardType.ts:Clicked on the AmericanExpress

2020-02-05 12:22:01 - [TEST_STEP][PASSED] - utilities.SafeActions.safeType(findTestObject("CERTPAY_GENERICSTI/Payment_Information_Page/COMMENTS"), "Testing", "Comments", [pageLoadTime]): GenericSTI_DifferentCardType.ts:Entered'Testing into Comments

2020-02-05 12:22:01 - [MESSAGE][PASSED] - Object 'Object Repository/CERTPAY_GENERICSTI/Payment_Information_Page/COMMENTS' is present

2020-02-05 12:22:01 - [MESSAGE][PASSED] - Object 'Object Repository/CERTPAY_GENERICSTI/Payment_Information_Page/COMMENTS' is visible

2020-02-05 12:22:02 - [MESSAGE][PASSED] - Object 'Object Repository/CERTPAY_GENERICSTI/Payment_Information_Page/COMMENTS' is present

2020-02-05 12:22:03 - [MESSAGE][PASSED] - Text 'Testing' is set on object 'Object Repository/CERTPAY_GENERICSTI/Payment_Information_Page/COMMENTS'

2020-02-05 12:22:03 - [MESSAGE][PASSED] - GenericSTI_DifferentCardType.ts:Entered'Testing into Comments

2020-02-05 12:22:03 - [TEST_STEP][PASSED] - CardNumber = pages.Genericsti.setUserPaymentDetails(cardNum): GenericSTI_DifferentCardType.ts:Entered'378282246310005 into CardNum

2020-02-05 12:22:03 - [MESSAGE][PASSED] - Object 'Object Repository/CERTPAY_GENERICSTI/Payment_Information_Page/CARD_NUMBER' is present

2020-02-05 12:22:04 - [MESSAGE][PASSED] - Object 'Object Repository/CERTPAY_GENERICSTI/Payment_Information_Page/CARD_NUMBER' is visible

2020-02-05 12:22:04 - [MESSAGE][PASSED] - Object 'Object Repository/CERTPAY_GENERICSTI/Payment_Information_Page/CARD_NUMBER' is present

2020-02-05 12:22:06 - [MESSAGE][PASSED] - Text '378282246310005' is set on object 'Object Repository/CERTPAY_GENERICSTI/Payment_Information_Page/CARD_NUMBER'

2020-02-05 12:22:06 - [MESSAGE][PASSED] - GenericSTI_DifferentCardType.ts:Entered'378282246310005 into CardNum

2020-02-05 12:22:06 - [TEST_STEP][PASSED] - pages.Genericsti.setExpDate(expMonth, expYear, securityCode): GenericSTI_DifferentCardType.ts:Entered'111 into securityCode

2020-02-05 12:22:06 - [MESSAGE][PASSED] - Object 'Object Repository/CERTPAY_GENERICSTI/Payment_Information_Page/EXP_MONTH' is visible

2020-02-05 12:22:06 - [MESSAGE][PASSED] - Object 'Object Repository/CERTPAY_GENERICSTI/Payment_Information_Page/EXP_MONTH' is present

2020-02-05 12:22:08 - [MESSAGE][PASSED] - Object: 'Object Repository/CERTPAY_GENERICSTI/Payment_Information_Page/EXP_MONTH' is clicked on

2020-02-05 12:22:09 - [MESSAGE][PASSED] - All options with label '4' are selected in object 'Object Repository/CERTPAY_GENERICSTI/Payment_Information_Page/EXP_MONTH'  using regular expression

2020-02-05 12:22:09 - [MESSAGE][PASSED] - selected dropdown option by visible text  4from expMonth

2020-02-05 12:22:10 - [MESSAGE][PASSED] - Object 'Object Repository/CERTPAY_GENERICSTI/Payment_Information_Page/EXP_YEAR' is visible

2020-02-05 12:22:10 - [MESSAGE][PASSED] - Object 'Object Repository/CERTPAY_GENERICSTI/Payment_Information_Page/EXP_YEAR' is present

2020-02-05 12:22:11 - [MESSAGE][PASSED] - Object: 'Object Repository/CERTPAY_GENERICSTI/Payment_Information_Page/EXP_YEAR' is clicked on

2020-02-05 12:22:13 - [MESSAGE][PASSED] - All options with label '2024' are selected in object 'Object Repository/CERTPAY_GENERICSTI/Payment_Information_Page/EXP_YEAR'  using regular expression

2020-02-05 12:22:13 - [MESSAGE][PASSED] - selected dropdown option by visible text  2024from  expYear

2020-02-05 12:22:13 - [MESSAGE][PASSED] - Object 'Object Repository/CERTPAY_GENERICSTI/Payment_Information_Page/SECURITY_CODE' is present

2020-02-05 12:22:13 - [MESSAGE][PASSED] - Object 'Object Repository/CERTPAY_GENERICSTI/Payment_Information_Page/SECURITY_CODE' is visible

2020-02-05 12:22:14 - [MESSAGE][PASSED] - Object 'Object Repository/CERTPAY_GENERICSTI/Payment_Information_Page/SECURITY_CODE' is present

2020-02-05 12:22:15 - [MESSAGE][PASSED] - Text '111' is set on object 'Object Repository/CERTPAY_GENERICSTI/Payment_Information_Page/SECURITY_CODE'

2020-02-05 12:22:15 - [MESSAGE][PASSED] - GenericSTI_DifferentCardType.ts:Entered'111 into securityCode

2020-02-05 12:22:15 - [TEST_STEP][PASSED] - utilities.SafeActions.safeClick(findTestObject("CERTPAY_GENERICSTI/Payment_Information_Page/NEXT"), "Next", [pageLoadTime]): GenericSTI_DifferentCardType.ts:Clicked on the Next

2020-02-05 12:22:15 - [MESSAGE][INFO] - safeClicking

2020-02-05 12:22:15 - [MESSAGE][PASSED] - Object 'Object Repository/CERTPAY_GENERICSTI/Payment_Information_Page/NEXT' is present

2020-02-05 12:22:16 - [MESSAGE][PASSED] - Object 'Object Repository/CERTPAY_GENERICSTI/Payment_Information_Page/NEXT' is clickable

2020-02-05 12:22:19 - [MESSAGE][PASSED] - Object: 'Object Repository/CERTPAY_GENERICSTI/Payment_Information_Page/NEXT' is clicked on

2020-02-05 12:22:19 - [MESSAGE][PASSED] - GenericSTI_DifferentCardType.ts:Clicked on the Next

2020-02-05 12:22:19 - [TEST_STEP][PASSED] - utilities.SafeActions.safeClick(findTestObject("CERTPAY_GENERICSTI/Review_Payment_Page/PROCESS_PAYMENT"), "Process payment", [pageLoadTime]): GenericSTI_DifferentCardType.ts:Clicked on the Process payment

2020-02-05 12:22:19 - [MESSAGE][INFO] - safeClicking

2020-02-05 12:22:20 - [MESSAGE][PASSED] - Object 'Object Repository/CERTPAY_GENERICSTI/Review_Payment_Page/PROCESS_PAYMENT' is present

2020-02-05 12:22:21 - [MESSAGE][PASSED] - Object 'Object Repository/CERTPAY_GENERICSTI/Review_Payment_Page/PROCESS_PAYMENT' is clickable

2020-02-05 12:22:22 - [MESSAGE][PASSED] - Object: 'Object Repository/CERTPAY_GENERICSTI/Review_Payment_Page/PROCESS_PAYMENT' is clicked on

2020-02-05 12:22:22 - [MESSAGE][PASSED] - GenericSTI_DifferentCardType.ts:Clicked on the Process payment

2020-02-05 12:22:22 - [TEST_STEP][PASSED] - utilities.SafeActions.safeClick(findTestObject("CERTPAY_GENERICSTI/Confirm_Payment_Page/CONFIRM_YES"), "Process payment", [pageLoadTime]): GenericSTI_DifferentCardType.ts:Clicked on the Process payment

2020-02-05 12:22:22 - [MESSAGE][INFO] - safeClicking

2020-02-05 12:22:23 - [MESSAGE][PASSED] - Object 'Object Repository/CERTPAY_GENERICSTI/Confirm_Payment_Page/CONFIRM_YES' is present

2020-02-05 12:22:23 - [MESSAGE][PASSED] - Object 'Object Repository/CERTPAY_GENERICSTI/Confirm_Payment_Page/CONFIRM_YES' is clickable

2020-02-05 12:22:28 - [MESSAGE][PASSED] - Object: 'Object Repository/CERTPAY_GENERICSTI/Confirm_Payment_Page/CONFIRM_YES' is clicked on

2020-02-05 12:22:28 - [MESSAGE][PASSED] - GenericSTI_DifferentCardType.ts:Clicked on the Process payment

2020-02-05 12:22:28 - [TEST_STEP][PASSED] - utilities.SafeActions.safeClick(findTestObject("CERTPAY_GENERICSTI/Payment_Details_Verification_Page/NEXT"), "Process payment", [pageLoadTime]): GenericSTI_DifferentCardType.ts:Clicked on the Process payment

2020-02-05 12:22:28 - [MESSAGE][INFO] - safeClicking

2020-02-05 12:22:30 - [MESSAGE][PASSED] - Object 'Object Repository/CERTPAY_GENERICSTI/Payment_Details_Verification_Page/NEXT' is present

2020-02-05 12:22:30 - [MESSAGE][PASSED] - Object 'Object Repository/CERTPAY_GENERICSTI/Payment_Details_Verification_Page/NEXT' is clickable

2020-02-05 12:22:35 - [MESSAGE][PASSED] - Object: 'Object Repository/CERTPAY_GENERICSTI/Payment_Details_Verification_Page/NEXT' is clicked on

2020-02-05 12:22:35 - [MESSAGE][PASSED] - GenericSTI_DifferentCardType.ts:Clicked on the Process payment

2020-02-05 12:22:35 - [TEST_STEP][PASSED] - FirstName = data.getValue("FirstName", index): null

2020-02-05 12:22:35 - [TEST_STEP][PASSED] - LastName = data.getValue("LastName", index): null

2020-02-05 12:22:35 - [TEST_STEP][PASSED] - Amount = data.getValue("Amount", index): null

2020-02-05 12:22:35 - [TEST_STEP][PASSED] - cardNum = data.getValue("CardNumber", index): null

2020-02-05 12:22:35 - [TEST_STEP][PASSED] - expMonth = data.getValue("ExpMonth", index): null

2020-02-05 12:22:35 - [TEST_STEP][PASSED] - expYear = data.getValue("ExpYear", index): null

2020-02-05 12:22:35 - [TEST_STEP][PASSED] - securityCode = data.getValue("SecurityCode", index): null

2020-02-05 12:22:35 - [TEST_STEP][PASSED] - cardType = data.getValue("CardType", index): null

2020-02-05 12:22:35 - [TEST_STEP][PASSED] - Comments = data.getValue("Comments", index): null

2020-02-05 12:22:35 - [TEST_STEP][PASSED] - Address = data.getValue("Address", index): null

2020-02-05 12:22:35 - [TEST_STEP][PASSED] - Telephone = data.getValue("Telephone", index): null

2020-02-05 12:22:35 - [TEST_STEP][PASSED] - Email = data.getValue("EmailAddress", index): null

2020-02-05 12:22:35 - [TEST_STEP][PASSED] - utilities.SafeActions.openBrowser(Genericsti_url, [pageLoadTime]): Browser launched successfully

2020-02-05 12:22:35 - [MESSAGE][INFO] - Opening Browser

2020-02-05 12:22:35 - [MESSAGE][WARNING] - A browser is already opened. Closing browser and opening a new one

2020-02-05 12:22:36 - [MESSAGE][INFO] - Starting 'Chrome' driver

2020-02-05 12:22:44 - [MESSAGE][PASSED] - Browser is opened with url: 'https://qa-certpaygenericsti.faps.net/genericsti/demo/'

2020-02-05 12:22:45 - [MESSAGE][PASSED] - Current window maximized

2020-02-05 12:22:45 - [MESSAGE][PASSED] - Browser launched successfully

2020-02-05 12:22:45 - [TEST_STEP][PASSED] - utilities.SafeActions.safeClick(findTestObject("CERTPAY_GENERICSTI/Demo_Pages/BEGIN_PAYMENT"), "Begin Payment", [pageLoadTime]): GenericSTI_DifferentCardType.ts:Clicked on the Begin Payment

2020-02-05 12:22:45 - [MESSAGE][INFO] - safeClicking

2020-02-05 12:22:46 - [MESSAGE][PASSED] - Object 'Object Repository/CERTPAY_GENERICSTI/Demo_Pages/BEGIN_PAYMENT' is present

2020-02-05 12:22:46 - [MESSAGE][PASSED] - Object 'Object Repository/CERTPAY_GENERICSTI/Demo_Pages/BEGIN_PAYMENT' is clickable

2020-02-05 12:22:48 - [MESSAGE][PASSED] - Object: 'Object Repository/CERTPAY_GENERICSTI/Demo_Pages/BEGIN_PAYMENT' is clicked on

2020-02-05 12:22:48 - [MESSAGE][PASSED] - GenericSTI_DifferentCardType.ts:Clicked on the Begin Payment

2020-02-05 12:22:48 - [TEST_STEP][PASSED] - XMLString = utilities.SafeActions.CreateXML(FirstName, LastName, Amount, Address, Email, Telephone): utilities.SafeActions.CreateXML is PASSED

2020-02-05 12:22:48 - [MESSAGE][INFO] - Create XML

2020-02-05 12:22:48 - [MESSAGE][PASSED] - utilities.SafeActions.CreateXML is PASSED

2020-02-05 12:22:48 - [TEST_STEP][PASSED] - utilities.SafeActions.safeType(findTestObject("CERTPAY_GENERICSTI/XML_Page/XML"), XMLString, "XMLContent", [pageLoadTime]): GenericSTI_DifferentCardType.ts:Entered'&lt;?xml version=&quot;1.0&quot; encoding=&quot;utf-8&quot;?&gt;
&lt;Transaction xmlns:xsi=&quot;http://www.w3.org/2001/XMLSchema-instance&quot; xmlns:xsd=&quot;http://www.w3.org/2001/XMLSchema&quot;&gt;
    &lt;BT_ID&gt;123456789&lt;/BT_ID&gt;
    &lt;Protocol&gt;
        &lt;RTU&gt;https://certifiedpayments.net/&lt;/RTU&gt;
        &lt;RLU&gt;https://certifiedpayments.net/&lt;/RLU&gt;
    &lt;/Protocol&gt;
    &lt;Billing&gt;
        &lt;FN Return=&quot;false&quot;&gt;Saranya&lt;/FN&gt;
        &lt;MN Return=&quot;false&quot;&gt;K.&lt;/MN&gt;
        &lt;LN Return=&quot;false&quot;&gt;S&lt;/LN&gt;
        &lt;Sufx Return=&quot;false&quot; /&gt;
        &lt;AD1 Return=&quot;false&quot;&gt;1320 SE Benning&lt;/AD1&gt;
        &lt;AD2 Return=&quot;false&quot;&gt;Apt. A&lt;/AD2&gt;
        &lt;CTY Return=&quot;false&quot;&gt;New York&lt;/CTY&gt;
        &lt;ST Return=&quot;false&quot;&gt;NY&lt;/ST&gt;
        &lt;CNTY Return=&quot;false&quot;&gt;US&lt;/CNTY&gt;
        &lt;Phone Return=&quot;false&quot;&gt;555-1234&lt;/Phone&gt;
        &lt;Postal Return=&quot;false&quot;&gt;10018&lt;/Postal&gt;
        &lt;Email Return=&quot;false&quot;&gt;Test@knila.com&lt;/Email&gt;
    &lt;/Billing&gt;
    &lt;Items&gt;
        &lt;CI&gt;
            &lt;Amount Edit=&quot;true&quot;&gt;5.00&lt;/Amount&gt;
            &lt;BC&gt;6100000&lt;/BC&gt;
            &lt;CFS&gt;
                &lt;CF Edit=&quot;false&quot; Return=&quot;false&quot;&gt;
                    &lt;CFN&gt;Order Number&lt;/CFN&gt;
                    &lt;CFV&gt;123456789&lt;/CFV&gt;
                    &lt;VP&gt;\d{9}&lt;/VP&gt;
                &lt;/CF&gt;
                &lt;CF Edit=&quot;false&quot; Return=&quot;false&quot;&gt;
                    &lt;CFN&gt;Description&lt;/CFN&gt;
                    &lt;CFV&gt;Speeding Ticket&lt;/CFV&gt;
                    &lt;VP /&gt;
                &lt;/CF&gt;
            &lt;/CFS&gt;
            &lt;FN&gt;Saranya&lt;/FN&gt;
            &lt;MN&gt;K.&lt;/MN&gt;
            &lt;LN&gt;S&lt;/LN&gt;
            &lt;Sufx /&gt;
            &lt;AD1&gt;1320 SE Benning&lt;/AD1&gt;
            &lt;AD2&gt;Apt. A&lt;/AD2&gt;
            &lt;CTY&gt;New York&lt;/CTY&gt;
            &lt;ST&gt;NY&lt;/ST&gt;
            &lt;CNTY&gt;US&lt;/CNTY&gt;
            &lt;Phone&gt;555-1234&lt;/Phone&gt;
            &lt;Postal&gt;10018&lt;/Postal&gt;
        &lt;/CI&gt;
      
    &lt;/Items&gt;
&lt;/Transaction&gt; into XMLContent

2020-02-05 12:22:48 - [MESSAGE][PASSED] - Object 'Object Repository/CERTPAY_GENERICSTI/XML_Page/XML' is present

2020-02-05 12:22:48 - [MESSAGE][PASSED] - Object 'Object Repository/CERTPAY_GENERICSTI/XML_Page/XML' is visible

2020-02-05 12:22:49 - [MESSAGE][PASSED] - Object 'Object Repository/CERTPAY_GENERICSTI/XML_Page/XML' is present

2020-02-05 12:22:59 - [MESSAGE][PASSED] - Text '&lt;?xml version=&quot;1.0&quot; encoding=&quot;utf-8&quot;?&gt;
&lt;Transaction xmlns:xsi=&quot;http://www.w3.org/2001/XMLSchema-instance&quot; xmlns:xsd=&quot;http://www.w3.org/2001/XMLSchema&quot;&gt;
    &lt;BT_ID&gt;123456789&lt;/BT_ID&gt;
    &lt;Protocol&gt;
        &lt;RTU&gt;https://certifiedpayments.net/&lt;/RTU&gt;
        &lt;RLU&gt;https://certifiedpayments.net/&lt;/RLU&gt;
    &lt;/Protocol&gt;
    &lt;Billing&gt;
        &lt;FN Return=&quot;false&quot;&gt;Saranya&lt;/FN&gt;
        &lt;MN Return=&quot;false&quot;&gt;K.&lt;/MN&gt;
        &lt;LN Return=&quot;false&quot;&gt;S&lt;/LN&gt;
        &lt;Sufx Return=&quot;false&quot; /&gt;
        &lt;AD1 Return=&quot;false&quot;&gt;1320 SE Benning&lt;/AD1&gt;
        &lt;AD2 Return=&quot;false&quot;&gt;Apt. A&lt;/AD2&gt;
        &lt;CTY Return=&quot;false&quot;&gt;New York&lt;/CTY&gt;
        &lt;ST Return=&quot;false&quot;&gt;NY&lt;/ST&gt;
        &lt;CNTY Return=&quot;false&quot;&gt;US&lt;/CNTY&gt;
        &lt;Phone Return=&quot;false&quot;&gt;555-1234&lt;/Phone&gt;
        &lt;Postal Return=&quot;false&quot;&gt;10018&lt;/Postal&gt;
        &lt;Email Return=&quot;false&quot;&gt;Test@knila.com&lt;/Email&gt;
    &lt;/Billing&gt;
    &lt;Items&gt;
        &lt;CI&gt;
            &lt;Amount Edit=&quot;true&quot;&gt;5.00&lt;/Amount&gt;
            &lt;BC&gt;6100000&lt;/BC&gt;
            &lt;CFS&gt;
                &lt;CF Edit=&quot;false&quot; Return=&quot;false&quot;&gt;
                    &lt;CFN&gt;Order Number&lt;/CFN&gt;
                    &lt;CFV&gt;123456789&lt;/CFV&gt;
                    &lt;VP&gt;\d{9}&lt;/VP&gt;
                &lt;/CF&gt;
                &lt;CF Edit=&quot;false&quot; Return=&quot;false&quot;&gt;
                    &lt;CFN&gt;Description&lt;/CFN&gt;
                    &lt;CFV&gt;Speeding Ticket&lt;/CFV&gt;
                    &lt;VP /&gt;
                &lt;/CF&gt;
            &lt;/CFS&gt;
            &lt;FN&gt;Saranya&lt;/FN&gt;
            &lt;MN&gt;K.&lt;/MN&gt;
            &lt;LN&gt;S&lt;/LN&gt;
            &lt;Sufx /&gt;
            &lt;AD1&gt;1320 SE Benning&lt;/AD1&gt;
            &lt;AD2&gt;Apt. A&lt;/AD2&gt;
            &lt;CTY&gt;New York&lt;/CTY&gt;
            &lt;ST&gt;NY&lt;/ST&gt;
            &lt;CNTY&gt;US&lt;/CNTY&gt;
            &lt;Phone&gt;555-1234&lt;/Phone&gt;
            &lt;Postal&gt;10018&lt;/Postal&gt;
        &lt;/CI&gt;
      
    &lt;/Items&gt;
&lt;/Transaction&gt;' is set on object 'Object Repository/CERTPAY_GENERICSTI/XML_Page/XML'

2020-02-05 12:22:59 - [MESSAGE][PASSED] - GenericSTI_DifferentCardType.ts:Entered'&lt;?xml version=&quot;1.0&quot; encoding=&quot;utf-8&quot;?&gt;
&lt;Transaction xmlns:xsi=&quot;http://www.w3.org/2001/XMLSchema-instance&quot; xmlns:xsd=&quot;http://www.w3.org/2001/XMLSchema&quot;&gt;
    &lt;BT_ID&gt;123456789&lt;/BT_ID&gt;
    &lt;Protocol&gt;
        &lt;RTU&gt;https://certifiedpayments.net/&lt;/RTU&gt;
        &lt;RLU&gt;https://certifiedpayments.net/&lt;/RLU&gt;
    &lt;/Protocol&gt;
    &lt;Billing&gt;
        &lt;FN Return=&quot;false&quot;&gt;Saranya&lt;/FN&gt;
        &lt;MN Return=&quot;false&quot;&gt;K.&lt;/MN&gt;
        &lt;LN Return=&quot;false&quot;&gt;S&lt;/LN&gt;
        &lt;Sufx Return=&quot;false&quot; /&gt;
        &lt;AD1 Return=&quot;false&quot;&gt;1320 SE Benning&lt;/AD1&gt;
        &lt;AD2 Return=&quot;false&quot;&gt;Apt. A&lt;/AD2&gt;
        &lt;CTY Return=&quot;false&quot;&gt;New York&lt;/CTY&gt;
        &lt;ST Return=&quot;false&quot;&gt;NY&lt;/ST&gt;
        &lt;CNTY Return=&quot;false&quot;&gt;US&lt;/CNTY&gt;
        &lt;Phone Return=&quot;false&quot;&gt;555-1234&lt;/Phone&gt;
        &lt;Postal Return=&quot;false&quot;&gt;10018&lt;/Postal&gt;
        &lt;Email Return=&quot;false&quot;&gt;Test@knila.com&lt;/Email&gt;
    &lt;/Billing&gt;
    &lt;Items&gt;
        &lt;CI&gt;
            &lt;Amount Edit=&quot;true&quot;&gt;5.00&lt;/Amount&gt;
            &lt;BC&gt;6100000&lt;/BC&gt;
            &lt;CFS&gt;
                &lt;CF Edit=&quot;false&quot; Return=&quot;false&quot;&gt;
                    &lt;CFN&gt;Order Number&lt;/CFN&gt;
                    &lt;CFV&gt;123456789&lt;/CFV&gt;
                    &lt;VP&gt;\d{9}&lt;/VP&gt;
                &lt;/CF&gt;
                &lt;CF Edit=&quot;false&quot; Return=&quot;false&quot;&gt;
                    &lt;CFN&gt;Description&lt;/CFN&gt;
                    &lt;CFV&gt;Speeding Ticket&lt;/CFV&gt;
                    &lt;VP /&gt;
                &lt;/CF&gt;
            &lt;/CFS&gt;
            &lt;FN&gt;Saranya&lt;/FN&gt;
            &lt;MN&gt;K.&lt;/MN&gt;
            &lt;LN&gt;S&lt;/LN&gt;
            &lt;Sufx /&gt;
            &lt;AD1&gt;1320 SE Benning&lt;/AD1&gt;
            &lt;AD2&gt;Apt. A&lt;/AD2&gt;
            &lt;CTY&gt;New York&lt;/CTY&gt;
            &lt;ST&gt;NY&lt;/ST&gt;
            &lt;CNTY&gt;US&lt;/CNTY&gt;
            &lt;Phone&gt;555-1234&lt;/Phone&gt;
            &lt;Postal&gt;10018&lt;/Postal&gt;
        &lt;/CI&gt;
      
    &lt;/Items&gt;
&lt;/Transaction&gt; into XMLContent

2020-02-05 12:22:59 - [TEST_STEP][PASSED] - utilities.SafeActions.safeClick(findTestObject("CERTPAY_GENERICSTI/XML_Page/SUBMIT"), "Submit XML", [pageLoadTime]): GenericSTI_DifferentCardType.ts:Clicked on the Submit XML

2020-02-05 12:22:59 - [MESSAGE][INFO] - safeClicking

2020-02-05 12:22:59 - [MESSAGE][PASSED] - Object 'Object Repository/CERTPAY_GENERICSTI/XML_Page/SUBMIT' is present

2020-02-05 12:23:00 - [MESSAGE][PASSED] - Object 'Object Repository/CERTPAY_GENERICSTI/XML_Page/SUBMIT' is clickable

2020-02-05 12:23:06 - [MESSAGE][PASSED] - Object: 'Object Repository/CERTPAY_GENERICSTI/XML_Page/SUBMIT' is clicked on

2020-02-05 12:23:06 - [MESSAGE][PASSED] - GenericSTI_DifferentCardType.ts:Clicked on the Submit XML

2020-02-05 12:23:06 - [TEST_STEP][PASSED] - if (cardType == "Visa"): null

2020-02-05 12:23:06 - [TEST_STEP][PASSED] - else if (cardType == "MasterCard"): null

2020-02-05 12:23:06 - [TEST_STEP][PASSED] - else if (cardType == "AmericanExpress"): null

2020-02-05 12:23:06 - [TEST_STEP][PASSED] - else if (cardType == "Discover"): GenericSTI_DifferentCardType.ts:Clicked on the Discover

2020-02-05 12:23:06 - [TEST_STEP][PASSED] - utilities.SafeActions.safeClick(findTestObject("CERTPAY_GENERICSTI/Payment_Information_Page/DISCOVER"), "Discover", [pageLoadTime]): GenericSTI_DifferentCardType.ts:Clicked on the Discover

2020-02-05 12:23:06 - [MESSAGE][INFO] - safeClicking

2020-02-05 12:23:06 - [MESSAGE][PASSED] - Object 'Object Repository/CERTPAY_GENERICSTI/Payment_Information_Page/DISCOVER' is present

2020-02-05 12:23:06 - [MESSAGE][PASSED] - Object 'Object Repository/CERTPAY_GENERICSTI/Payment_Information_Page/DISCOVER' is clickable

2020-02-05 12:23:10 - [MESSAGE][PASSED] - Object: 'Object Repository/CERTPAY_GENERICSTI/Payment_Information_Page/DISCOVER' is clicked on

2020-02-05 12:23:10 - [MESSAGE][PASSED] - GenericSTI_DifferentCardType.ts:Clicked on the Discover

2020-02-05 12:23:10 - [TEST_STEP][PASSED] - utilities.SafeActions.safeType(findTestObject("CERTPAY_GENERICSTI/Payment_Information_Page/COMMENTS"), "Testing", "Comments", [pageLoadTime]): GenericSTI_DifferentCardType.ts:Entered'Testing into Comments

2020-02-05 12:23:10 - [MESSAGE][PASSED] - Object 'Object Repository/CERTPAY_GENERICSTI/Payment_Information_Page/COMMENTS' is present

2020-02-05 12:23:11 - [MESSAGE][PASSED] - Object 'Object Repository/CERTPAY_GENERICSTI/Payment_Information_Page/COMMENTS' is visible

2020-02-05 12:23:11 - [MESSAGE][PASSED] - Object 'Object Repository/CERTPAY_GENERICSTI/Payment_Information_Page/COMMENTS' is present

2020-02-05 12:23:12 - [MESSAGE][PASSED] - Text 'Testing' is set on object 'Object Repository/CERTPAY_GENERICSTI/Payment_Information_Page/COMMENTS'

2020-02-05 12:23:12 - [MESSAGE][PASSED] - GenericSTI_DifferentCardType.ts:Entered'Testing into Comments

2020-02-05 12:23:12 - [TEST_STEP][PASSED] - CardNumber = pages.Genericsti.setUserPaymentDetails(cardNum): GenericSTI_DifferentCardType.ts:Entered'6011111111111117 into CardNum

2020-02-05 12:23:13 - [MESSAGE][PASSED] - Object 'Object Repository/CERTPAY_GENERICSTI/Payment_Information_Page/CARD_NUMBER' is present

2020-02-05 12:23:13 - [MESSAGE][PASSED] - Object 'Object Repository/CERTPAY_GENERICSTI/Payment_Information_Page/CARD_NUMBER' is visible

2020-02-05 12:23:13 - [MESSAGE][PASSED] - Object 'Object Repository/CERTPAY_GENERICSTI/Payment_Information_Page/CARD_NUMBER' is present

2020-02-05 12:23:15 - [MESSAGE][PASSED] - Text '6011111111111117' is set on object 'Object Repository/CERTPAY_GENERICSTI/Payment_Information_Page/CARD_NUMBER'

2020-02-05 12:23:15 - [MESSAGE][PASSED] - GenericSTI_DifferentCardType.ts:Entered'6011111111111117 into CardNum

2020-02-05 12:23:15 - [TEST_STEP][PASSED] - pages.Genericsti.setExpDate(expMonth, expYear, securityCode): GenericSTI_DifferentCardType.ts:Entered'204 into securityCode

2020-02-05 12:23:15 - [MESSAGE][PASSED] - Object 'Object Repository/CERTPAY_GENERICSTI/Payment_Information_Page/EXP_MONTH' is visible

2020-02-05 12:23:15 - [MESSAGE][PASSED] - Object 'Object Repository/CERTPAY_GENERICSTI/Payment_Information_Page/EXP_MONTH' is present

2020-02-05 12:23:17 - [MESSAGE][PASSED] - Object: 'Object Repository/CERTPAY_GENERICSTI/Payment_Information_Page/EXP_MONTH' is clicked on

2020-02-05 12:23:18 - [MESSAGE][PASSED] - All options with label '2' are selected in object 'Object Repository/CERTPAY_GENERICSTI/Payment_Information_Page/EXP_MONTH'  using regular expression

2020-02-05 12:23:18 - [MESSAGE][PASSED] - selected dropdown option by visible text  2from expMonth

2020-02-05 12:23:19 - [MESSAGE][PASSED] - Object 'Object Repository/CERTPAY_GENERICSTI/Payment_Information_Page/EXP_YEAR' is visible

2020-02-05 12:23:19 - [MESSAGE][PASSED] - Object 'Object Repository/CERTPAY_GENERICSTI/Payment_Information_Page/EXP_YEAR' is present

2020-02-05 12:23:20 - [MESSAGE][PASSED] - Object: 'Object Repository/CERTPAY_GENERICSTI/Payment_Information_Page/EXP_YEAR' is clicked on

2020-02-05 12:23:21 - [MESSAGE][PASSED] - All options with label '2023' are selected in object 'Object Repository/CERTPAY_GENERICSTI/Payment_Information_Page/EXP_YEAR'  using regular expression

2020-02-05 12:23:21 - [MESSAGE][PASSED] - selected dropdown option by visible text  2023from  expYear

2020-02-05 12:23:22 - [MESSAGE][PASSED] - Object 'Object Repository/CERTPAY_GENERICSTI/Payment_Information_Page/SECURITY_CODE' is present

2020-02-05 12:23:22 - [MESSAGE][PASSED] - Object 'Object Repository/CERTPAY_GENERICSTI/Payment_Information_Page/SECURITY_CODE' is visible

2020-02-05 12:23:22 - [MESSAGE][PASSED] - Object 'Object Repository/CERTPAY_GENERICSTI/Payment_Information_Page/SECURITY_CODE' is present

2020-02-05 12:23:24 - [MESSAGE][PASSED] - Text '204' is set on object 'Object Repository/CERTPAY_GENERICSTI/Payment_Information_Page/SECURITY_CODE'

2020-02-05 12:23:24 - [MESSAGE][PASSED] - GenericSTI_DifferentCardType.ts:Entered'204 into securityCode

2020-02-05 12:23:24 - [TEST_STEP][PASSED] - utilities.SafeActions.safeClick(findTestObject("CERTPAY_GENERICSTI/Payment_Information_Page/NEXT"), "Next", [pageLoadTime]): GenericSTI_DifferentCardType.ts:Clicked on the Next

2020-02-05 12:23:24 - [MESSAGE][INFO] - safeClicking

2020-02-05 12:23:24 - [MESSAGE][PASSED] - Object 'Object Repository/CERTPAY_GENERICSTI/Payment_Information_Page/NEXT' is present

2020-02-05 12:23:24 - [MESSAGE][PASSED] - Object 'Object Repository/CERTPAY_GENERICSTI/Payment_Information_Page/NEXT' is clickable

2020-02-05 12:23:28 - [MESSAGE][PASSED] - Object: 'Object Repository/CERTPAY_GENERICSTI/Payment_Information_Page/NEXT' is clicked on

2020-02-05 12:23:28 - [MESSAGE][PASSED] - GenericSTI_DifferentCardType.ts:Clicked on the Next

2020-02-05 12:23:28 - [TEST_STEP][PASSED] - utilities.SafeActions.safeClick(findTestObject("CERTPAY_GENERICSTI/Review_Payment_Page/PROCESS_PAYMENT"), "Process payment", [pageLoadTime]): GenericSTI_DifferentCardType.ts:Clicked on the Process payment

2020-02-05 12:23:28 - [MESSAGE][INFO] - safeClicking

2020-02-05 12:23:29 - [MESSAGE][PASSED] - Object 'Object Repository/CERTPAY_GENERICSTI/Review_Payment_Page/PROCESS_PAYMENT' is present

2020-02-05 12:23:30 - [MESSAGE][PASSED] - Object 'Object Repository/CERTPAY_GENERICSTI/Review_Payment_Page/PROCESS_PAYMENT' is clickable

2020-02-05 12:23:31 - [MESSAGE][PASSED] - Object: 'Object Repository/CERTPAY_GENERICSTI/Review_Payment_Page/PROCESS_PAYMENT' is clicked on

2020-02-05 12:23:31 - [MESSAGE][PASSED] - GenericSTI_DifferentCardType.ts:Clicked on the Process payment

2020-02-05 12:23:31 - [TEST_STEP][PASSED] - utilities.SafeActions.safeClick(findTestObject("CERTPAY_GENERICSTI/Confirm_Payment_Page/CONFIRM_YES"), "Process payment", [pageLoadTime]): GenericSTI_DifferentCardType.ts:Clicked on the Process payment

2020-02-05 12:23:31 - [MESSAGE][INFO] - safeClicking

2020-02-05 12:23:32 - [MESSAGE][PASSED] - Object 'Object Repository/CERTPAY_GENERICSTI/Confirm_Payment_Page/CONFIRM_YES' is present

2020-02-05 12:23:32 - [MESSAGE][PASSED] - Object 'Object Repository/CERTPAY_GENERICSTI/Confirm_Payment_Page/CONFIRM_YES' is clickable

2020-02-05 12:23:39 - [MESSAGE][PASSED] - Object: 'Object Repository/CERTPAY_GENERICSTI/Confirm_Payment_Page/CONFIRM_YES' is clicked on

2020-02-05 12:23:39 - [MESSAGE][PASSED] - GenericSTI_DifferentCardType.ts:Clicked on the Process payment

2020-02-05 12:23:39 - [TEST_STEP][PASSED] - utilities.SafeActions.safeClick(findTestObject("CERTPAY_GENERICSTI/Payment_Details_Verification_Page/NEXT"), "Process payment", [pageLoadTime]): GenericSTI_DifferentCardType.ts:Clicked on the Process payment

2020-02-05 12:23:39 - [MESSAGE][INFO] - safeClicking

2020-02-05 12:23:41 - [MESSAGE][PASSED] - Object 'Object Repository/CERTPAY_GENERICSTI/Payment_Details_Verification_Page/NEXT' is present

2020-02-05 12:23:41 - [MESSAGE][PASSED] - Object 'Object Repository/CERTPAY_GENERICSTI/Payment_Details_Verification_Page/NEXT' is clickable

2020-02-05 12:23:47 - [MESSAGE][PASSED] - Object: 'Object Repository/CERTPAY_GENERICSTI/Payment_Details_Verification_Page/NEXT' is clicked on

2020-02-05 12:23:47 - [MESSAGE][PASSED] - GenericSTI_DifferentCardType.ts:Clicked on the Process payment]]></system-out>
         <system-err><![CDATA[]]></system-err>
      </testcase>
      <system-out><![CDATA[2020-02-05 12:17:11 - [TEST_SUITE][PASSED] - GenericSTI_DifferentCardType: Test Cases/Certpay_GenericSTI/TC_001_SingleLinePayments]]></system-out>
      <system-err><![CDATA[]]></system-err>
   </testsuite>
</testsuites>
