<?xml version="1.0" encoding="UTF-8"?>
<testsuites name="GenericSTI_DifferentCardType" time="137.678" tests="1" failures="0" errors="0">
   <testsuite name="GenericSTI_DifferentCardType" tests="1" failures="0" errors="0" time="137.678" timestamp="2020-01-30 18:46:09" hostname="admin - SYS8" id="Test Suites/Certpay_TestSuite/GenericSTI_DifferentCardType">
      <properties>
         <property name="deviceName" value=""/>
         <property name="devicePlatform" value=""/>
         <property name="logFolder" value="D:\\CertpayGeneric\\Reports\\20200130_184603\\Certpay_TestSuite\\GenericSTI_DifferentCardType\\20200130_184603"/>
         <property name="logFiles" value="D:\\CertpayGeneric\\Reports\\20200130_184603\\Certpay_TestSuite\\GenericSTI_DifferentCardType\\20200130_184603\\execution0.log"/>
         <property name="attachments" value=""/>
         <property name="hostName" value="admin - SYS8"/>
         <property name="os" value="Windows 10 32bit"/>
         <property name="katalonVersion" value="7.1.2.1"/>
         <property name="browser" value="Chrome 79.0.3945.130"/>
         <property name="hostAddress" value="172.31.252.142"/>
         <property name="sessionId" value="1f9ed4bfe6dec0dd7e75c56dcdfaadc6"/>
         <property name="seleniumVersion" value="3.141.59"/>
         <property name="proxyInformation" value="ProxyInformation{proxyOption=NO_PROXY, proxyServerType=HTTP, password=, proxyServerAddress=, proxyServerPort=0, executionList=}"/>
         <property name="platform" value="Windows 10"/>
      </properties>
      <testcase name="Test Cases/Certpay_GenericSTI/CardTypes_SingleLinePayment/TC_004_SingleLinePayment_AMX" time="136.508" classname="Test Cases/Certpay_GenericSTI/CardTypes_SingleLinePayment/TC_004_SingleLinePayment_AMX" status="PASSED">
         <system-out><![CDATA[2020-01-30 18:46:10 - [TEST_CASE][PASSED] - Test Cases/Certpay_GenericSTI/CardTypes_SingleLinePayment/TC_004_SingleLinePayment_AMX: Test Cases/Certpay_GenericSTI/CardTypes_SingleLinePayment/TC_004_SingleLinePayment_AMX

2020-01-30 18:46:10 - [TEST_STEP][PASSED] - data = findTestData("Certpay/SingleBureau_SingleLine_AMX"): null

2020-01-30 18:46:11 - [TEST_STEP][PASSED] - for (def index : (1..data.getRowNumbers())): GenericSTI_DifferentCardType.ts:Clicked on the Process payment

2020-01-30 18:46:11 - [TEST_STEP][PASSED] - cardNum = data.getValue("CardNumber", index): null

2020-01-30 18:46:11 - [TEST_STEP][PASSED] - expMonth = data.getValue("ExpMonth", index): null

2020-01-30 18:46:11 - [TEST_STEP][PASSED] - expYear = data.getValue("ExpYear", index): null

2020-01-30 18:46:11 - [TEST_STEP][PASSED] - securityCode = data.getValue("SecurityCode", index): null

2020-01-30 18:46:11 - [TEST_STEP][PASSED] - cardType = data.getValue("CardType", index): null

2020-01-30 18:46:11 - [TEST_STEP][PASSED] - Comments = data.getValue("Comments", index): null

2020-01-30 18:46:11 - [TEST_STEP][PASSED] - utilities.SafeActions.openBrowser(Genericsti_url, [pageLoadTime]): Browser launched successfully

2020-01-30 18:46:12 - [MESSAGE][INFO] - Opening Browser

2020-01-30 18:46:12 - [MESSAGE][INFO] - Starting 'Chrome' driver

2020-01-30 18:46:12 - [MESSAGE][INFO] - Action delay is set to 0 seconds

2020-01-30 18:46:21 - [MESSAGE][PASSED] - Browser is opened with url: 'https://qa-certpaygenericsti.faps.net/genericsti/demo/'

2020-01-30 18:46:23 - [MESSAGE][PASSED] - Current window maximized

2020-01-30 18:46:23 - [MESSAGE][PASSED] - Browser launched successfully

2020-01-30 18:46:23 - [TEST_STEP][PASSED] - utilities.SafeActions.safeClick(findTestObject("CERTPAY_GENERICSTI/Demo_Pages/BEGIN_PAYMENT"), "Begin Payment", [pageLoadTime]): GenericSTI_DifferentCardType.ts:Clicked on the Begin Payment

2020-01-30 18:46:23 - [MESSAGE][INFO] - safeClicking

2020-01-30 18:46:23 - [MESSAGE][PASSED] - Object 'Object Repository/CERTPAY_GENERICSTI/Demo_Pages/BEGIN_PAYMENT' is present

2020-01-30 18:46:24 - [MESSAGE][PASSED] - Object 'Object Repository/CERTPAY_GENERICSTI/Demo_Pages/BEGIN_PAYMENT' is clickable

2020-01-30 18:46:26 - [MESSAGE][PASSED] - Object: 'Object Repository/CERTPAY_GENERICSTI/Demo_Pages/BEGIN_PAYMENT' is clicked on

2020-01-30 18:46:26 - [MESSAGE][PASSED] - GenericSTI_DifferentCardType.ts:Clicked on the Begin Payment

2020-01-30 18:46:26 - [TEST_STEP][PASSED] - utilities.SafeActions.safeClick(findTestObject("CERTPAY_GENERICSTI/XML_Page/SUBMIT"), "Submit XML", [pageLoadTime]): GenericSTI_DifferentCardType.ts:Clicked on the Submit XML

2020-01-30 18:46:26 - [MESSAGE][INFO] - safeClicking

2020-01-30 18:46:26 - [MESSAGE][PASSED] - Object 'Object Repository/CERTPAY_GENERICSTI/XML_Page/SUBMIT' is present

2020-01-30 18:46:27 - [MESSAGE][PASSED] - Object 'Object Repository/CERTPAY_GENERICSTI/XML_Page/SUBMIT' is clickable

2020-01-30 18:46:32 - [MESSAGE][PASSED] - Object: 'Object Repository/CERTPAY_GENERICSTI/XML_Page/SUBMIT' is clicked on

2020-01-30 18:46:32 - [MESSAGE][PASSED] - GenericSTI_DifferentCardType.ts:Clicked on the Submit XML

2020-01-30 18:46:32 - [TEST_STEP][PASSED] - utilities.SafeActions.safeClick(findTestObject("CERTPAY_GENERICSTI/Payment_Information_Page/AMERICAN_EXPRESS"), "American Express", [pageLoadTime]): GenericSTI_DifferentCardType.ts:Clicked on the American Express

2020-01-30 18:46:32 - [MESSAGE][INFO] - safeClicking

2020-01-30 18:46:35 - [MESSAGE][PASSED] - Object 'Object Repository/CERTPAY_GENERICSTI/Payment_Information_Page/AMERICAN_EXPRESS' is present

2020-01-30 18:46:35 - [MESSAGE][PASSED] - Object 'Object Repository/CERTPAY_GENERICSTI/Payment_Information_Page/AMERICAN_EXPRESS' is clickable

2020-01-30 18:46:40 - [MESSAGE][PASSED] - Object: 'Object Repository/CERTPAY_GENERICSTI/Payment_Information_Page/AMERICAN_EXPRESS' is clicked on

2020-01-30 18:46:40 - [MESSAGE][PASSED] - GenericSTI_DifferentCardType.ts:Clicked on the American Express

2020-01-30 18:46:40 - [TEST_STEP][PASSED] - utilities.SafeActions.safeType(findTestObject("CERTPAY_GENERICSTI/Payment_Information_Page/COMMENTS"), "Testing", "Comments", [pageLoadTime]): GenericSTI_DifferentCardType.ts:Entered'Testing into Comments

2020-01-30 18:46:40 - [MESSAGE][PASSED] - Object 'Object Repository/CERTPAY_GENERICSTI/Payment_Information_Page/COMMENTS' is present

2020-01-30 18:46:41 - [MESSAGE][PASSED] - Object 'Object Repository/CERTPAY_GENERICSTI/Payment_Information_Page/COMMENTS' is visible

2020-01-30 18:46:41 - [MESSAGE][PASSED] - Object 'Object Repository/CERTPAY_GENERICSTI/Payment_Information_Page/COMMENTS' is present

2020-01-30 18:46:42 - [MESSAGE][PASSED] - Text 'Testing' is set on object 'Object Repository/CERTPAY_GENERICSTI/Payment_Information_Page/COMMENTS'

2020-01-30 18:46:42 - [MESSAGE][PASSED] - GenericSTI_DifferentCardType.ts:Entered'Testing into Comments

2020-01-30 18:46:42 - [TEST_STEP][PASSED] - CardNumber = pages.Genericsti.setUserPaymentDetails(cardNum): GenericSTI_DifferentCardType.ts:Entered'374245455400126 into CardNum

2020-01-30 18:46:43 - [MESSAGE][PASSED] - Object 'Object Repository/CERTPAY_GENERICSTI/Payment_Information_Page/CARD_NUMBER' is present

2020-01-30 18:46:43 - [MESSAGE][PASSED] - Object 'Object Repository/CERTPAY_GENERICSTI/Payment_Information_Page/CARD_NUMBER' is visible

2020-01-30 18:46:43 - [MESSAGE][PASSED] - Object 'Object Repository/CERTPAY_GENERICSTI/Payment_Information_Page/CARD_NUMBER' is present

2020-01-30 18:46:45 - [MESSAGE][PASSED] - Text '374245455400126' is set on object 'Object Repository/CERTPAY_GENERICSTI/Payment_Information_Page/CARD_NUMBER'

2020-01-30 18:46:45 - [MESSAGE][PASSED] - GenericSTI_DifferentCardType.ts:Entered'374245455400126 into CardNum

2020-01-30 18:46:45 - [TEST_STEP][PASSED] - pages.Genericsti.setExpDate(expMonth, expYear, securityCode): GenericSTI_DifferentCardType.ts:Entered'111 into securityCode

2020-01-30 18:46:45 - [MESSAGE][PASSED] - Object 'Object Repository/CERTPAY_GENERICSTI/Payment_Information_Page/EXP_MONTH' is visible

2020-01-30 18:46:46 - [MESSAGE][PASSED] - Object 'Object Repository/CERTPAY_GENERICSTI/Payment_Information_Page/EXP_MONTH' is present

2020-01-30 18:46:47 - [MESSAGE][PASSED] - Object: 'Object Repository/CERTPAY_GENERICSTI/Payment_Information_Page/EXP_MONTH' is clicked on

2020-01-30 18:46:48 - [MESSAGE][PASSED] - All options with label '3' are selected in object 'Object Repository/CERTPAY_GENERICSTI/Payment_Information_Page/EXP_MONTH'  using regular expression

2020-01-30 18:46:48 - [MESSAGE][PASSED] - selected dropdown option by visible text  3from expMonth

2020-01-30 18:46:49 - [MESSAGE][PASSED] - Object 'Object Repository/CERTPAY_GENERICSTI/Payment_Information_Page/EXP_YEAR' is visible

2020-01-30 18:46:49 - [MESSAGE][PASSED] - Object 'Object Repository/CERTPAY_GENERICSTI/Payment_Information_Page/EXP_YEAR' is present

2020-01-30 18:46:50 - [MESSAGE][PASSED] - Object: 'Object Repository/CERTPAY_GENERICSTI/Payment_Information_Page/EXP_YEAR' is clicked on

2020-01-30 18:46:52 - [MESSAGE][PASSED] - All options with label '2022' are selected in object 'Object Repository/CERTPAY_GENERICSTI/Payment_Information_Page/EXP_YEAR'  using regular expression

2020-01-30 18:46:52 - [MESSAGE][PASSED] - selected dropdown option by visible text  2022from  expYear

2020-01-30 18:46:52 - [MESSAGE][PASSED] - Object 'Object Repository/CERTPAY_GENERICSTI/Payment_Information_Page/SECURITY_CODE' is present

2020-01-30 18:46:52 - [MESSAGE][PASSED] - Object 'Object Repository/CERTPAY_GENERICSTI/Payment_Information_Page/SECURITY_CODE' is visible

2020-01-30 18:46:53 - [MESSAGE][PASSED] - Object 'Object Repository/CERTPAY_GENERICSTI/Payment_Information_Page/SECURITY_CODE' is present

2020-01-30 18:46:54 - [MESSAGE][PASSED] - Text '111' is set on object 'Object Repository/CERTPAY_GENERICSTI/Payment_Information_Page/SECURITY_CODE'

2020-01-30 18:46:54 - [MESSAGE][PASSED] - GenericSTI_DifferentCardType.ts:Entered'111 into securityCode

2020-01-30 18:46:54 - [TEST_STEP][PASSED] - utilities.SafeActions.safeClick(findTestObject("CERTPAY_GENERICSTI/Payment_Information_Page/NEXT"), "Next", [pageLoadTime]): GenericSTI_DifferentCardType.ts:Clicked on the Next

2020-01-30 18:46:54 - [MESSAGE][INFO] - safeClicking

2020-01-30 18:46:54 - [MESSAGE][PASSED] - Object 'Object Repository/CERTPAY_GENERICSTI/Payment_Information_Page/NEXT' is present

2020-01-30 18:46:55 - [MESSAGE][PASSED] - Object 'Object Repository/CERTPAY_GENERICSTI/Payment_Information_Page/NEXT' is clickable

2020-01-30 18:46:59 - [MESSAGE][PASSED] - Object: 'Object Repository/CERTPAY_GENERICSTI/Payment_Information_Page/NEXT' is clicked on

2020-01-30 18:46:59 - [MESSAGE][PASSED] - GenericSTI_DifferentCardType.ts:Clicked on the Next

2020-01-30 18:46:59 - [TEST_STEP][PASSED] - utilities.SafeActions.safeClick(findTestObject("CERTPAY_GENERICSTI/Review_Payment_Page/PROCESS_PAYMENT"), "Process payment", [pageLoadTime]): GenericSTI_DifferentCardType.ts:Clicked on the Process payment

2020-01-30 18:46:59 - [MESSAGE][INFO] - safeClicking

2020-01-30 18:47:01 - [MESSAGE][PASSED] - Object 'Object Repository/CERTPAY_GENERICSTI/Review_Payment_Page/PROCESS_PAYMENT' is present

2020-01-30 18:47:01 - [MESSAGE][PASSED] - Object 'Object Repository/CERTPAY_GENERICSTI/Review_Payment_Page/PROCESS_PAYMENT' is clickable

2020-01-30 18:47:03 - [MESSAGE][PASSED] - Object: 'Object Repository/CERTPAY_GENERICSTI/Review_Payment_Page/PROCESS_PAYMENT' is clicked on

2020-01-30 18:47:03 - [MESSAGE][PASSED] - GenericSTI_DifferentCardType.ts:Clicked on the Process payment

2020-01-30 18:47:03 - [TEST_STEP][PASSED] - utilities.SafeActions.safeClick(findTestObject("CERTPAY_GENERICSTI/Confirm_Payment_Page/CONFIRM_YES"), "Process payment", [pageLoadTime]): GenericSTI_DifferentCardType.ts:Clicked on the Process payment

2020-01-30 18:47:03 - [MESSAGE][INFO] - safeClicking

2020-01-30 18:47:03 - [MESSAGE][PASSED] - Object 'Object Repository/CERTPAY_GENERICSTI/Confirm_Payment_Page/CONFIRM_YES' is present

2020-01-30 18:47:04 - [MESSAGE][PASSED] - Object 'Object Repository/CERTPAY_GENERICSTI/Confirm_Payment_Page/CONFIRM_YES' is clickable

2020-01-30 18:47:10 - [MESSAGE][PASSED] - Object: 'Object Repository/CERTPAY_GENERICSTI/Confirm_Payment_Page/CONFIRM_YES' is clicked on

2020-01-30 18:47:10 - [MESSAGE][PASSED] - GenericSTI_DifferentCardType.ts:Clicked on the Process payment

2020-01-30 18:47:10 - [TEST_STEP][PASSED] - utilities.SafeActions.safeClick(findTestObject("CERTPAY_GENERICSTI/Payment_Details_Verification_Page/NEXT"), "Process payment", [pageLoadTime]): GenericSTI_DifferentCardType.ts:Clicked on the Process payment

2020-01-30 18:47:10 - [MESSAGE][INFO] - safeClicking

2020-01-30 18:47:11 - [MESSAGE][PASSED] - Object 'Object Repository/CERTPAY_GENERICSTI/Payment_Details_Verification_Page/NEXT' is present

2020-01-30 18:47:11 - [MESSAGE][PASSED] - Object 'Object Repository/CERTPAY_GENERICSTI/Payment_Details_Verification_Page/NEXT' is clickable

2020-01-30 18:47:26 - [MESSAGE][PASSED] - Object: 'Object Repository/CERTPAY_GENERICSTI/Payment_Details_Verification_Page/NEXT' is clicked on

2020-01-30 18:47:26 - [MESSAGE][PASSED] - GenericSTI_DifferentCardType.ts:Clicked on the Process payment

2020-01-30 18:47:26 - [TEST_STEP][PASSED] - cardNum = data.getValue("CardNumber", index): null

2020-01-30 18:47:26 - [TEST_STEP][PASSED] - expMonth = data.getValue("ExpMonth", index): null

2020-01-30 18:47:26 - [TEST_STEP][PASSED] - expYear = data.getValue("ExpYear", index): null

2020-01-30 18:47:26 - [TEST_STEP][PASSED] - securityCode = data.getValue("SecurityCode", index): null

2020-01-30 18:47:26 - [TEST_STEP][PASSED] - cardType = data.getValue("CardType", index): null

2020-01-30 18:47:26 - [TEST_STEP][PASSED] - Comments = data.getValue("Comments", index): null

2020-01-30 18:47:26 - [TEST_STEP][PASSED] - utilities.SafeActions.openBrowser(Genericsti_url, [pageLoadTime]): Browser launched successfully

2020-01-30 18:47:26 - [MESSAGE][INFO] - Opening Browser

2020-01-30 18:47:26 - [MESSAGE][WARNING] - A browser is already opened. Closing browser and opening a new one

2020-01-30 18:47:27 - [MESSAGE][INFO] - Starting 'Chrome' driver

2020-01-30 18:47:34 - [MESSAGE][PASSED] - Browser is opened with url: 'https://qa-certpaygenericsti.faps.net/genericsti/demo/'

2020-01-30 18:47:35 - [MESSAGE][PASSED] - Current window maximized

2020-01-30 18:47:35 - [MESSAGE][PASSED] - Browser launched successfully

2020-01-30 18:47:35 - [TEST_STEP][PASSED] - utilities.SafeActions.safeClick(findTestObject("CERTPAY_GENERICSTI/Demo_Pages/BEGIN_PAYMENT"), "Begin Payment", [pageLoadTime]): GenericSTI_DifferentCardType.ts:Clicked on the Begin Payment

2020-01-30 18:47:35 - [MESSAGE][INFO] - safeClicking

2020-01-30 18:47:35 - [MESSAGE][PASSED] - Object 'Object Repository/CERTPAY_GENERICSTI/Demo_Pages/BEGIN_PAYMENT' is present

2020-01-30 18:47:36 - [MESSAGE][PASSED] - Object 'Object Repository/CERTPAY_GENERICSTI/Demo_Pages/BEGIN_PAYMENT' is clickable

2020-01-30 18:47:38 - [MESSAGE][PASSED] - Object: 'Object Repository/CERTPAY_GENERICSTI/Demo_Pages/BEGIN_PAYMENT' is clicked on

2020-01-30 18:47:38 - [MESSAGE][PASSED] - GenericSTI_DifferentCardType.ts:Clicked on the Begin Payment

2020-01-30 18:47:38 - [TEST_STEP][PASSED] - utilities.SafeActions.safeClick(findTestObject("CERTPAY_GENERICSTI/XML_Page/SUBMIT"), "Submit XML", [pageLoadTime]): GenericSTI_DifferentCardType.ts:Clicked on the Submit XML

2020-01-30 18:47:38 - [MESSAGE][INFO] - safeClicking

2020-01-30 18:47:38 - [MESSAGE][PASSED] - Object 'Object Repository/CERTPAY_GENERICSTI/XML_Page/SUBMIT' is present

2020-01-30 18:47:38 - [MESSAGE][PASSED] - Object 'Object Repository/CERTPAY_GENERICSTI/XML_Page/SUBMIT' is clickable

2020-01-30 18:47:45 - [MESSAGE][PASSED] - Object: 'Object Repository/CERTPAY_GENERICSTI/XML_Page/SUBMIT' is clicked on

2020-01-30 18:47:45 - [MESSAGE][PASSED] - GenericSTI_DifferentCardType.ts:Clicked on the Submit XML

2020-01-30 18:47:45 - [TEST_STEP][PASSED] - utilities.SafeActions.safeClick(findTestObject("CERTPAY_GENERICSTI/Payment_Information_Page/AMERICAN_EXPRESS"), "American Express", [pageLoadTime]): GenericSTI_DifferentCardType.ts:Clicked on the American Express

2020-01-30 18:47:45 - [MESSAGE][INFO] - safeClicking

2020-01-30 18:47:47 - [MESSAGE][PASSED] - Object 'Object Repository/CERTPAY_GENERICSTI/Payment_Information_Page/AMERICAN_EXPRESS' is present

2020-01-30 18:47:48 - [MESSAGE][PASSED] - Object 'Object Repository/CERTPAY_GENERICSTI/Payment_Information_Page/AMERICAN_EXPRESS' is clickable

2020-01-30 18:47:52 - [MESSAGE][PASSED] - Object: 'Object Repository/CERTPAY_GENERICSTI/Payment_Information_Page/AMERICAN_EXPRESS' is clicked on

2020-01-30 18:47:52 - [MESSAGE][PASSED] - GenericSTI_DifferentCardType.ts:Clicked on the American Express

2020-01-30 18:47:52 - [TEST_STEP][PASSED] - utilities.SafeActions.safeType(findTestObject("CERTPAY_GENERICSTI/Payment_Information_Page/COMMENTS"), "Testing", "Comments", [pageLoadTime]): GenericSTI_DifferentCardType.ts:Entered'Testing into Comments

2020-01-30 18:47:52 - [MESSAGE][PASSED] - Object 'Object Repository/CERTPAY_GENERICSTI/Payment_Information_Page/COMMENTS' is present

2020-01-30 18:47:52 - [MESSAGE][PASSED] - Object 'Object Repository/CERTPAY_GENERICSTI/Payment_Information_Page/COMMENTS' is visible

2020-01-30 18:47:53 - [MESSAGE][PASSED] - Object 'Object Repository/CERTPAY_GENERICSTI/Payment_Information_Page/COMMENTS' is present

2020-01-30 18:47:54 - [MESSAGE][PASSED] - Text 'Testing' is set on object 'Object Repository/CERTPAY_GENERICSTI/Payment_Information_Page/COMMENTS'

2020-01-30 18:47:54 - [MESSAGE][PASSED] - GenericSTI_DifferentCardType.ts:Entered'Testing into Comments

2020-01-30 18:47:54 - [TEST_STEP][PASSED] - CardNumber = pages.Genericsti.setUserPaymentDetails(cardNum): GenericSTI_DifferentCardType.ts:Entered'378282246310005 into CardNum

2020-01-30 18:47:55 - [MESSAGE][PASSED] - Object 'Object Repository/CERTPAY_GENERICSTI/Payment_Information_Page/CARD_NUMBER' is present

2020-01-30 18:47:55 - [MESSAGE][PASSED] - Object 'Object Repository/CERTPAY_GENERICSTI/Payment_Information_Page/CARD_NUMBER' is visible

2020-01-30 18:47:55 - [MESSAGE][PASSED] - Object 'Object Repository/CERTPAY_GENERICSTI/Payment_Information_Page/CARD_NUMBER' is present

2020-01-30 18:47:57 - [MESSAGE][PASSED] - Text '378282246310005' is set on object 'Object Repository/CERTPAY_GENERICSTI/Payment_Information_Page/CARD_NUMBER'

2020-01-30 18:47:57 - [MESSAGE][PASSED] - GenericSTI_DifferentCardType.ts:Entered'378282246310005 into CardNum

2020-01-30 18:47:57 - [TEST_STEP][PASSED] - pages.Genericsti.setExpDate(expMonth, expYear, securityCode): GenericSTI_DifferentCardType.ts:Entered'203 into securityCode

2020-01-30 18:47:57 - [MESSAGE][PASSED] - Object 'Object Repository/CERTPAY_GENERICSTI/Payment_Information_Page/EXP_MONTH' is visible

2020-01-30 18:47:57 - [MESSAGE][PASSED] - Object 'Object Repository/CERTPAY_GENERICSTI/Payment_Information_Page/EXP_MONTH' is present

2020-01-30 18:47:59 - [MESSAGE][PASSED] - Object: 'Object Repository/CERTPAY_GENERICSTI/Payment_Information_Page/EXP_MONTH' is clicked on

2020-01-30 18:48:00 - [MESSAGE][PASSED] - All options with label '2' are selected in object 'Object Repository/CERTPAY_GENERICSTI/Payment_Information_Page/EXP_MONTH'  using regular expression

2020-01-30 18:48:00 - [MESSAGE][PASSED] - selected dropdown option by visible text  2from expMonth

2020-01-30 18:48:01 - [MESSAGE][PASSED] - Object 'Object Repository/CERTPAY_GENERICSTI/Payment_Information_Page/EXP_YEAR' is visible

2020-01-30 18:48:01 - [MESSAGE][PASSED] - Object 'Object Repository/CERTPAY_GENERICSTI/Payment_Information_Page/EXP_YEAR' is present

2020-01-30 18:48:02 - [MESSAGE][PASSED] - Object: 'Object Repository/CERTPAY_GENERICSTI/Payment_Information_Page/EXP_YEAR' is clicked on

2020-01-30 18:48:03 - [MESSAGE][PASSED] - All options with label '2020' are selected in object 'Object Repository/CERTPAY_GENERICSTI/Payment_Information_Page/EXP_YEAR'  using regular expression

2020-01-30 18:48:03 - [MESSAGE][PASSED] - selected dropdown option by visible text  2020from  expYear

2020-01-30 18:48:04 - [MESSAGE][PASSED] - Object 'Object Repository/CERTPAY_GENERICSTI/Payment_Information_Page/SECURITY_CODE' is present

2020-01-30 18:48:04 - [MESSAGE][PASSED] - Object 'Object Repository/CERTPAY_GENERICSTI/Payment_Information_Page/SECURITY_CODE' is visible

2020-01-30 18:48:05 - [MESSAGE][PASSED] - Object 'Object Repository/CERTPAY_GENERICSTI/Payment_Information_Page/SECURITY_CODE' is present

2020-01-30 18:48:06 - [MESSAGE][PASSED] - Text '203' is set on object 'Object Repository/CERTPAY_GENERICSTI/Payment_Information_Page/SECURITY_CODE'

2020-01-30 18:48:06 - [MESSAGE][PASSED] - GenericSTI_DifferentCardType.ts:Entered'203 into securityCode

2020-01-30 18:48:06 - [TEST_STEP][PASSED] - utilities.SafeActions.safeClick(findTestObject("CERTPAY_GENERICSTI/Payment_Information_Page/NEXT"), "Next", [pageLoadTime]): GenericSTI_DifferentCardType.ts:Clicked on the Next

2020-01-30 18:48:06 - [MESSAGE][INFO] - safeClicking

2020-01-30 18:48:06 - [MESSAGE][PASSED] - Object 'Object Repository/CERTPAY_GENERICSTI/Payment_Information_Page/NEXT' is present

2020-01-30 18:48:07 - [MESSAGE][PASSED] - Object 'Object Repository/CERTPAY_GENERICSTI/Payment_Information_Page/NEXT' is clickable

2020-01-30 18:48:10 - [MESSAGE][PASSED] - Object: 'Object Repository/CERTPAY_GENERICSTI/Payment_Information_Page/NEXT' is clicked on

2020-01-30 18:48:10 - [MESSAGE][PASSED] - GenericSTI_DifferentCardType.ts:Clicked on the Next

2020-01-30 18:48:10 - [TEST_STEP][PASSED] - utilities.SafeActions.safeClick(findTestObject("CERTPAY_GENERICSTI/Review_Payment_Page/PROCESS_PAYMENT"), "Process payment", [pageLoadTime]): GenericSTI_DifferentCardType.ts:Clicked on the Process payment

2020-01-30 18:48:10 - [MESSAGE][INFO] - safeClicking

2020-01-30 18:48:12 - [MESSAGE][PASSED] - Object 'Object Repository/CERTPAY_GENERICSTI/Review_Payment_Page/PROCESS_PAYMENT' is present

2020-01-30 18:48:12 - [MESSAGE][PASSED] - Object 'Object Repository/CERTPAY_GENERICSTI/Review_Payment_Page/PROCESS_PAYMENT' is clickable

2020-01-30 18:48:13 - [MESSAGE][PASSED] - Object: 'Object Repository/CERTPAY_GENERICSTI/Review_Payment_Page/PROCESS_PAYMENT' is clicked on

2020-01-30 18:48:13 - [MESSAGE][PASSED] - GenericSTI_DifferentCardType.ts:Clicked on the Process payment

2020-01-30 18:48:13 - [TEST_STEP][PASSED] - utilities.SafeActions.safeClick(findTestObject("CERTPAY_GENERICSTI/Confirm_Payment_Page/CONFIRM_YES"), "Process payment", [pageLoadTime]): GenericSTI_DifferentCardType.ts:Clicked on the Process payment

2020-01-30 18:48:13 - [MESSAGE][INFO] - safeClicking

2020-01-30 18:48:14 - [MESSAGE][PASSED] - Object 'Object Repository/CERTPAY_GENERICSTI/Confirm_Payment_Page/CONFIRM_YES' is present

2020-01-30 18:48:14 - [MESSAGE][PASSED] - Object 'Object Repository/CERTPAY_GENERICSTI/Confirm_Payment_Page/CONFIRM_YES' is clickable

2020-01-30 18:48:19 - [MESSAGE][PASSED] - Object: 'Object Repository/CERTPAY_GENERICSTI/Confirm_Payment_Page/CONFIRM_YES' is clicked on

2020-01-30 18:48:19 - [MESSAGE][PASSED] - GenericSTI_DifferentCardType.ts:Clicked on the Process payment

2020-01-30 18:48:19 - [TEST_STEP][PASSED] - utilities.SafeActions.safeClick(findTestObject("CERTPAY_GENERICSTI/Payment_Details_Verification_Page/NEXT"), "Process payment", [pageLoadTime]): GenericSTI_DifferentCardType.ts:Clicked on the Process payment

2020-01-30 18:48:19 - [MESSAGE][INFO] - safeClicking

2020-01-30 18:48:21 - [MESSAGE][PASSED] - Object 'Object Repository/CERTPAY_GENERICSTI/Payment_Details_Verification_Page/NEXT' is present

2020-01-30 18:48:21 - [MESSAGE][PASSED] - Object 'Object Repository/CERTPAY_GENERICSTI/Payment_Details_Verification_Page/NEXT' is clickable

2020-01-30 18:48:26 - [MESSAGE][PASSED] - Object: 'Object Repository/CERTPAY_GENERICSTI/Payment_Details_Verification_Page/NEXT' is clicked on

2020-01-30 18:48:26 - [MESSAGE][PASSED] - GenericSTI_DifferentCardType.ts:Clicked on the Process payment]]></system-out>
         <system-err><![CDATA[]]></system-err>
      </testcase>
      <system-out><![CDATA[2020-01-30 18:46:09 - [TEST_SUITE][PASSED] - GenericSTI_DifferentCardType: Test Cases/Certpay_GenericSTI/CardTypes_SingleLinePayment/TC_004_SingleLinePayment_AMX]]></system-out>
      <system-err><![CDATA[]]></system-err>
   </testsuite>
</testsuites>
